[2026-04-22 10:00:01] 시작
  업로드: 2026-04-22.md
  업로드: 2026-04-22-1000.md
  업로드: 2026-04-22-0800.md
  업로드: 2026-04-22-0900.md
  업로드: 2026-04-22-0930.md
  업로드: vault-키움API-정상동작-가이드.md
[2026-04-22 10:00:07] 완료
[2026-04-22 12:00:01] 시작
  업로드: 2026-04-22-1024.md
  업로드: 2026-04-22-1200.md
  업로드: 2026-04-22-1100.md
  업로드: 2026-04-22-1006.md
  업로드: 2026-04-22-1000.md
  업로드: 2026-04-22-1052.md
  업로드: vault-classify_2026-04-22_1000.md
[2026-04-22 12:00:08] 완료
[2026-04-22 14:00:01] 시작
  업로드: 2026-04-22-api-keys.md
  업로드: 2026-04-22-1200.md
  업로드: 2026-04-22-1300.md
  업로드: 2026-04-22.md
  업로드: 2026-04-22-1400.md
  업로드: vault-classify_2026-04-22_1200.md
[2026-04-22 14:00:07] 완료
[2026-04-22 16:00:01] 시작
  업로드: 2026-04-22-1600.md
  업로드: 2026-04-22.md
  업로드: 2026-04-22-1500.md
  업로드: 2026-04-22-1400.md
  업로드: vault-classify_2026-04-22_1400.md
[2026-04-22 16:00:06] 완료
