[2026-05-05 20:18:46] 📥 Wiki 인제스트 시작
[2026-05-05 20:18:46] 📁 처리 대상: 2개 파일

[2026-05-05 20:18:46] 📄 처리 중: 2026-05-05-201824-테스트-NotebookLM-에이전트.txt
[2026-05-05 20:18:46] ✨ 새 문서 생성: 2026-05-05-201824-테스트-NotebookLM-에이전트.md

[2026-05-05 20:18:46] 📄 처리 중: 2026-05-05-201844-테스트-NotebookLM-파이프라인.txt
[2026-05-05 20:18:46] ✨ 새 문서 생성: 2026-05-05-201844-테스트-NotebookLM-파이프라인.md

[2026-05-05 20:18:46] 📋 인덱스 업데이트 중...

[2026-05-05 20:18:46] ✅ Wiki 인제스트 완료!
   📄 새 문서: 2
   🔄 업데이트: 0
   📊 총 문서: 27
[2026-05-05 22:46:13] 📥 Wiki 인제스트 시작
[2026-05-05 22:46:13] 📁 처리 대상: 2개 파일

[2026-05-05 22:46:13] 📄 처리 중: 2026-05-05-201824-테스트-NotebookLM-에이전트.txt
[2026-05-05 22:46:13] 🔄 기존 문서 업데이트: 2026-05-05-201824-테스트-NotebookLM-에이전트.md

[2026-05-05 22:46:13] 📄 처리 중: 2026-05-05-201844-테스트-NotebookLM-파이프라인.txt
[2026-05-05 22:46:13] 🔄 기존 문서 업데이트: 2026-05-05-201844-테스트-NotebookLM-파이프라인.md

[2026-05-05 22:46:13] 📋 인덱스 업데이트 중...

[2026-05-05 22:46:13] ✅ Wiki 인제스트 완료!
   📄 새 문서: 0
   🔄 업데이트: 2
   📊 총 문서: 27
