
[0;34m[2026-05-01 00:00:33] [INFO] ==========================================[0m
[0;34m[2026-05-01 00:00:33] [INFO]   GitHub Wiki AI Sync 시작[0m
[0;34m[2026-05-01 00:00:33] [INFO] ==========================================[0m

[1;33m[2026-05-01 00:00:33] [WARN] ⚠️ DRY-RUN 모드: 실제 변경 없음[0m

[0;34m[2026-05-01 00:00:33] [INFO] === 사전 检查 시작 ===[0m
[0;34m[2026-05-01 00:00:33] [INFO] === 로컬 변경사항 检查 ===[0m
[1;33m[2026-05-01 00:00:33] [WARN] 로컬에 저장되지 않은 변경사항 있음[0m
 M "06-Wiki-\354\213\234\354\212\244\355\205\234/Logs/2026-04-30-sync.log"
 M "06-Wiki-\354\213\234\354\212\244\355\205\234/Wiki/2026-04-29-OpenCode-Hermes-\354\227\260\353\217\231-\352\262\200\355\206\240.md"
 M "06-Wiki-\354\213\234\354\212\244\355\205\234/Wiki/\354\235\270\353\215\261\354\212\244.md"
?? "06-Wiki-\354\213\234\354\212\244\355\205\234/Logs/2026-05-01-sync.log"
[1;33m[2026-05-01 00:00:33] [WARN] Dry-run 모드: 계속 진행[0m

[0;34m[2026-05-01 00:00:33] [INFO] === GitHub에서 변경사항 가져오기 ===[0m
https://github.com/comage9/obsidian-vault URL에서
 * branch            main       -> FETCH_HEAD
[0;34m[2026-05-01 00:00:33] [INFO] 로컬:  da2c91c106b06629b3d17f899cb7602793a5e13b[0m
[0;34m[2026-05-01 00:00:33] [INFO] 원격:  da2c91c106b06629b3d17f899cb7602793a5e13b[0m
[0;32m[2026-05-01 00:00:33] [OK] 동기화 상태 - 변경사항 없음 ✓[0m

[0;34m[2026-05-01 00:00:33] [INFO] 동기화 종료[0m

[0;34m[2026-05-01 01:01:01] [INFO] ==========================================[0m
[0;34m[2026-05-01 01:01:01] [INFO]   GitHub Wiki AI Sync 시작[0m
[0;34m[2026-05-01 01:01:01] [INFO] ==========================================[0m

[1;33m[2026-05-01 01:01:01] [WARN] ⚠️ DRY-RUN 모드: 실제 변경 없음[0m

[0;34m[2026-05-01 01:01:01] [INFO] === 사전 检查 시작 ===[0m
[0;34m[2026-05-01 01:01:01] [INFO] === 로컬 변경사항 检查 ===[0m
[1;33m[2026-05-01 01:01:01] [WARN] 로컬에 저장되지 않은 변경사항 있음[0m
 M "06-Wiki-\354\213\234\354\212\244\355\205\234/Logs/2026-04-30-sync.log"
 M "06-Wiki-\354\213\234\354\212\244\355\205\234/Wiki/2026-04-29-OpenCode-Hermes-\354\227\260\353\217\231-\352\262\200\355\206\240.md"
 M "06-Wiki-\354\213\234\354\212\244\355\205\234/Wiki/\354\235\270\353\215\261\354\212\244.md"
?? "06-Wiki-\354\213\234\354\212\244\355\205\234/Logs/2026-05-01-sync.log"
[1;33m[2026-05-01 01:01:01] [WARN] Dry-run 모드: 계속 진행[0m

[0;34m[2026-05-01 01:01:01] [INFO] === GitHub에서 변경사항 가져오기 ===[0m
https://github.com/comage9/obsidian-vault URL에서
 * branch            main       -> FETCH_HEAD
[0;34m[2026-05-01 01:01:01] [INFO] 로컬:  da2c91c106b06629b3d17f899cb7602793a5e13b[0m
[0;34m[2026-05-01 01:01:01] [INFO] 원격:  da2c91c106b06629b3d17f899cb7602793a5e13b[0m
[0;32m[2026-05-01 01:01:01] [OK] 동기화 상태 - 변경사항 없음 ✓[0m

[0;34m[2026-05-01 01:01:01] [INFO] 동기화 종료[0m

[0;34m[2026-05-01 02:00:31] [INFO] ==========================================[0m
[0;34m[2026-05-01 02:00:31] [INFO]   GitHub Wiki AI Sync 시작[0m
[0;34m[2026-05-01 02:00:31] [INFO] ==========================================[0m

[1;33m[2026-05-01 02:00:31] [WARN] ⚠️ DRY-RUN 모드: 실제 변경 없음[0m

[0;34m[2026-05-01 02:00:31] [INFO] === 사전 检查 시작 ===[0m
[0;34m[2026-05-01 02:00:31] [INFO] === 로컬 변경사항 检查 ===[0m
[1;33m[2026-05-01 02:00:31] [WARN] 로컬에 저장되지 않은 변경사항 있음[0m
 M "06-Wiki-\354\213\234\354\212\244\355\205\234/Logs/2026-04-30-sync.log"
 M "06-Wiki-\354\213\234\354\212\244\355\205\234/Wiki/2026-04-29-OpenCode-Hermes-\354\227\260\353\217\231-\352\262\200\355\206\240.md"
 M "06-Wiki-\354\213\234\354\212\244\355\205\234/Wiki/\354\235\270\353\215\261\354\212\244.md"
?? "06-Wiki-\354\213\234\354\212\244\355\205\234/Logs/2026-05-01-sync.log"
[1;33m[2026-05-01 02:00:31] [WARN] Dry-run 모드: 계속 진행[0m

[0;34m[2026-05-01 02:00:31] [INFO] === GitHub에서 변경사항 가져오기 ===[0m
https://github.com/comage9/obsidian-vault URL에서
 * branch            main       -> FETCH_HEAD
[0;34m[2026-05-01 02:00:31] [INFO] 로컬:  da2c91c106b06629b3d17f899cb7602793a5e13b[0m
[0;34m[2026-05-01 02:00:31] [INFO] 원격:  da2c91c106b06629b3d17f899cb7602793a5e13b[0m
[0;32m[2026-05-01 02:00:31] [OK] 동기화 상태 - 변경사항 없음 ✓[0m

[0;34m[2026-05-01 02:00:31] [INFO] 동기화 종료[0m

[0;34m[2026-05-01 03:00:52] [INFO] ==========================================[0m
[0;34m[2026-05-01 03:00:52] [INFO]   GitHub Wiki AI Sync 시작[0m
[0;34m[2026-05-01 03:00:52] [INFO] ==========================================[0m

[1;33m[2026-05-01 03:00:52] [WARN] ⚠️ DRY-RUN 모드: 실제 변경 없음[0m

[0;34m[2026-05-01 03:00:52] [INFO] === 사전 检查 시작 ===[0m
[0;34m[2026-05-01 03:00:52] [INFO] === 로컬 변경사항 检查 ===[0m
[1;33m[2026-05-01 03:00:52] [WARN] 로컬에 저장되지 않은 변경사항 있음[0m
 M "06-Wiki-\354\213\234\354\212\244\355\205\234/Logs/2026-04-30-sync.log"
 M "06-Wiki-\354\213\234\354\212\244\355\205\234/Wiki/2026-04-29-OpenCode-Hermes-\354\227\260\353\217\231-\352\262\200\355\206\240.md"
 M "06-Wiki-\354\213\234\354\212\244\355\205\234/Wiki/\354\235\270\353\215\261\354\212\244.md"
?? "06-Wiki-\354\213\234\354\212\244\355\205\234/Logs/2026-05-01-sync.log"
[1;33m[2026-05-01 03:00:52] [WARN] Dry-run 모드: 계속 진행[0m

[0;34m[2026-05-01 03:00:52] [INFO] === GitHub에서 변경사항 가져오기 ===[0m
https://github.com/comage9/obsidian-vault URL에서
 * branch            main       -> FETCH_HEAD
[0;34m[2026-05-01 03:00:52] [INFO] 로컬:  da2c91c106b06629b3d17f899cb7602793a5e13b[0m
[0;34m[2026-05-01 03:00:52] [INFO] 원격:  da2c91c106b06629b3d17f899cb7602793a5e13b[0m
[0;32m[2026-05-01 03:00:52] [OK] 동기화 상태 - 변경사항 없음 ✓[0m

[0;34m[2026-05-01 03:00:52] [INFO] 동기화 종료[0m

[0;34m[2026-05-01 04:00:08] [INFO] ==========================================[0m
[0;34m[2026-05-01 04:00:08] [INFO]   GitHub Wiki AI Sync 시작[0m
[0;34m[2026-05-01 04:00:08] [INFO] ==========================================[0m

[1;33m[2026-05-01 04:00:08] [WARN] ⚠️ DRY-RUN 모드: 실제 변경 없음[0m

[0;34m[2026-05-01 04:00:08] [INFO] === 사전 检查 시작 ===[0m
[0;34m[2026-05-01 04:00:08] [INFO] === 로컬 변경사항 检查 ===[0m
[1;33m[2026-05-01 04:00:08] [WARN] 로컬에 저장되지 않은 변경사항 있음[0m
 M "06-Wiki-\354\213\234\354\212\244\355\205\234/Logs/2026-04-30-sync.log"
 M "06-Wiki-\354\213\234\354\212\244\355\205\234/Wiki/2026-04-29-OpenCode-Hermes-\354\227\260\353\217\231-\352\262\200\355\206\240.md"
 M "06-Wiki-\354\213\234\354\212\244\355\205\234/Wiki/\354\235\270\353\215\261\354\212\244.md"
?? "06-Wiki-\354\213\234\354\212\244\355\205\234/Logs/2026-05-01-sync.log"
[1;33m[2026-05-01 04:00:08] [WARN] Dry-run 모드: 계속 진행[0m

[0;34m[2026-05-01 04:00:08] [INFO] === GitHub에서 변경사항 가져오기 ===[0m
https://github.com/comage9/obsidian-vault URL에서
 * branch            main       -> FETCH_HEAD
[0;34m[2026-05-01 04:00:08] [INFO] 로컬:  da2c91c106b06629b3d17f899cb7602793a5e13b[0m
[0;34m[2026-05-01 04:00:08] [INFO] 원격:  da2c91c106b06629b3d17f899cb7602793a5e13b[0m
[0;32m[2026-05-01 04:00:08] [OK] 동기화 상태 - 변경사항 없음 ✓[0m

[0;34m[2026-05-01 04:00:08] [INFO] 동기화 종료[0m

[0;34m[2026-05-01 05:00:27] [INFO] ==========================================[0m
[0;34m[2026-05-01 05:00:27] [INFO]   GitHub Wiki AI Sync 시작[0m
[0;34m[2026-05-01 05:00:27] [INFO] ==========================================[0m

[1;33m[2026-05-01 05:00:27] [WARN] ⚠️ DRY-RUN 모드: 실제 변경 없음[0m

[0;34m[2026-05-01 05:00:27] [INFO] === 사전 检查 시작 ===[0m
[0;34m[2026-05-01 05:00:27] [INFO] === 로컬 변경사항 检查 ===[0m
[1;33m[2026-05-01 05:00:27] [WARN] 로컬에 저장되지 않은 변경사항 있음[0m
 M "06-Wiki-\354\213\234\354\212\244\355\205\234/Logs/2026-04-30-sync.log"
 M "06-Wiki-\354\213\234\354\212\244\355\205\234/Wiki/2026-04-29-OpenCode-Hermes-\354\227\260\353\217\231-\352\262\200\355\206\240.md"
 M "06-Wiki-\354\213\234\354\212\244\355\205\234/Wiki/\354\235\270\353\215\261\354\212\244.md"
?? "06-Wiki-\354\213\234\354\212\244\355\205\234/Logs/2026-05-01-sync.log"
[1;33m[2026-05-01 05:00:27] [WARN] Dry-run 모드: 계속 진행[0m

[0;34m[2026-05-01 05:00:27] [INFO] === GitHub에서 변경사항 가져오기 ===[0m
https://github.com/comage9/obsidian-vault URL에서
 * branch            main       -> FETCH_HEAD
[0;34m[2026-05-01 05:00:27] [INFO] 로컬:  da2c91c106b06629b3d17f899cb7602793a5e13b[0m
[0;34m[2026-05-01 05:00:27] [INFO] 원격:  da2c91c106b06629b3d17f899cb7602793a5e13b[0m
[0;32m[2026-05-01 05:00:27] [OK] 동기화 상태 - 변경사항 없음 ✓[0m

[0;34m[2026-05-01 05:00:27] [INFO] 동기화 종료[0m

[0;34m[2026-05-01 06:00:50] [INFO] ==========================================[0m
[0;34m[2026-05-01 06:00:50] [INFO]   GitHub Wiki AI Sync 시작[0m
[0;34m[2026-05-01 06:00:50] [INFO] ==========================================[0m

[1;33m[2026-05-01 06:00:50] [WARN] ⚠️ DRY-RUN 모드: 실제 변경 없음[0m

[0;34m[2026-05-01 06:00:50] [INFO] === 사전 检查 시작 ===[0m
[0;34m[2026-05-01 06:00:50] [INFO] === 로컬 변경사항 检查 ===[0m
[1;33m[2026-05-01 06:00:50] [WARN] 로컬에 저장되지 않은 변경사항 있음[0m
 M "06-Wiki-\354\213\234\354\212\244\355\205\234/Logs/2026-04-30-sync.log"
 M "06-Wiki-\354\213\234\354\212\244\355\205\234/Wiki/2026-04-29-OpenCode-Hermes-\354\227\260\353\217\231-\352\262\200\355\206\240.md"
 M "06-Wiki-\354\213\234\354\212\244\355\205\234/Wiki/\354\235\270\353\215\261\354\212\244.md"
?? "06-Wiki-\354\213\234\354\212\244\355\205\234/Logs/2026-05-01-sync.log"
[1;33m[2026-05-01 06:00:50] [WARN] Dry-run 모드: 계속 진행[0m

[0;34m[2026-05-01 06:00:50] [INFO] === GitHub에서 변경사항 가져오기 ===[0m
https://github.com/comage9/obsidian-vault URL에서
 * branch            main       -> FETCH_HEAD
[0;34m[2026-05-01 06:00:50] [INFO] 로컬:  da2c91c106b06629b3d17f899cb7602793a5e13b[0m
[0;34m[2026-05-01 06:00:50] [INFO] 원격:  da2c91c106b06629b3d17f899cb7602793a5e13b[0m
[0;32m[2026-05-01 06:00:50] [OK] 동기화 상태 - 변경사항 없음 ✓[0m

[0;34m[2026-05-01 06:00:50] [INFO] 동기화 종료[0m

[0;34m[2026-05-01 07:00:12] [INFO] ==========================================[0m
[0;34m[2026-05-01 07:00:12] [INFO]   GitHub Wiki AI Sync 시작[0m
[0;34m[2026-05-01 07:00:12] [INFO] ==========================================[0m

[1;33m[2026-05-01 07:00:12] [WARN] ⚠️ DRY-RUN 모드: 실제 변경 없음[0m

[0;34m[2026-05-01 07:00:12] [INFO] === 사전 检查 시작 ===[0m
[0;34m[2026-05-01 07:00:12] [INFO] === 로컬 변경사항 检查 ===[0m
[1;33m[2026-05-01 07:00:12] [WARN] 로컬에 저장되지 않은 변경사항 있음[0m
 M "06-Wiki-\354\213\234\354\212\244\355\205\234/Logs/2026-04-30-sync.log"
 M "06-Wiki-\354\213\234\354\212\244\355\205\234/Wiki/2026-04-29-OpenCode-Hermes-\354\227\260\353\217\231-\352\262\200\355\206\240.md"
 M "06-Wiki-\354\213\234\354\212\244\355\205\234/Wiki/\354\235\270\353\215\261\354\212\244.md"
?? "06-Wiki-\354\213\234\354\212\244\355\205\234/Logs/2026-05-01-sync.log"
[1;33m[2026-05-01 07:00:12] [WARN] Dry-run 모드: 계속 진행[0m

[0;34m[2026-05-01 07:00:12] [INFO] === GitHub에서 변경사항 가져오기 ===[0m
https://github.com/comage9/obsidian-vault URL에서
 * branch            main       -> FETCH_HEAD
[0;34m[2026-05-01 07:00:12] [INFO] 로컬:  da2c91c106b06629b3d17f899cb7602793a5e13b[0m
[0;34m[2026-05-01 07:00:12] [INFO] 원격:  da2c91c106b06629b3d17f899cb7602793a5e13b[0m
[0;32m[2026-05-01 07:00:12] [OK] 동기화 상태 - 변경사항 없음 ✓[0m

[0;34m[2026-05-01 07:00:12] [INFO] 동기화 종료[0m

[0;34m[2026-05-01 08:00:29] [INFO] ==========================================[0m
[0;34m[2026-05-01 08:00:29] [INFO]   GitHub Wiki AI Sync 시작[0m
[0;34m[2026-05-01 08:00:29] [INFO] ==========================================[0m

[1;33m[2026-05-01 08:00:29] [WARN] ⚠️ DRY-RUN 모드: 실제 변경 없음[0m

[0;34m[2026-05-01 08:00:29] [INFO] === 사전 检查 시작 ===[0m
[0;34m[2026-05-01 08:00:29] [INFO] === 로컬 변경사항 检查 ===[0m
[1;33m[2026-05-01 08:00:29] [WARN] 로컬에 저장되지 않은 변경사항 있음[0m
 M "06-Wiki-\354\213\234\354\212\244\355\205\234/Logs/2026-04-30-sync.log"
 M "06-Wiki-\354\213\234\354\212\244\355\205\234/Wiki/2026-04-29-OpenCode-Hermes-\354\227\260\353\217\231-\352\262\200\355\206\240.md"
 M "06-Wiki-\354\213\234\354\212\244\355\205\234/Wiki/\354\235\270\353\215\261\354\212\244.md"
?? "06-Wiki-\354\213\234\354\212\244\355\205\234/Logs/2026-05-01-sync.log"
[1;33m[2026-05-01 08:00:29] [WARN] Dry-run 모드: 계속 진행[0m

[0;34m[2026-05-01 08:00:29] [INFO] === GitHub에서 변경사항 가져오기 ===[0m
https://github.com/comage9/obsidian-vault URL에서
 * branch            main       -> FETCH_HEAD
[0;34m[2026-05-01 08:00:29] [INFO] 로컬:  da2c91c106b06629b3d17f899cb7602793a5e13b[0m
[0;34m[2026-05-01 08:00:29] [INFO] 원격:  da2c91c106b06629b3d17f899cb7602793a5e13b[0m
[0;32m[2026-05-01 08:00:29] [OK] 동기화 상태 - 변경사항 없음 ✓[0m

[0;34m[2026-05-01 08:00:29] [INFO] 동기화 종료[0m

[0;34m[2026-05-01 09:00:14] [INFO] ==========================================[0m
[0;34m[2026-05-01 09:00:14] [INFO]   GitHub Wiki AI Sync 시작[0m
[0;34m[2026-05-01 09:00:14] [INFO] ==========================================[0m

[1;33m[2026-05-01 09:00:14] [WARN] ⚠️ DRY-RUN 모드: 실제 변경 없음[0m

[0;34m[2026-05-01 09:00:14] [INFO] === 사전 检查 시작 ===[0m
[0;34m[2026-05-01 09:00:14] [INFO] === 로컬 변경사항 检查 ===[0m
[1;33m[2026-05-01 09:00:14] [WARN] 로컬에 저장되지 않은 변경사항 있음[0m
 M "06-Wiki-\354\213\234\354\212\244\355\205\234/Logs/2026-04-30-sync.log"
 M "06-Wiki-\354\213\234\354\212\244\355\205\234/Wiki/2026-04-29-OpenCode-Hermes-\354\227\260\353\217\231-\352\262\200\355\206\240.md"
 M "06-Wiki-\354\213\234\354\212\244\355\205\234/Wiki/\354\235\270\353\215\261\354\212\244.md"
?? "06-Wiki-\354\213\234\354\212\244\355\205\234/Logs/2026-05-01-sync.log"
[1;33m[2026-05-01 09:00:14] [WARN] Dry-run 모드: 계속 진행[0m

[0;34m[2026-05-01 09:00:14] [INFO] === GitHub에서 변경사항 가져오기 ===[0m
https://github.com/comage9/obsidian-vault URL에서
 * branch            main       -> FETCH_HEAD
[0;34m[2026-05-01 09:00:14] [INFO] 로컬:  da2c91c106b06629b3d17f899cb7602793a5e13b[0m
[0;34m[2026-05-01 09:00:14] [INFO] 원격:  da2c91c106b06629b3d17f899cb7602793a5e13b[0m
[0;32m[2026-05-01 09:00:14] [OK] 동기화 상태 - 변경사항 없음 ✓[0m

[0;34m[2026-05-01 09:00:14] [INFO] 동기화 종료[0m

[0;34m[2026-05-01 10:01:09] [INFO] ==========================================[0m
[0;34m[2026-05-01 10:01:09] [INFO]   GitHub Wiki AI Sync 시작[0m
[0;34m[2026-05-01 10:01:09] [INFO] ==========================================[0m

[1;33m[2026-05-01 10:01:09] [WARN] ⚠️ DRY-RUN 모드: 실제 변경 없음[0m

[0;34m[2026-05-01 10:01:09] [INFO] === 사전 检查 시작 ===[0m
[0;34m[2026-05-01 10:01:09] [INFO] === 로컬 변경사항 检查 ===[0m
[1;33m[2026-05-01 10:01:09] [WARN] 로컬에 저장되지 않은 변경사항 있음[0m
 M "06-Wiki-\354\213\234\354\212\244\355\205\234/Logs/2026-04-30-sync.log"
 D "06-Wiki-\354\213\234\354\212\244\355\205\234/Raw/\354\203\235\354\202\260-\352\263\204\355\232\215-\353\251\224\353\252\250-20260430.md"
 M "06-Wiki-\354\213\234\354\212\244\355\205\234/Wiki/2026-04-29-OpenCode-Hermes-\354\227\260\353\217\231-\352\262\200\355\206\240.md"
 M "06-Wiki-\354\213\234\354\212\244\355\205\234/Wiki/\354\235\270\353\215\261\354\212\244.md"
?? "06-Wiki-\354\213\234\354\212\244\355\205\234/Archived/2026-05/"
?? "06-Wiki-\354\213\234\354\212\244\355\205\234/Logs/2026-05-01-sync.log"
?? "06-Wiki-\354\213\234\354\212\244\355\205\234/Logs/2026-05-01-\354\235\270\354\240\234\354\212\244\355\212\270.log"
?? "06-Wiki-\354\213\234\354\212\244\355\205\234/Wiki/2026-05-01-\354\203\235\354\202\260-\352\263\204\355\232\215-\353\251\224\353\252\250-20260430.md"
[1;33m[2026-05-01 10:01:09] [WARN] Dry-run 모드: 계속 진행[0m

[0;34m[2026-05-01 10:01:09] [INFO] === GitHub에서 변경사항 가져오기 ===[0m
https://github.com/comage9/obsidian-vault URL에서
 * branch            main       -> FETCH_HEAD
[0;34m[2026-05-01 10:01:09] [INFO] 로컬:  da2c91c106b06629b3d17f899cb7602793a5e13b[0m
[0;34m[2026-05-01 10:01:09] [INFO] 원격:  da2c91c106b06629b3d17f899cb7602793a5e13b[0m
[0;32m[2026-05-01 10:01:09] [OK] 동기화 상태 - 변경사항 없음 ✓[0m

[0;34m[2026-05-01 10:01:09] [INFO] 동기화 종료[0m

[0;34m[2026-05-01 11:00:58] [INFO] ==========================================[0m
[0;34m[2026-05-01 11:00:58] [INFO]   GitHub Wiki AI Sync 시작[0m
[0;34m[2026-05-01 11:00:58] [INFO] ==========================================[0m

[1;33m[2026-05-01 11:00:58] [WARN] ⚠️ DRY-RUN 모드: 실제 변경 없음[0m

[0;34m[2026-05-01 11:00:58] [INFO] === 사전 检查 시작 ===[0m
[0;34m[2026-05-01 11:00:58] [INFO] === 로컬 변경사항 检查 ===[0m
[1;33m[2026-05-01 11:00:58] [WARN] 로컬에 저장되지 않은 변경사항 있음[0m
 M "06-Wiki-\354\213\234\354\212\244\355\205\234/Logs/2026-04-30-sync.log"
 D "06-Wiki-\354\213\234\354\212\244\355\205\234/Raw/\354\203\235\354\202\260-\352\263\204\355\232\215-\353\251\224\353\252\250-20260430.md"
 M "06-Wiki-\354\213\234\354\212\244\355\205\234/Wiki/2026-04-29-OpenCode-Hermes-\354\227\260\353\217\231-\352\262\200\355\206\240.md"
 M "06-Wiki-\354\213\234\354\212\244\355\205\234/Wiki/\354\235\270\353\215\261\354\212\244.md"
?? "06-Wiki-\354\213\234\354\212\244\355\205\234/Archived/2026-05/"
?? "06-Wiki-\354\213\234\354\212\244\355\205\234/Logs/2026-05-01-sync.log"
?? "06-Wiki-\354\213\234\354\212\244\355\205\234/Logs/2026-05-01-\354\235\270\354\240\234\354\212\244\355\212\270.log"
?? "06-Wiki-\354\213\234\354\212\244\355\205\234/Wiki/2026-05-01-\354\203\235\354\202\260-\352\263\204\355\232\215-\353\251\224\353\252\250-20260430.md"
[1;33m[2026-05-01 11:00:58] [WARN] Dry-run 모드: 계속 진행[0m

[0;34m[2026-05-01 11:00:58] [INFO] === GitHub에서 변경사항 가져오기 ===[0m
https://github.com/comage9/obsidian-vault URL에서
 * branch            main       -> FETCH_HEAD
[0;34m[2026-05-01 11:00:58] [INFO] 로컬:  da2c91c106b06629b3d17f899cb7602793a5e13b[0m
[0;34m[2026-05-01 11:00:58] [INFO] 원격:  da2c91c106b06629b3d17f899cb7602793a5e13b[0m
[0;32m[2026-05-01 11:00:58] [OK] 동기화 상태 - 변경사항 없음 ✓[0m

[0;34m[2026-05-01 11:00:58] [INFO] 동기화 종료[0m

[0;34m[2026-05-01 12:00:31] [INFO] ==========================================[0m
[0;34m[2026-05-01 12:00:31] [INFO]   GitHub Wiki AI Sync 시작[0m
[0;34m[2026-05-01 12:00:31] [INFO] ==========================================[0m

[1;33m[2026-05-01 12:00:31] [WARN] ⚠️ DRY-RUN 모드: 실제 변경 없음[0m

[0;34m[2026-05-01 12:00:31] [INFO] === 사전 检查 시작 ===[0m
[0;34m[2026-05-01 12:00:31] [INFO] === 로컬 변경사항 检查 ===[0m
[1;33m[2026-05-01 12:00:31] [WARN] 로컬에 저장되지 않은 변경사항 있음[0m
 M "06-Wiki-\354\213\234\354\212\244\355\205\234/Logs/2026-04-30-sync.log"
 D "06-Wiki-\354\213\234\354\212\244\355\205\234/Raw/\354\203\235\354\202\260-\352\263\204\355\232\215-\353\251\224\353\252\250-20260430.md"
 M "06-Wiki-\354\213\234\354\212\244\355\205\234/Wiki/2026-04-29-OpenCode-Hermes-\354\227\260\353\217\231-\352\262\200\355\206\240.md"
 M "06-Wiki-\354\213\234\354\212\244\355\205\234/Wiki/\354\235\270\353\215\261\354\212\244.md"
?? "06-Wiki-\354\213\234\354\212\244\355\205\234/Archived/2026-05/"
?? "06-Wiki-\354\213\234\354\212\244\355\205\234/Logs/2026-05-01-sync.log"
?? "06-Wiki-\354\213\234\354\212\244\355\205\234/Logs/2026-05-01-\354\235\270\354\240\234\354\212\244\355\212\270.log"
?? "06-Wiki-\354\213\234\354\212\244\355\205\234/Wiki/2026-05-01-\354\203\235\354\202\260-\352\263\204\355\232\215-\353\251\224\353\252\250-20260430.md"
[1;33m[2026-05-01 12:00:31] [WARN] Dry-run 모드: 계속 진행[0m

[0;34m[2026-05-01 12:00:31] [INFO] === GitHub에서 변경사항 가져오기 ===[0m
https://github.com/comage9/obsidian-vault URL에서
 * branch            main       -> FETCH_HEAD
[0;34m[2026-05-01 12:00:31] [INFO] 로컬:  da2c91c106b06629b3d17f899cb7602793a5e13b[0m
[0;34m[2026-05-01 12:00:31] [INFO] 원격:  da2c91c106b06629b3d17f899cb7602793a5e13b[0m
[0;32m[2026-05-01 12:00:31] [OK] 동기화 상태 - 변경사항 없음 ✓[0m

[0;34m[2026-05-01 12:00:31] [INFO] 동기화 종료[0m

[0;34m[2026-05-01 13:00:50] [INFO] ==========================================[0m
[0;34m[2026-05-01 13:00:50] [INFO]   GitHub Wiki AI Sync 시작[0m
[0;34m[2026-05-01 13:00:50] [INFO] ==========================================[0m

[1;33m[2026-05-01 13:00:50] [WARN] ⚠️ DRY-RUN 모드: 실제 변경 없음[0m

[0;34m[2026-05-01 13:00:50] [INFO] === 사전 检查 시작 ===[0m
[0;34m[2026-05-01 13:00:50] [INFO] === 로컬 변경사항 检查 ===[0m
[1;33m[2026-05-01 13:00:50] [WARN] 로컬에 저장되지 않은 변경사항 있음[0m
 M "06-Wiki-\354\213\234\354\212\244\355\205\234/Logs/2026-04-30-sync.log"
 D "06-Wiki-\354\213\234\354\212\244\355\205\234/Raw/\354\203\235\354\202\260-\352\263\204\355\232\215-\353\251\224\353\252\250-20260430.md"
 M "06-Wiki-\354\213\234\354\212\244\355\205\234/Wiki/2026-04-29-OpenCode-Hermes-\354\227\260\353\217\231-\352\262\200\355\206\240.md"
 M "06-Wiki-\354\213\234\354\212\244\355\205\234/Wiki/\354\235\270\353\215\261\354\212\244.md"
?? "06-Wiki-\354\213\234\354\212\244\355\205\234/Archived/2026-05/"
?? "06-Wiki-\354\213\234\354\212\244\355\205\234/Logs/2026-05-01-sync.log"
?? "06-Wiki-\354\213\234\354\212\244\355\205\234/Logs/2026-05-01-\354\235\270\354\240\234\354\212\244\355\212\270.log"
?? "06-Wiki-\354\213\234\354\212\244\355\205\234/Wiki/2026-05-01-\354\203\235\354\202\260-\352\263\204\355\232\215-\353\251\224\353\252\250-20260430.md"
[1;33m[2026-05-01 13:00:50] [WARN] Dry-run 모드: 계속 진행[0m

[0;34m[2026-05-01 13:00:50] [INFO] === GitHub에서 변경사항 가져오기 ===[0m
https://github.com/comage9/obsidian-vault URL에서
 * branch            main       -> FETCH_HEAD
[0;34m[2026-05-01 13:00:50] [INFO] 로컬:  da2c91c106b06629b3d17f899cb7602793a5e13b[0m
[0;34m[2026-05-01 13:00:50] [INFO] 원격:  da2c91c106b06629b3d17f899cb7602793a5e13b[0m
[0;32m[2026-05-01 13:00:50] [OK] 동기화 상태 - 변경사항 없음 ✓[0m

[0;34m[2026-05-01 13:00:50] [INFO] 동기화 종료[0m

[0;34m[2026-05-01 14:00:19] [INFO] ==========================================[0m
[0;34m[2026-05-01 14:00:19] [INFO]   GitHub Wiki AI Sync 시작[0m
[0;34m[2026-05-01 14:00:19] [INFO] ==========================================[0m

[1;33m[2026-05-01 14:00:19] [WARN] ⚠️ DRY-RUN 모드: 실제 변경 없음[0m

[0;34m[2026-05-01 14:00:19] [INFO] === 사전 检查 시작 ===[0m
[0;34m[2026-05-01 14:00:19] [INFO] === 로컬 변경사항 检查 ===[0m
[1;33m[2026-05-01 14:00:19] [WARN] 로컬에 저장되지 않은 변경사항 있음[0m
 M "06-Wiki-\354\213\234\354\212\244\355\205\234/Logs/2026-04-30-sync.log"
 D "06-Wiki-\354\213\234\354\212\244\355\205\234/Raw/\354\203\235\354\202\260-\352\263\204\355\232\215-\353\251\224\353\252\250-20260430.md"
 M "06-Wiki-\354\213\234\354\212\244\355\205\234/Wiki/2026-04-29-OpenCode-Hermes-\354\227\260\353\217\231-\352\262\200\355\206\240.md"
 M "06-Wiki-\354\213\234\354\212\244\355\205\234/Wiki/\354\235\270\353\215\261\354\212\244.md"
?? "06-Wiki-\354\213\234\354\212\244\355\205\234/Archived/2026-05/"
?? "06-Wiki-\354\213\234\354\212\244\355\205\234/Logs/2026-05-01-sync.log"
?? "06-Wiki-\354\213\234\354\212\244\355\205\234/Logs/2026-05-01-\354\235\270\354\240\234\354\212\244\355\212\270.log"
?? "06-Wiki-\354\213\234\354\212\244\355\205\234/Wiki/2026-05-01-\354\203\235\354\202\260-\352\263\204\355\232\215-\353\251\224\353\252\250-20260430.md"
[1;33m[2026-05-01 14:00:19] [WARN] Dry-run 모드: 계속 진행[0m

[0;34m[2026-05-01 14:00:19] [INFO] === GitHub에서 변경사항 가져오기 ===[0m
https://github.com/comage9/obsidian-vault URL에서
 * branch            main       -> FETCH_HEAD
[0;34m[2026-05-01 14:00:19] [INFO] 로컬:  da2c91c106b06629b3d17f899cb7602793a5e13b[0m
[0;34m[2026-05-01 14:00:19] [INFO] 원격:  da2c91c106b06629b3d17f899cb7602793a5e13b[0m
[0;32m[2026-05-01 14:00:19] [OK] 동기화 상태 - 변경사항 없음 ✓[0m

[0;34m[2026-05-01 14:00:19] [INFO] 동기화 종료[0m

[0;34m[2026-05-01 15:00:49] [INFO] ==========================================[0m
[0;34m[2026-05-01 15:00:49] [INFO]   GitHub Wiki AI Sync 시작[0m
[0;34m[2026-05-01 15:00:49] [INFO] ==========================================[0m

[1;33m[2026-05-01 15:00:49] [WARN] ⚠️ DRY-RUN 모드: 실제 변경 없음[0m

[0;34m[2026-05-01 15:00:49] [INFO] === 사전 检查 시작 ===[0m
[0;34m[2026-05-01 15:00:49] [INFO] === 로컬 변경사항 检查 ===[0m
[1;33m[2026-05-01 15:00:49] [WARN] 로컬에 저장되지 않은 변경사항 있음[0m
 M "06-Wiki-\354\213\234\354\212\244\355\205\234/Logs/2026-04-30-sync.log"
 D "06-Wiki-\354\213\234\354\212\244\355\205\234/Raw/\354\203\235\354\202\260-\352\263\204\355\232\215-\353\251\224\353\252\250-20260430.md"
 M "06-Wiki-\354\213\234\354\212\244\355\205\234/Wiki/2026-04-29-OpenCode-Hermes-\354\227\260\353\217\231-\352\262\200\355\206\240.md"
 M "06-Wiki-\354\213\234\354\212\244\355\205\234/Wiki/\354\235\270\353\215\261\354\212\244.md"
?? "06-Wiki-\354\213\234\354\212\244\355\205\234/Archived/2026-05/"
?? "06-Wiki-\354\213\234\354\212\244\355\205\234/Logs/2026-05-01-sync.log"
?? "06-Wiki-\354\213\234\354\212\244\355\205\234/Logs/2026-05-01-\354\235\270\354\240\234\354\212\244\355\212\270.log"
?? "06-Wiki-\354\213\234\354\212\244\355\205\234/Wiki/2026-05-01-\354\203\235\354\202\260-\352\263\204\355\232\215-\353\251\224\353\252\250-20260430.md"
[1;33m[2026-05-01 15:00:49] [WARN] Dry-run 모드: 계속 진행[0m

[0;34m[2026-05-01 15:00:49] [INFO] === GitHub에서 변경사항 가져오기 ===[0m
https://github.com/comage9/obsidian-vault URL에서
 * branch            main       -> FETCH_HEAD
[0;34m[2026-05-01 15:00:49] [INFO] 로컬:  da2c91c106b06629b3d17f899cb7602793a5e13b[0m
[0;34m[2026-05-01 15:00:49] [INFO] 원격:  da2c91c106b06629b3d17f899cb7602793a5e13b[0m
[0;32m[2026-05-01 15:00:49] [OK] 동기화 상태 - 변경사항 없음 ✓[0m

[0;34m[2026-05-01 15:00:49] [INFO] 동기화 종료[0m

[0;34m[2026-05-01 16:00:13] [INFO] ==========================================[0m
[0;34m[2026-05-01 16:00:13] [INFO]   GitHub Wiki AI Sync 시작[0m
[0;34m[2026-05-01 16:00:13] [INFO] ==========================================[0m

[1;33m[2026-05-01 16:00:13] [WARN] ⚠️ DRY-RUN 모드: 실제 변경 없음[0m

[0;34m[2026-05-01 16:00:13] [INFO] === 사전 检查 시작 ===[0m
[0;34m[2026-05-01 16:00:13] [INFO] === 로컬 변경사항 检查 ===[0m
[1;33m[2026-05-01 16:00:13] [WARN] 로컬에 저장되지 않은 변경사항 있음[0m
 M "06-Wiki-\354\213\234\354\212\244\355\205\234/Logs/2026-04-30-sync.log"
 D "06-Wiki-\354\213\234\354\212\244\355\205\234/Raw/\354\203\235\354\202\260-\352\263\204\355\232\215-\353\251\224\353\252\250-20260430.md"
 M "06-Wiki-\354\213\234\354\212\244\355\205\234/Wiki/2026-04-29-OpenCode-Hermes-\354\227\260\353\217\231-\352\262\200\355\206\240.md"
 M "06-Wiki-\354\213\234\354\212\244\355\205\234/Wiki/\354\235\270\353\215\261\354\212\244.md"
?? "06-Wiki-\354\213\234\354\212\244\355\205\234/Archived/2026-05/"
?? "06-Wiki-\354\213\234\354\212\244\355\205\234/Logs/2026-05-01-sync.log"
?? "06-Wiki-\354\213\234\354\212\244\355\205\234/Logs/2026-05-01-\354\235\270\354\240\234\354\212\244\355\212\270.log"
?? "06-Wiki-\354\213\234\354\212\244\355\205\234/Wiki/2026-05-01-\354\203\235\354\202\260-\352\263\204\355\232\215-\353\251\224\353\252\250-20260430.md"
[1;33m[2026-05-01 16:00:13] [WARN] Dry-run 모드: 계속 진행[0m

[0;34m[2026-05-01 16:00:13] [INFO] === GitHub에서 변경사항 가져오기 ===[0m
https://github.com/comage9/obsidian-vault URL에서
 * branch            main       -> FETCH_HEAD
[0;34m[2026-05-01 16:00:13] [INFO] 로컬:  da2c91c106b06629b3d17f899cb7602793a5e13b[0m
[0;34m[2026-05-01 16:00:13] [INFO] 원격:  da2c91c106b06629b3d17f899cb7602793a5e13b[0m
[0;32m[2026-05-01 16:00:13] [OK] 동기화 상태 - 변경사항 없음 ✓[0m

[0;34m[2026-05-01 16:00:13] [INFO] 동기화 종료[0m

[0;34m[2026-05-01 17:00:43] [INFO] ==========================================[0m
[0;34m[2026-05-01 17:00:43] [INFO]   GitHub Wiki AI Sync 시작[0m
[0;34m[2026-05-01 17:00:43] [INFO] ==========================================[0m

[1;33m[2026-05-01 17:00:43] [WARN] ⚠️ DRY-RUN 모드: 실제 변경 없음[0m

[0;34m[2026-05-01 17:00:43] [INFO] === 사전 检查 시작 ===[0m
[0;34m[2026-05-01 17:00:43] [INFO] === 로컬 변경사항 检查 ===[0m
[1;33m[2026-05-01 17:00:43] [WARN] 로컬에 저장되지 않은 변경사항 있음[0m
 M "06-Wiki-\354\213\234\354\212\244\355\205\234/Logs/2026-04-30-sync.log"
 D "06-Wiki-\354\213\234\354\212\244\355\205\234/Raw/\354\203\235\354\202\260-\352\263\204\355\232\215-\353\251\224\353\252\250-20260430.md"
 M "06-Wiki-\354\213\234\354\212\244\355\205\234/Wiki/2026-04-29-OpenCode-Hermes-\354\227\260\353\217\231-\352\262\200\355\206\240.md"
 M "06-Wiki-\354\213\234\354\212\244\355\205\234/Wiki/\354\235\270\353\215\261\354\212\244.md"
?? "06-Wiki-\354\213\234\354\212\244\355\205\234/Archived/2026-05/"
?? "06-Wiki-\354\213\234\354\212\244\355\205\234/Logs/2026-05-01-sync.log"
?? "06-Wiki-\354\213\234\354\212\244\355\205\234/Logs/2026-05-01-\354\235\270\354\240\234\354\212\244\355\212\270.log"
?? "06-Wiki-\354\213\234\354\212\244\355\205\234/Wiki/2026-05-01-\354\203\235\354\202\260-\352\263\204\355\232\215-\353\251\224\353\252\250-20260430.md"
[1;33m[2026-05-01 17:00:43] [WARN] Dry-run 모드: 계속 진행[0m

[0;34m[2026-05-01 17:00:43] [INFO] === GitHub에서 변경사항 가져오기 ===[0m
https://github.com/comage9/obsidian-vault URL에서
 * branch            main       -> FETCH_HEAD
[0;34m[2026-05-01 17:00:43] [INFO] 로컬:  da2c91c106b06629b3d17f899cb7602793a5e13b[0m
[0;34m[2026-05-01 17:00:43] [INFO] 원격:  da2c91c106b06629b3d17f899cb7602793a5e13b[0m
[0;32m[2026-05-01 17:00:43] [OK] 동기화 상태 - 변경사항 없음 ✓[0m

[0;34m[2026-05-01 17:00:43] [INFO] 동기화 종료[0m

[0;34m[2026-05-01 18:00:12] [INFO] ==========================================[0m
[0;34m[2026-05-01 18:00:12] [INFO]   GitHub Wiki AI Sync 시작[0m
[0;34m[2026-05-01 18:00:12] [INFO] ==========================================[0m

[1;33m[2026-05-01 18:00:12] [WARN] ⚠️ DRY-RUN 모드: 실제 변경 없음[0m

[0;34m[2026-05-01 18:00:12] [INFO] === 사전 检查 시작 ===[0m
[0;34m[2026-05-01 18:00:12] [INFO] === 로컬 변경사항 检查 ===[0m
[1;33m[2026-05-01 18:00:12] [WARN] 로컬에 저장되지 않은 변경사항 있음[0m
 M "06-Wiki-\354\213\234\354\212\244\355\205\234/Logs/2026-04-30-sync.log"
 D "06-Wiki-\354\213\234\354\212\244\355\205\234/Raw/\354\203\235\354\202\260-\352\263\204\355\232\215-\353\251\224\353\252\250-20260430.md"
 M "06-Wiki-\354\213\234\354\212\244\355\205\234/Wiki/2026-04-29-OpenCode-Hermes-\354\227\260\353\217\231-\352\262\200\355\206\240.md"
 M "06-Wiki-\354\213\234\354\212\244\355\205\234/Wiki/\354\235\270\353\215\261\354\212\244.md"
?? "06-Wiki-\354\213\234\354\212\244\355\205\234/Archived/2026-05/"
?? "06-Wiki-\354\213\234\354\212\244\355\205\234/Logs/2026-05-01-sync.log"
?? "06-Wiki-\354\213\234\354\212\244\355\205\234/Logs/2026-05-01-\354\235\270\354\240\234\354\212\244\355\212\270.log"
?? "06-Wiki-\354\213\234\354\212\244\355\205\234/Wiki/2026-05-01-\354\203\235\354\202\260-\352\263\204\355\232\215-\353\251\224\353\252\250-20260430.md"
[1;33m[2026-05-01 18:00:12] [WARN] Dry-run 모드: 계속 진행[0m

[0;34m[2026-05-01 18:00:12] [INFO] === GitHub에서 변경사항 가져오기 ===[0m
https://github.com/comage9/obsidian-vault URL에서
 * branch            main       -> FETCH_HEAD
[0;34m[2026-05-01 18:00:12] [INFO] 로컬:  da2c91c106b06629b3d17f899cb7602793a5e13b[0m
[0;34m[2026-05-01 18:00:12] [INFO] 원격:  da2c91c106b06629b3d17f899cb7602793a5e13b[0m
[0;32m[2026-05-01 18:00:12] [OK] 동기화 상태 - 변경사항 없음 ✓[0m

[0;34m[2026-05-01 18:00:12] [INFO] 동기화 종료[0m

[0;34m[2026-05-01 19:00:46] [INFO] ==========================================[0m
[0;34m[2026-05-01 19:00:46] [INFO]   GitHub Wiki AI Sync 시작[0m
[0;34m[2026-05-01 19:00:46] [INFO] ==========================================[0m

[1;33m[2026-05-01 19:00:46] [WARN] ⚠️ DRY-RUN 모드: 실제 변경 없음[0m

[0;34m[2026-05-01 19:00:46] [INFO] === 사전 检查 시작 ===[0m
[0;34m[2026-05-01 19:00:46] [INFO] === 로컬 변경사항 检查 ===[0m
[1;33m[2026-05-01 19:00:46] [WARN] 로컬에 저장되지 않은 변경사항 있음[0m
 M "06-Wiki-\354\213\234\354\212\244\355\205\234/Logs/2026-04-30-sync.log"
 D "06-Wiki-\354\213\234\354\212\244\355\205\234/Raw/\354\203\235\354\202\260-\352\263\204\355\232\215-\353\251\224\353\252\250-20260430.md"
 M "06-Wiki-\354\213\234\354\212\244\355\205\234/Wiki/2026-04-29-OpenCode-Hermes-\354\227\260\353\217\231-\352\262\200\355\206\240.md"
 M "06-Wiki-\354\213\234\354\212\244\355\205\234/Wiki/\354\235\270\353\215\261\354\212\244.md"
?? "06-Wiki-\354\213\234\354\212\244\355\205\234/Archived/2026-05/"
?? "06-Wiki-\354\213\234\354\212\244\355\205\234/Logs/2026-05-01-sync.log"
?? "06-Wiki-\354\213\234\354\212\244\355\205\234/Logs/2026-05-01-\354\235\270\354\240\234\354\212\244\355\212\270.log"
?? "06-Wiki-\354\213\234\354\212\244\355\205\234/Wiki/2026-05-01-\354\203\235\354\202\260-\352\263\204\355\232\215-\353\251\224\353\252\250-20260430.md"
[1;33m[2026-05-01 19:00:46] [WARN] Dry-run 모드: 계속 진행[0m

[0;34m[2026-05-01 19:00:46] [INFO] === GitHub에서 변경사항 가져오기 ===[0m
https://github.com/comage9/obsidian-vault URL에서
 * branch            main       -> FETCH_HEAD
[0;34m[2026-05-01 19:00:46] [INFO] 로컬:  da2c91c106b06629b3d17f899cb7602793a5e13b[0m
[0;34m[2026-05-01 19:00:46] [INFO] 원격:  da2c91c106b06629b3d17f899cb7602793a5e13b[0m
[0;32m[2026-05-01 19:00:46] [OK] 동기화 상태 - 변경사항 없음 ✓[0m

[0;34m[2026-05-01 19:00:46] [INFO] 동기화 종료[0m

[0;34m[2026-05-01 20:01:02] [INFO] ==========================================[0m
[0;34m[2026-05-01 20:01:02] [INFO]   GitHub Wiki AI Sync 시작[0m
[0;34m[2026-05-01 20:01:02] [INFO] ==========================================[0m

[1;33m[2026-05-01 20:01:02] [WARN] ⚠️ DRY-RUN 모드: 실제 변경 없음[0m

[0;34m[2026-05-01 20:01:02] [INFO] === 사전 检查 시작 ===[0m
[0;34m[2026-05-01 20:01:02] [INFO] === 로컬 변경사항 检查 ===[0m
[1;33m[2026-05-01 20:01:02] [WARN] 로컬에 저장되지 않은 변경사항 있음[0m
 M "06-Wiki-\354\213\234\354\212\244\355\205\234/Logs/2026-04-30-sync.log"
 D "06-Wiki-\354\213\234\354\212\244\355\205\234/Raw/\354\203\235\354\202\260-\352\263\204\355\232\215-\353\251\224\353\252\250-20260430.md"
 M "06-Wiki-\354\213\234\354\212\244\355\205\234/Wiki/2026-04-29-OpenCode-Hermes-\354\227\260\353\217\231-\352\262\200\355\206\240.md"
 M "06-Wiki-\354\213\234\354\212\244\355\205\234/Wiki/\354\235\270\353\215\261\354\212\244.md"
?? "06-Wiki-\354\213\234\354\212\244\355\205\234/Archived/2026-05/"
?? "06-Wiki-\354\213\234\354\212\244\355\205\234/Logs/2026-05-01-sync.log"
?? "06-Wiki-\354\213\234\354\212\244\355\205\234/Logs/2026-05-01-\354\235\270\354\240\234\354\212\244\355\212\270.log"
?? "06-Wiki-\354\213\234\354\212\244\355\205\234/Wiki/2026-05-01-\354\203\235\354\202\260-\352\263\204\355\232\215-\353\251\224\353\252\250-20260430.md"
[1;33m[2026-05-01 20:01:02] [WARN] Dry-run 모드: 계속 진행[0m

[0;34m[2026-05-01 20:01:02] [INFO] === GitHub에서 변경사항 가져오기 ===[0m
https://github.com/comage9/obsidian-vault URL에서
 * branch            main       -> FETCH_HEAD
[0;34m[2026-05-01 20:01:02] [INFO] 로컬:  da2c91c106b06629b3d17f899cb7602793a5e13b[0m
[0;34m[2026-05-01 20:01:02] [INFO] 원격:  da2c91c106b06629b3d17f899cb7602793a5e13b[0m
[0;32m[2026-05-01 20:01:02] [OK] 동기화 상태 - 변경사항 없음 ✓[0m

[0;34m[2026-05-01 20:01:02] [INFO] 동기화 종료[0m

[0;34m[2026-05-01 21:00:45] [INFO] ==========================================[0m
[0;34m[2026-05-01 21:00:45] [INFO]   GitHub Wiki AI Sync 시작[0m
[0;34m[2026-05-01 21:00:45] [INFO] ==========================================[0m

[1;33m[2026-05-01 21:00:45] [WARN] ⚠️ DRY-RUN 모드: 실제 변경 없음[0m

[0;34m[2026-05-01 21:00:45] [INFO] === 사전 检查 시작 ===[0m
[0;34m[2026-05-01 21:00:45] [INFO] === 로컬 변경사항 检查 ===[0m
[1;33m[2026-05-01 21:00:45] [WARN] 로컬에 저장되지 않은 변경사항 있음[0m
 M "06-Wiki-\354\213\234\354\212\244\355\205\234/Logs/2026-04-30-sync.log"
 D "06-Wiki-\354\213\234\354\212\244\355\205\234/Raw/\354\203\235\354\202\260-\352\263\204\355\232\215-\353\251\224\353\252\250-20260430.md"
 M "06-Wiki-\354\213\234\354\212\244\355\205\234/Wiki/2026-04-29-OpenCode-Hermes-\354\227\260\353\217\231-\352\262\200\355\206\240.md"
 M "06-Wiki-\354\213\234\354\212\244\355\205\234/Wiki/\354\235\270\353\215\261\354\212\244.md"
?? "06-Wiki-\354\213\234\354\212\244\355\205\234/Archived/2026-05/"
?? "06-Wiki-\354\213\234\354\212\244\355\205\234/Logs/2026-05-01-sync.log"
?? "06-Wiki-\354\213\234\354\212\244\355\205\234/Logs/2026-05-01-\354\235\270\354\240\234\354\212\244\355\212\270.log"
?? "06-Wiki-\354\213\234\354\212\244\355\205\234/Wiki/2026-05-01-\354\203\235\354\202\260-\352\263\204\355\232\215-\353\251\224\353\252\250-20260430.md"
[1;33m[2026-05-01 21:00:45] [WARN] Dry-run 모드: 계속 진행[0m

[0;34m[2026-05-01 21:00:45] [INFO] === GitHub에서 변경사항 가져오기 ===[0m
https://github.com/comage9/obsidian-vault URL에서
 * branch            main       -> FETCH_HEAD
[0;34m[2026-05-01 21:00:45] [INFO] 로컬:  da2c91c106b06629b3d17f899cb7602793a5e13b[0m
[0;34m[2026-05-01 21:00:45] [INFO] 원격:  da2c91c106b06629b3d17f899cb7602793a5e13b[0m
[0;32m[2026-05-01 21:00:45] [OK] 동기화 상태 - 변경사항 없음 ✓[0m

[0;34m[2026-05-01 21:00:45] [INFO] 동기화 종료[0m

[0;34m[2026-05-01 22:00:11] [INFO] ==========================================[0m
[0;34m[2026-05-01 22:00:11] [INFO]   GitHub Wiki AI Sync 시작[0m
[0;34m[2026-05-01 22:00:11] [INFO] ==========================================[0m

[1;33m[2026-05-01 22:00:11] [WARN] ⚠️ DRY-RUN 모드: 실제 변경 없음[0m

[0;34m[2026-05-01 22:00:11] [INFO] === 사전 检查 시작 ===[0m
[0;34m[2026-05-01 22:00:11] [INFO] === 로컬 변경사항 检查 ===[0m
[1;33m[2026-05-01 22:00:11] [WARN] 로컬에 저장되지 않은 변경사항 있음[0m
 M "06-Wiki-\354\213\234\354\212\244\355\205\234/Logs/2026-04-30-sync.log"
 D "06-Wiki-\354\213\234\354\212\244\355\205\234/Raw/\354\203\235\354\202\260-\352\263\204\355\232\215-\353\251\224\353\252\250-20260430.md"
 M "06-Wiki-\354\213\234\354\212\244\355\205\234/Wiki/2026-04-29-OpenCode-Hermes-\354\227\260\353\217\231-\352\262\200\355\206\240.md"
 M "06-Wiki-\354\213\234\354\212\244\355\205\234/Wiki/\354\235\270\353\215\261\354\212\244.md"
?? "06-Wiki-\354\213\234\354\212\244\355\205\234/Archived/2026-05/"
?? "06-Wiki-\354\213\234\354\212\244\355\205\234/Logs/2026-05-01-sync.log"
?? "06-Wiki-\354\213\234\354\212\244\355\205\234/Logs/2026-05-01-\354\235\270\354\240\234\354\212\244\355\212\270.log"
?? "06-Wiki-\354\213\234\354\212\244\355\205\234/Wiki/2026-05-01-\354\203\235\354\202\260-\352\263\204\355\232\215-\353\251\224\353\252\250-20260430.md"
[1;33m[2026-05-01 22:00:11] [WARN] Dry-run 모드: 계속 진행[0m

[0;34m[2026-05-01 22:00:11] [INFO] === GitHub에서 변경사항 가져오기 ===[0m
https://github.com/comage9/obsidian-vault URL에서
 * branch            main       -> FETCH_HEAD
[0;34m[2026-05-01 22:00:11] [INFO] 로컬:  da2c91c106b06629b3d17f899cb7602793a5e13b[0m
[0;34m[2026-05-01 22:00:11] [INFO] 원격:  da2c91c106b06629b3d17f899cb7602793a5e13b[0m
[0;32m[2026-05-01 22:00:11] [OK] 동기화 상태 - 변경사항 없음 ✓[0m

[0;34m[2026-05-01 22:00:11] [INFO] 동기화 종료[0m

[0;34m[2026-05-01 23:00:17] [INFO] ==========================================[0m
[0;34m[2026-05-01 23:00:17] [INFO]   GitHub Wiki AI Sync 시작[0m
[0;34m[2026-05-01 23:00:17] [INFO] ==========================================[0m

[1;33m[2026-05-01 23:00:17] [WARN] ⚠️ DRY-RUN 모드: 실제 변경 없음[0m

[0;34m[2026-05-01 23:00:17] [INFO] === 사전 检查 시작 ===[0m
[0;34m[2026-05-01 23:00:17] [INFO] === 로컬 변경사항 检查 ===[0m
[1;33m[2026-05-01 23:00:17] [WARN] 로컬에 저장되지 않은 변경사항 있음[0m
 M "06-Wiki-\354\213\234\354\212\244\355\205\234/Logs/2026-04-30-sync.log"
 D "06-Wiki-\354\213\234\354\212\244\355\205\234/Raw/\354\203\235\354\202\260-\352\263\204\355\232\215-\353\251\224\353\252\250-20260430.md"
 M "06-Wiki-\354\213\234\354\212\244\355\205\234/Wiki/2026-04-29-OpenCode-Hermes-\354\227\260\353\217\231-\352\262\200\355\206\240.md"
 M "06-Wiki-\354\213\234\354\212\244\355\205\234/Wiki/\354\235\270\353\215\261\354\212\244.md"
?? "06-Wiki-\354\213\234\354\212\244\355\205\234/Archived/2026-05/"
?? "06-Wiki-\354\213\234\354\212\244\355\205\234/Logs/2026-05-01-lint.log"
?? "06-Wiki-\354\213\234\354\212\244\355\205\234/Logs/2026-05-01-sync.log"
?? "06-Wiki-\354\213\234\354\212\244\355\205\234/Logs/2026-05-01-\354\235\270\354\240\234\354\212\244\355\212\270.log"
?? "06-Wiki-\354\213\234\354\212\244\355\205\234/Wiki/2026-05-01-\354\203\235\354\202\260-\352\263\204\355\232\215-\353\251\224\353\252\250-20260430.md"
[1;33m[2026-05-01 23:00:17] [WARN] Dry-run 모드: 계속 진행[0m

[0;34m[2026-05-01 23:00:17] [INFO] === GitHub에서 변경사항 가져오기 ===[0m
https://github.com/comage9/obsidian-vault URL에서
 * branch            main       -> FETCH_HEAD
[0;34m[2026-05-01 23:00:17] [INFO] 로컬:  da2c91c106b06629b3d17f899cb7602793a5e13b[0m
[0;34m[2026-05-01 23:00:17] [INFO] 원격:  da2c91c106b06629b3d17f899cb7602793a5e13b[0m
[0;32m[2026-05-01 23:00:17] [OK] 동기화 상태 - 변경사항 없음 ✓[0m

[0;34m[2026-05-01 23:00:17] [INFO] 동기화 종료[0m
