
[0;34m[2026-04-28 07:43:19] [INFO] ==========================================[0m
[0;34m[2026-04-28 07:43:19] [INFO]   GitHub Wiki AI Sync 시작[0m
[0;34m[2026-04-28 07:43:19] [INFO] ==========================================[0m

[1;33m[2026-04-28 07:43:19] [WARN] ⚠️ DRY-RUN 모드: 실제 변경 없음[0m

[0;34m[2026-04-28 07:43:19] [INFO] === 사전 检查 시작 ===[0m
[0;31m[2026-04-28 07:43:19] [ERROR] Not a git repository: /home/comage/obsidian-vault/06-Wiki-시스템[0m

[0;34m[2026-04-28 07:44:07] [INFO] ==========================================[0m
[0;34m[2026-04-28 07:44:07] [INFO]   GitHub Wiki AI Sync 시작[0m
[0;34m[2026-04-28 07:44:07] [INFO] ==========================================[0m

[1;33m[2026-04-28 07:44:07] [WARN] ⚠️ DRY-RUN 모드: 실제 변경 없음[0m

[0;34m[2026-04-28 07:44:07] [INFO] === 사전 检查 시작 ===[0m
[0;34m[2026-04-28 07:44:07] [INFO] === 로컬 변경사항 检查 ===[0m
[1;33m[2026-04-28 07:44:07] [WARN] 로컬에 저장되지 않은 변경사항 있음[0m
?? "06-Wiki-\354\213\234\354\212\244\355\205\234/Logs/2026-04-28-sync.log"
[1;33m[2026-04-28 07:44:07] [WARN] Dry-run 모드: 계속 진행[0m

[0;34m[2026-04-28 07:44:07] [INFO] === GitHub에서 변경사항 가져오기 ===[0m
https://github.com/comage9/obsidian-vault URL에서
 * branch            main       -> FETCH_HEAD
[0;34m[2026-04-28 07:44:07] [INFO] 로컬:  755428d19397b2f0c9dbf76fba155cbd6d0f0430[0m
[0;34m[2026-04-28 07:44:07] [INFO] 원격:  755428d19397b2f0c9dbf76fba155cbd6d0f0430[0m
[0;32m[2026-04-28 07:44:07] [OK] 동기화 상태 - 변경사항 없음 ✓[0m

[0;34m[2026-04-28 07:44:07] [INFO] 동기화 종료[0m

[0;34m[2026-04-28 08:00:34] [INFO] ==========================================[0m
[0;34m[2026-04-28 08:00:34] [INFO]   GitHub Wiki AI Sync 시작[0m
[0;34m[2026-04-28 08:00:34] [INFO] ==========================================[0m

[1;33m[2026-04-28 08:00:34] [WARN] ⚠️ DRY-RUN 모드: 실제 변경 없음[0m

[0;34m[2026-04-28 08:00:34] [INFO] === 사전 检查 시작 ===[0m
[0;34m[2026-04-28 08:00:34] [INFO] === 로컬 변경사항 检查 ===[0m
[1;33m[2026-04-28 08:00:34] [WARN] 로컬에 저장되지 않은 변경사항 있음[0m
?? "06-Wiki-\354\213\234\354\212\244\355\205\234/Logs/2026-04-28-sync.log"
[1;33m[2026-04-28 08:00:34] [WARN] Dry-run 모드: 계속 진행[0m

[0;34m[2026-04-28 08:00:34] [INFO] === GitHub에서 변경사항 가져오기 ===[0m
https://github.com/comage9/obsidian-vault URL에서
 * branch            main       -> FETCH_HEAD
[0;34m[2026-04-28 08:00:34] [INFO] 로컬:  755428d19397b2f0c9dbf76fba155cbd6d0f0430[0m
[0;34m[2026-04-28 08:00:34] [INFO] 원격:  755428d19397b2f0c9dbf76fba155cbd6d0f0430[0m
[0;32m[2026-04-28 08:00:34] [OK] 동기화 상태 - 변경사항 없음 ✓[0m

[0;34m[2026-04-28 08:00:34] [INFO] 동기화 종료[0m

[0;34m[2026-04-28 09:00:47] [INFO] ==========================================[0m
[0;34m[2026-04-28 09:00:47] [INFO]   GitHub Wiki AI Sync 시작[0m
[0;34m[2026-04-28 09:00:47] [INFO] ==========================================[0m

[1;33m[2026-04-28 09:00:47] [WARN] ⚠️ DRY-RUN 모드: 실제 변경 없음[0m

[0;34m[2026-04-28 09:00:47] [INFO] === 사전 检查 시작 ===[0m
[0;34m[2026-04-28 09:00:47] [INFO] === 로컬 변경사항 检查 ===[0m
[1;33m[2026-04-28 09:00:47] [WARN] 로컬에 저장되지 않은 변경사항 있음[0m
 M "06-Wiki-\354\213\234\354\212\244\355\205\234/Logs/2026-04-28-sync.log"
[1;33m[2026-04-28 09:00:47] [WARN] Dry-run 모드: 계속 진행[0m

[0;34m[2026-04-28 09:00:47] [INFO] === GitHub에서 변경사항 가져오기 ===[0m
https://github.com/comage9/obsidian-vault URL에서
 * branch            main       -> FETCH_HEAD
[0;34m[2026-04-28 09:00:47] [INFO] 로컬:  bc3e36f2b17eddad96096293b8ba56a0d3b402bc[0m
[0;34m[2026-04-28 09:00:47] [INFO] 원격:  bc3e36f2b17eddad96096293b8ba56a0d3b402bc[0m
[0;32m[2026-04-28 09:00:47] [OK] 동기화 상태 - 변경사항 없음 ✓[0m

[0;34m[2026-04-28 09:00:47] [INFO] 동기화 종료[0m

[0;34m[2026-04-28 11:01:04] [INFO] ==========================================[0m
[0;34m[2026-04-28 11:01:04] [INFO]   GitHub Wiki AI Sync 시작[0m
[0;34m[2026-04-28 11:01:04] [INFO] ==========================================[0m

[1;33m[2026-04-28 11:01:04] [WARN] ⚠️ DRY-RUN 모드: 실제 변경 없음[0m

[0;34m[2026-04-28 11:01:04] [INFO] === 사전 检查 시작 ===[0m
[0;34m[2026-04-28 11:01:04] [INFO] === 로컬 변경사항 检查 ===[0m
[1;33m[2026-04-28 11:01:04] [WARN] 로컬에 저장되지 않은 변경사항 있음[0m
 M "06-Wiki-\354\213\234\354\212\244\355\205\234/Logs/2026-04-28-sync.log"
 D "06-Wiki-\354\213\234\354\212\244\355\205\234/Raw/2026-04-27-\354\204\270\354\205\230-\354\271\264\355\214\214\354\213\234-\354\234\204\355\202\244-\353\260\251\354\213\235-\354\204\244\354\240\225.md"
 D "06-Wiki-\354\213\234\354\212\244\355\205\234/Raw/2026-04-28-\354\226\270\354\226\264-\354\202\254\354\232\251-\352\267\234\354\271\231-\354\204\244\354\240\225.md"
 M "06-Wiki-\354\213\234\354\212\244\355\205\234/Wiki/\354\235\270\353\215\261\354\212\244.md"
?? "06-Wiki-\354\213\234\354\212\244\355\205\234/Archived/"
?? "06-Wiki-\354\213\234\354\212\244\355\205\234/Logs/2026-04-28-\354\235\270\354\240\234\354\212\244\355\212\270.log"
?? "06-Wiki-\354\213\234\354\212\244\355\205\234/Wiki/2026-04-28-2026-04-27-\354\204\270\354\205\230-\354\271\264\355\214\214\354\213\234-\354\234\204\355\202\244-\353\260\251\354\213\235-\354\204\244\354\240\225.md"
?? "06-Wiki-\354\213\234\354\212\244\355\205\234/Wiki/2026-04-28-2026-04-28-\354\226\270\354\226\264-\354\202\254\354\232\251-\352\267\234\354\271\231-\354\204\244\354\240\225.md"
[1;33m[2026-04-28 11:01:04] [WARN] Dry-run 모드: 계속 진행[0m

[0;34m[2026-04-28 11:01:04] [INFO] === GitHub에서 변경사항 가져오기 ===[0m
https://github.com/comage9/obsidian-vault URL에서
 * branch            main       -> FETCH_HEAD
[0;34m[2026-04-28 11:01:04] [INFO] 로컬:  bc3e36f2b17eddad96096293b8ba56a0d3b402bc[0m
[0;34m[2026-04-28 11:01:04] [INFO] 원격:  bc3e36f2b17eddad96096293b8ba56a0d3b402bc[0m
[0;32m[2026-04-28 11:01:04] [OK] 동기화 상태 - 변경사항 없음 ✓[0m

[0;34m[2026-04-28 11:01:04] [INFO] 동기화 종료[0m

[0;34m[2026-04-28 12:00:52] [INFO] ==========================================[0m
[0;34m[2026-04-28 12:00:52] [INFO]   GitHub Wiki AI Sync 시작[0m
[0;34m[2026-04-28 12:00:52] [INFO] ==========================================[0m

[1;33m[2026-04-28 12:00:52] [WARN] ⚠️ DRY-RUN 모드: 실제 변경 없음[0m

[0;34m[2026-04-28 12:00:52] [INFO] === 사전 检查 시작 ===[0m
[0;34m[2026-04-28 12:00:52] [INFO] === 로컬 변경사항 检查 ===[0m
[1;33m[2026-04-28 12:00:52] [WARN] 로컬에 저장되지 않은 변경사항 있음[0m
 M "06-Wiki-\354\213\234\354\212\244\355\205\234/Logs/2026-04-28-sync.log"
 D "06-Wiki-\354\213\234\354\212\244\355\205\234/Raw/2026-04-27-\354\204\270\354\205\230-\354\271\264\355\214\214\354\213\234-\354\234\204\355\202\244-\353\260\251\354\213\235-\354\204\244\354\240\225.md"
 D "06-Wiki-\354\213\234\354\212\244\355\205\234/Raw/2026-04-28-\354\226\270\354\226\264-\354\202\254\354\232\251-\352\267\234\354\271\231-\354\204\244\354\240\225.md"
 M "06-Wiki-\354\213\234\354\212\244\355\205\234/Wiki/\354\235\270\353\215\261\354\212\244.md"
?? "06-Wiki-\354\213\234\354\212\244\355\205\234/Archived/"
?? "06-Wiki-\354\213\234\354\212\244\355\205\234/Logs/2026-04-28-\354\235\270\354\240\234\354\212\244\355\212\270.log"
?? "06-Wiki-\354\213\234\354\212\244\355\205\234/Wiki/2026-04-28-2026-04-27-\354\204\270\354\205\230-\354\271\264\355\214\214\354\213\234-\354\234\204\355\202\244-\353\260\251\354\213\235-\354\204\244\354\240\225.md"
?? "06-Wiki-\354\213\234\354\212\244\355\205\234/Wiki/2026-04-28-2026-04-28-\354\226\270\354\226\264-\354\202\254\354\232\251-\352\267\234\354\271\231-\354\204\244\354\240\225.md"
[1;33m[2026-04-28 12:00:52] [WARN] Dry-run 모드: 계속 진행[0m

[0;34m[2026-04-28 12:00:52] [INFO] === GitHub에서 변경사항 가져오기 ===[0m
https://github.com/comage9/obsidian-vault URL에서
 * branch            main       -> FETCH_HEAD
[0;34m[2026-04-28 12:00:52] [INFO] 로컬:  bc3e36f2b17eddad96096293b8ba56a0d3b402bc[0m
[0;34m[2026-04-28 12:00:52] [INFO] 원격:  bc3e36f2b17eddad96096293b8ba56a0d3b402bc[0m
[0;32m[2026-04-28 12:00:52] [OK] 동기화 상태 - 변경사항 없음 ✓[0m

[0;34m[2026-04-28 12:00:52] [INFO] 동기화 종료[0m

[0;34m[2026-04-28 13:00:46] [INFO] ==========================================[0m
[0;34m[2026-04-28 13:00:46] [INFO]   GitHub Wiki AI Sync 시작[0m
[0;34m[2026-04-28 13:00:46] [INFO] ==========================================[0m

[1;33m[2026-04-28 13:00:46] [WARN] ⚠️ DRY-RUN 모드: 실제 변경 없음[0m

[0;34m[2026-04-28 13:00:46] [INFO] === 사전 检查 시작 ===[0m
[0;34m[2026-04-28 13:00:46] [INFO] === 로컬 변경사항 检查 ===[0m
[1;33m[2026-04-28 13:00:46] [WARN] 로컬에 저장되지 않은 변경사항 있음[0m
 M "06-Wiki-\354\213\234\354\212\244\355\205\234/Logs/2026-04-28-sync.log"
 D "06-Wiki-\354\213\234\354\212\244\355\205\234/Raw/2026-04-27-\354\204\270\354\205\230-\354\271\264\355\214\214\354\213\234-\354\234\204\355\202\244-\353\260\251\354\213\235-\354\204\244\354\240\225.md"
 D "06-Wiki-\354\213\234\354\212\244\355\205\234/Raw/2026-04-28-\354\226\270\354\226\264-\354\202\254\354\232\251-\352\267\234\354\271\231-\354\204\244\354\240\225.md"
 M "06-Wiki-\354\213\234\354\212\244\355\205\234/Wiki/\354\235\270\353\215\261\354\212\244.md"
?? "06-Wiki-\354\213\234\354\212\244\355\205\234/Archived/"
?? "06-Wiki-\354\213\234\354\212\244\355\205\234/Logs/2026-04-28-\354\235\270\354\240\234\354\212\244\355\212\270.log"
?? "06-Wiki-\354\213\234\354\212\244\355\205\234/Wiki/2026-04-28-2026-04-27-\354\204\270\354\205\230-\354\271\264\355\214\214\354\213\234-\354\234\204\355\202\244-\353\260\251\354\213\235-\354\204\244\354\240\225.md"
?? "06-Wiki-\354\213\234\354\212\244\355\205\234/Wiki/2026-04-28-2026-04-28-\354\226\270\354\226\264-\354\202\254\354\232\251-\352\267\234\354\271\231-\354\204\244\354\240\225.md"
[1;33m[2026-04-28 13:00:46] [WARN] Dry-run 모드: 계속 진행[0m

[0;34m[2026-04-28 13:00:46] [INFO] === GitHub에서 변경사항 가져오기 ===[0m
https://github.com/comage9/obsidian-vault URL에서
 * branch            main       -> FETCH_HEAD
[0;34m[2026-04-28 13:00:46] [INFO] 로컬:  bc3e36f2b17eddad96096293b8ba56a0d3b402bc[0m
[0;34m[2026-04-28 13:00:46] [INFO] 원격:  bc3e36f2b17eddad96096293b8ba56a0d3b402bc[0m
[0;32m[2026-04-28 13:00:46] [OK] 동기화 상태 - 변경사항 없음 ✓[0m

[0;34m[2026-04-28 13:00:46] [INFO] 동기화 종료[0m

[0;34m[2026-04-28 14:01:01] [INFO] ==========================================[0m
[0;34m[2026-04-28 14:01:01] [INFO]   GitHub Wiki AI Sync 시작[0m
[0;34m[2026-04-28 14:01:01] [INFO] ==========================================[0m

[1;33m[2026-04-28 14:01:01] [WARN] ⚠️ DRY-RUN 모드: 실제 변경 없음[0m

[0;34m[2026-04-28 14:01:01] [INFO] === 사전 检查 시작 ===[0m
[0;34m[2026-04-28 14:01:01] [INFO] === 로컬 변경사항 检查 ===[0m
[1;33m[2026-04-28 14:01:01] [WARN] 로컬에 저장되지 않은 변경사항 있음[0m
 M "06-Wiki-\354\213\234\354\212\244\355\205\234/Logs/2026-04-28-sync.log"
 D "06-Wiki-\354\213\234\354\212\244\355\205\234/Raw/2026-04-27-\354\204\270\354\205\230-\354\271\264\355\214\214\354\213\234-\354\234\204\355\202\244-\353\260\251\354\213\235-\354\204\244\354\240\225.md"
 D "06-Wiki-\354\213\234\354\212\244\355\205\234/Raw/2026-04-28-\354\226\270\354\226\264-\354\202\254\354\232\251-\352\267\234\354\271\231-\354\204\244\354\240\225.md"
 M "06-Wiki-\354\213\234\354\212\244\355\205\234/Wiki/\354\235\270\353\215\261\354\212\244.md"
?? "06-Wiki-\354\213\234\354\212\244\355\205\234/Archived/"
?? "06-Wiki-\354\213\234\354\212\244\355\205\234/Logs/2026-04-28-\354\235\270\354\240\234\354\212\244\355\212\270.log"
?? "06-Wiki-\354\213\234\354\212\244\355\205\234/Wiki/2026-04-28-2026-04-27-\354\204\270\354\205\230-\354\271\264\355\214\214\354\213\234-\354\234\204\355\202\244-\353\260\251\354\213\235-\354\204\244\354\240\225.md"
?? "06-Wiki-\354\213\234\354\212\244\355\205\234/Wiki/2026-04-28-2026-04-28-\354\226\270\354\226\264-\354\202\254\354\232\251-\352\267\234\354\271\231-\354\204\244\354\240\225.md"
[1;33m[2026-04-28 14:01:01] [WARN] Dry-run 모드: 계속 진행[0m

[0;34m[2026-04-28 14:01:01] [INFO] === GitHub에서 변경사항 가져오기 ===[0m
https://github.com/comage9/obsidian-vault URL에서
 * branch            main       -> FETCH_HEAD
[0;34m[2026-04-28 14:01:01] [INFO] 로컬:  bc3e36f2b17eddad96096293b8ba56a0d3b402bc[0m
[0;34m[2026-04-28 14:01:01] [INFO] 원격:  bc3e36f2b17eddad96096293b8ba56a0d3b402bc[0m
[0;32m[2026-04-28 14:01:01] [OK] 동기화 상태 - 변경사항 없음 ✓[0m

[0;34m[2026-04-28 14:01:01] [INFO] 동기화 종료[0m

[0;34m[2026-04-28 15:01:00] [INFO] ==========================================[0m
[0;34m[2026-04-28 15:01:00] [INFO]   GitHub Wiki AI Sync 시작[0m
[0;34m[2026-04-28 15:01:00] [INFO] ==========================================[0m

[1;33m[2026-04-28 15:01:00] [WARN] ⚠️ DRY-RUN 모드: 실제 변경 없음[0m

[0;34m[2026-04-28 15:01:00] [INFO] === 사전 检查 시작 ===[0m
[0;34m[2026-04-28 15:01:00] [INFO] === 로컬 변경사항 检查 ===[0m
[1;33m[2026-04-28 15:01:00] [WARN] 로컬에 저장되지 않은 변경사항 있음[0m
 M "06-Wiki-\354\213\234\354\212\244\355\205\234/Logs/2026-04-28-sync.log"
 D "06-Wiki-\354\213\234\354\212\244\355\205\234/Raw/2026-04-27-\354\204\270\354\205\230-\354\271\264\355\214\214\354\213\234-\354\234\204\355\202\244-\353\260\251\354\213\235-\354\204\244\354\240\225.md"
 D "06-Wiki-\354\213\234\354\212\244\355\205\234/Raw/2026-04-28-\354\226\270\354\226\264-\354\202\254\354\232\251-\352\267\234\354\271\231-\354\204\244\354\240\225.md"
 M "06-Wiki-\354\213\234\354\212\244\355\205\234/Wiki/\354\235\270\353\215\261\354\212\244.md"
?? "06-Wiki-\354\213\234\354\212\244\355\205\234/Archived/"
?? "06-Wiki-\354\213\234\354\212\244\355\205\234/Logs/2026-04-28-\354\235\270\354\240\234\354\212\244\355\212\270.log"
?? "06-Wiki-\354\213\234\354\212\244\355\205\234/Wiki/2026-04-28-2026-04-27-\354\204\270\354\205\230-\354\271\264\355\214\214\354\213\234-\354\234\204\355\202\244-\353\260\251\354\213\235-\354\204\244\354\240\225.md"
?? "06-Wiki-\354\213\234\354\212\244\355\205\234/Wiki/2026-04-28-2026-04-28-\354\226\270\354\226\264-\354\202\254\354\232\251-\352\267\234\354\271\231-\354\204\244\354\240\225.md"
[1;33m[2026-04-28 15:01:00] [WARN] Dry-run 모드: 계속 진행[0m

[0;34m[2026-04-28 15:01:00] [INFO] === GitHub에서 변경사항 가져오기 ===[0m
https://github.com/comage9/obsidian-vault URL에서
 * branch            main       -> FETCH_HEAD
[0;34m[2026-04-28 15:01:00] [INFO] 로컬:  bc3e36f2b17eddad96096293b8ba56a0d3b402bc[0m
[0;34m[2026-04-28 15:01:00] [INFO] 원격:  bc3e36f2b17eddad96096293b8ba56a0d3b402bc[0m
[0;32m[2026-04-28 15:01:00] [OK] 동기화 상태 - 변경사항 없음 ✓[0m

[0;34m[2026-04-28 15:01:00] [INFO] 동기화 종료[0m

[0;34m[2026-04-28 16:00:54] [INFO] ==========================================[0m
[0;34m[2026-04-28 16:00:54] [INFO]   GitHub Wiki AI Sync 시작[0m
[0;34m[2026-04-28 16:00:54] [INFO] ==========================================[0m

[1;33m[2026-04-28 16:00:54] [WARN] ⚠️ DRY-RUN 모드: 실제 변경 없음[0m

[0;34m[2026-04-28 16:00:54] [INFO] === 사전 检查 시작 ===[0m
[0;34m[2026-04-28 16:00:54] [INFO] === 로컬 변경사항 检查 ===[0m
[1;33m[2026-04-28 16:00:54] [WARN] 로컬에 저장되지 않은 변경사항 있음[0m
 M "06-Wiki-\354\213\234\354\212\244\355\205\234/Logs/2026-04-28-sync.log"
[1;33m[2026-04-28 16:00:54] [WARN] Dry-run 모드: 계속 진행[0m

[0;34m[2026-04-28 16:00:54] [INFO] === GitHub에서 변경사항 가져오기 ===[0m
https://github.com/comage9/obsidian-vault URL에서
 * branch            main       -> FETCH_HEAD
[0;34m[2026-04-28 16:00:54] [INFO] 로컬:  8eb51025d015b82b2f7f76ef59e59dc9a1e23f5e[0m
[0;34m[2026-04-28 16:00:54] [INFO] 원격:  8eb51025d015b82b2f7f76ef59e59dc9a1e23f5e[0m
[0;32m[2026-04-28 16:00:54] [OK] 동기화 상태 - 변경사항 없음 ✓[0m

[0;34m[2026-04-28 16:00:54] [INFO] 동기화 종료[0m

[0;34m[2026-04-28 17:00:32] [INFO] ==========================================[0m
[0;34m[2026-04-28 17:00:32] [INFO]   GitHub Wiki AI Sync 시작[0m
[0;34m[2026-04-28 17:00:32] [INFO] ==========================================[0m

[1;33m[2026-04-28 17:00:32] [WARN] ⚠️ DRY-RUN 모드: 실제 변경 없음[0m

[0;34m[2026-04-28 17:00:32] [INFO] === 사전 检查 시작 ===[0m
[0;34m[2026-04-28 17:00:32] [INFO] === 로컬 변경사항 检查 ===[0m
[1;33m[2026-04-28 17:00:32] [WARN] 로컬에 저장되지 않은 변경사항 있음[0m
 M "06-Wiki-\354\213\234\354\212\244\355\205\234/Logs/2026-04-28-sync.log"
[1;33m[2026-04-28 17:00:32] [WARN] Dry-run 모드: 계속 진행[0m

[0;34m[2026-04-28 17:00:32] [INFO] === GitHub에서 변경사항 가져오기 ===[0m
https://github.com/comage9/obsidian-vault URL에서
 * branch            main       -> FETCH_HEAD
[0;34m[2026-04-28 17:00:32] [INFO] 로컬:  8eb51025d015b82b2f7f76ef59e59dc9a1e23f5e[0m
[0;34m[2026-04-28 17:00:32] [INFO] 원격:  8eb51025d015b82b2f7f76ef59e59dc9a1e23f5e[0m
[0;32m[2026-04-28 17:00:32] [OK] 동기화 상태 - 변경사항 없음 ✓[0m

[0;34m[2026-04-28 17:00:32] [INFO] 동기화 종료[0m

[0;34m[2026-04-28 18:01:07] [INFO] ==========================================[0m
[0;34m[2026-04-28 18:01:07] [INFO]   GitHub Wiki AI Sync 시작[0m
[0;34m[2026-04-28 18:01:07] [INFO] ==========================================[0m

[1;33m[2026-04-28 18:01:07] [WARN] ⚠️ DRY-RUN 모드: 실제 변경 없음[0m

[0;34m[2026-04-28 18:01:07] [INFO] === 사전 检查 시작 ===[0m
[0;34m[2026-04-28 18:01:07] [INFO] === 로컬 변경사항 检查 ===[0m
[1;33m[2026-04-28 18:01:07] [WARN] 로컬에 저장되지 않은 변경사항 있음[0m
 M "06-Wiki-\354\213\234\354\212\244\355\205\234/Logs/2026-04-28-sync.log"
?? "06-Wiki-\354\213\234\354\212\244\355\205\234/Wiki/\355\202\244\354\233\200-API-\354\235\270\354\246\235-\354\204\244\354\240\225.md"
[1;33m[2026-04-28 18:01:07] [WARN] Dry-run 모드: 계속 진행[0m

[0;34m[2026-04-28 18:01:07] [INFO] === GitHub에서 변경사항 가져오기 ===[0m
https://github.com/comage9/obsidian-vault URL에서
 * branch            main       -> FETCH_HEAD
[0;34m[2026-04-28 18:01:07] [INFO] 로컬:  8eb51025d015b82b2f7f76ef59e59dc9a1e23f5e[0m
[0;34m[2026-04-28 18:01:07] [INFO] 원격:  8eb51025d015b82b2f7f76ef59e59dc9a1e23f5e[0m
[0;32m[2026-04-28 18:01:07] [OK] 동기화 상태 - 변경사항 없음 ✓[0m

[0;34m[2026-04-28 18:01:07] [INFO] 동기화 종료[0m

[0;34m[2026-04-28 19:00:24] [INFO] ==========================================[0m
[0;34m[2026-04-28 19:00:24] [INFO]   GitHub Wiki AI Sync 시작[0m
[0;34m[2026-04-28 19:00:24] [INFO] ==========================================[0m

[1;33m[2026-04-28 19:00:24] [WARN] ⚠️ DRY-RUN 모드: 실제 변경 없음[0m

[0;34m[2026-04-28 19:00:24] [INFO] === 사전 检查 시작 ===[0m
[0;34m[2026-04-28 19:00:24] [INFO] === 로컬 변경사항 检查 ===[0m
[1;33m[2026-04-28 19:00:24] [WARN] 로컬에 저장되지 않은 변경사항 있음[0m
 M "06-Wiki-\354\213\234\354\212\244\355\205\234/Logs/2026-04-28-sync.log"
?? "06-Wiki-\354\213\234\354\212\244\355\205\234/Wiki/\355\202\244\354\233\200-API-\354\235\270\354\246\235-\354\204\244\354\240\225.md"
[1;33m[2026-04-28 19:00:24] [WARN] Dry-run 모드: 계속 진행[0m

[0;34m[2026-04-28 19:00:24] [INFO] === GitHub에서 변경사항 가져오기 ===[0m
https://github.com/comage9/obsidian-vault URL에서
 * branch            main       -> FETCH_HEAD
[0;34m[2026-04-28 19:00:24] [INFO] 로컬:  8eb51025d015b82b2f7f76ef59e59dc9a1e23f5e[0m
[0;34m[2026-04-28 19:00:24] [INFO] 원격:  8eb51025d015b82b2f7f76ef59e59dc9a1e23f5e[0m
[0;32m[2026-04-28 19:00:24] [OK] 동기화 상태 - 변경사항 없음 ✓[0m

[0;34m[2026-04-28 19:00:24] [INFO] 동기화 종료[0m

[0;34m[2026-04-28 20:00:42] [INFO] ==========================================[0m
[0;34m[2026-04-28 20:00:42] [INFO]   GitHub Wiki AI Sync 시작[0m
[0;34m[2026-04-28 20:00:42] [INFO] ==========================================[0m

[1;33m[2026-04-28 20:00:42] [WARN] ⚠️ DRY-RUN 모드: 실제 변경 없음[0m

[0;34m[2026-04-28 20:00:42] [INFO] === 사전 检查 시작 ===[0m
[0;34m[2026-04-28 20:00:42] [INFO] === 로컬 변경사항 检查 ===[0m
[1;33m[2026-04-28 20:00:42] [WARN] 로컬에 저장되지 않은 변경사항 있음[0m
 M "06-Wiki-\354\213\234\354\212\244\355\205\234/Logs/2026-04-28-sync.log"
?? "06-Wiki-\354\213\234\354\212\244\355\205\234/Wiki/\355\202\244\354\233\200-API-\354\235\270\354\246\235-\354\204\244\354\240\225.md"
[1;33m[2026-04-28 20:00:42] [WARN] Dry-run 모드: 계속 진행[0m

[0;34m[2026-04-28 20:00:42] [INFO] === GitHub에서 변경사항 가져오기 ===[0m
https://github.com/comage9/obsidian-vault URL에서
 * branch            main       -> FETCH_HEAD
[0;34m[2026-04-28 20:00:42] [INFO] 로컬:  8eb51025d015b82b2f7f76ef59e59dc9a1e23f5e[0m
[0;34m[2026-04-28 20:00:42] [INFO] 원격:  8eb51025d015b82b2f7f76ef59e59dc9a1e23f5e[0m
[0;32m[2026-04-28 20:00:42] [OK] 동기화 상태 - 변경사항 없음 ✓[0m

[0;34m[2026-04-28 20:00:42] [INFO] 동기화 종료[0m

[0;34m[2026-04-28 21:01:01] [INFO] ==========================================[0m
[0;34m[2026-04-28 21:01:01] [INFO]   GitHub Wiki AI Sync 시작[0m
[0;34m[2026-04-28 21:01:01] [INFO] ==========================================[0m

[1;33m[2026-04-28 21:01:01] [WARN] ⚠️ DRY-RUN 모드: 실제 변경 없음[0m

[0;34m[2026-04-28 21:01:01] [INFO] === 사전 检查 시작 ===[0m
[0;34m[2026-04-28 21:01:01] [INFO] === 로컬 변경사항 检查 ===[0m
[1;33m[2026-04-28 21:01:01] [WARN] 로컬에 저장되지 않은 변경사항 있음[0m
 M "06-Wiki-\354\213\234\354\212\244\355\205\234/Logs/2026-04-28-sync.log"
?? "06-Wiki-\354\213\234\354\212\244\355\205\234/Raw/"
?? "06-Wiki-\354\213\234\354\212\244\355\205\234/Wiki/\352\260\234\353\205\220/OpenCode-Hermes-\354\227\260\353\217\231.md"
?? "06-Wiki-\354\213\234\354\212\244\355\205\234/Wiki/\355\202\244\354\233\200-API-\354\235\270\354\246\235-\354\204\244\354\240\225.md"
[1;33m[2026-04-28 21:01:01] [WARN] Dry-run 모드: 계속 진행[0m

[0;34m[2026-04-28 21:01:01] [INFO] === GitHub에서 변경사항 가져오기 ===[0m
https://github.com/comage9/obsidian-vault URL에서
 * branch            main       -> FETCH_HEAD
[0;34m[2026-04-28 21:01:01] [INFO] 로컬:  8eb51025d015b82b2f7f76ef59e59dc9a1e23f5e[0m
[0;34m[2026-04-28 21:01:01] [INFO] 원격:  8eb51025d015b82b2f7f76ef59e59dc9a1e23f5e[0m
[0;32m[2026-04-28 21:01:01] [OK] 동기화 상태 - 변경사항 없음 ✓[0m

[0;34m[2026-04-28 21:01:01] [INFO] 동기화 종료[0m

[0;34m[2026-04-28 22:00:25] [INFO] ==========================================[0m
[0;34m[2026-04-28 22:00:25] [INFO]   GitHub Wiki AI Sync 시작[0m
[0;34m[2026-04-28 22:00:25] [INFO] ==========================================[0m

[1;33m[2026-04-28 22:00:25] [WARN] ⚠️ DRY-RUN 모드: 실제 변경 없음[0m

[0;34m[2026-04-28 22:00:25] [INFO] === 사전 检查 시작 ===[0m
[0;34m[2026-04-28 22:00:25] [INFO] === 로컬 변경사항 检查 ===[0m
[1;33m[2026-04-28 22:00:25] [WARN] 로컬에 저장되지 않은 변경사항 있음[0m
 M "06-Wiki-\354\213\234\354\212\244\355\205\234/Logs/2026-04-28-sync.log"
?? "06-Wiki-\354\213\234\354\212\244\355\205\234/Raw/"
?? "06-Wiki-\354\213\234\354\212\244\355\205\234/Wiki/\352\260\234\353\205\220/OpenCode-Hermes-\354\227\260\353\217\231.md"
?? "06-Wiki-\354\213\234\354\212\244\355\205\234/Wiki/\355\202\244\354\233\200-API-\354\235\270\354\246\235-\354\204\244\354\240\225.md"
[1;33m[2026-04-28 22:00:25] [WARN] Dry-run 모드: 계속 진행[0m

[0;34m[2026-04-28 22:00:25] [INFO] === GitHub에서 변경사항 가져오기 ===[0m
https://github.com/comage9/obsidian-vault URL에서
 * branch            main       -> FETCH_HEAD
[0;34m[2026-04-28 22:00:25] [INFO] 로컬:  8eb51025d015b82b2f7f76ef59e59dc9a1e23f5e[0m
[0;34m[2026-04-28 22:00:25] [INFO] 원격:  8eb51025d015b82b2f7f76ef59e59dc9a1e23f5e[0m
[0;32m[2026-04-28 22:00:25] [OK] 동기화 상태 - 변경사항 없음 ✓[0m

[0;34m[2026-04-28 22:00:25] [INFO] 동기화 종료[0m

[0;34m[2026-04-28 23:00:21] [INFO] ==========================================[0m
[0;34m[2026-04-28 23:00:21] [INFO]   GitHub Wiki AI Sync 시작[0m
[0;34m[2026-04-28 23:00:21] [INFO] ==========================================[0m

[1;33m[2026-04-28 23:00:21] [WARN] ⚠️ DRY-RUN 모드: 실제 변경 없음[0m

[0;34m[2026-04-28 23:00:21] [INFO] === 사전 检查 시작 ===[0m
[0;34m[2026-04-28 23:00:21] [INFO] === 로컬 변경사항 检查 ===[0m
[1;33m[2026-04-28 23:00:21] [WARN] 로컬에 저장되지 않은 변경사항 있음[0m
 M "06-Wiki-\354\213\234\354\212\244\355\205\234/Logs/2026-04-28-sync.log"
 M "06-Wiki-\354\213\234\354\212\244\355\205\234/Wiki/2026-04-27-\354\204\270\354\205\230-\354\271\264\355\214\214\354\213\234-\354\234\204\355\202\244-\353\260\251\354\213\235-\354\204\244\354\240\225.md"
 M "06-Wiki-\354\213\234\354\212\244\355\205\234/Wiki/\354\235\270\353\215\261\354\212\244.md"
?? "06-Wiki-\354\213\234\354\212\244\355\205\234/Raw/"
?? "06-Wiki-\354\213\234\354\212\244\355\205\234/Wiki/\352\260\234\353\205\220/OpenCode-Hermes-\354\227\260\353\217\231.md"
?? "06-Wiki-\354\213\234\354\212\244\355\205\234/Wiki/\355\202\244\354\233\200-API-\354\235\270\354\246\235-\354\204\244\354\240\225.md"
[1;33m[2026-04-28 23:00:21] [WARN] Dry-run 모드: 계속 진행[0m

[0;34m[2026-04-28 23:00:21] [INFO] === GitHub에서 변경사항 가져오기 ===[0m
https://github.com/comage9/obsidian-vault URL에서
 * branch            main       -> FETCH_HEAD
[0;34m[2026-04-28 23:00:21] [INFO] 로컬:  8eb51025d015b82b2f7f76ef59e59dc9a1e23f5e[0m
[0;34m[2026-04-28 23:00:21] [INFO] 원격:  8eb51025d015b82b2f7f76ef59e59dc9a1e23f5e[0m
[0;32m[2026-04-28 23:00:21] [OK] 동기화 상태 - 변경사항 없음 ✓[0m

[0;34m[2026-04-28 23:00:21] [INFO] 동기화 종료[0m
