
[0;34m[2026-05-03 00:00:45] [INFO] ==========================================[0m
[0;34m[2026-05-03 00:00:45] [INFO]   GitHub Wiki AI Sync 시작[0m
[0;34m[2026-05-03 00:00:45] [INFO] ==========================================[0m

[1;33m[2026-05-03 00:00:45] [WARN] ⚠️ DRY-RUN 모드: 실제 변경 없음[0m

[0;34m[2026-05-03 00:00:45] [INFO] === 사전 检查 시작 ===[0m
[0;34m[2026-05-03 00:00:45] [INFO] === 로컬 변경사항 检查 ===[0m
[1;33m[2026-05-03 00:00:45] [WARN] 로컬에 저장되지 않은 변경사항 있음[0m
 M "06-Wiki-\354\213\234\354\212\244\355\205\234/Logs/2026-05-02-sync.log"
 M "06-Wiki-\354\213\234\354\212\244\355\205\234/Wiki/\354\235\270\353\215\261\354\212\244.md"
?? "06-Wiki-\354\213\234\354\212\244\355\205\234/Logs/2026-05-02-lint.log"
?? "06-Wiki-\354\213\234\354\212\244\355\205\234/Logs/2026-05-03-sync.log"
[1;33m[2026-05-03 00:00:45] [WARN] Dry-run 모드: 계속 진행[0m

[0;34m[2026-05-03 00:00:45] [INFO] === GitHub에서 변경사항 가져오기 ===[0m
https://github.com/comage9/obsidian-vault URL에서
 * branch            main       -> FETCH_HEAD
[0;34m[2026-05-03 00:00:45] [INFO] 로컬:  cf1e73acdec1382678d0396bcef0f1014ae9edd0[0m
[0;34m[2026-05-03 00:00:45] [INFO] 원격:  cf1e73acdec1382678d0396bcef0f1014ae9edd0[0m
[0;32m[2026-05-03 00:00:45] [OK] 동기화 상태 - 변경사항 없음 ✓[0m

[0;34m[2026-05-03 00:00:45] [INFO] 동기화 종료[0m

[0;34m[2026-05-03 01:01:03] [INFO] ==========================================[0m
[0;34m[2026-05-03 01:01:03] [INFO]   GitHub Wiki AI Sync 시작[0m
[0;34m[2026-05-03 01:01:03] [INFO] ==========================================[0m

[1;33m[2026-05-03 01:01:03] [WARN] ⚠️ DRY-RUN 모드: 실제 변경 없음[0m

[0;34m[2026-05-03 01:01:03] [INFO] === 사전 检查 시작 ===[0m
[0;34m[2026-05-03 01:01:03] [INFO] === 로컬 변경사항 检查 ===[0m
[1;33m[2026-05-03 01:01:03] [WARN] 로컬에 저장되지 않은 변경사항 있음[0m
 M "06-Wiki-\354\213\234\354\212\244\355\205\234/Logs/2026-05-02-sync.log"
 M "06-Wiki-\354\213\234\354\212\244\355\205\234/Wiki/\354\235\270\353\215\261\354\212\244.md"
?? "06-Wiki-\354\213\234\354\212\244\355\205\234/Logs/2026-05-02-lint.log"
?? "06-Wiki-\354\213\234\354\212\244\355\205\234/Logs/2026-05-03-sync.log"
[1;33m[2026-05-03 01:01:03] [WARN] Dry-run 모드: 계속 진행[0m

[0;34m[2026-05-03 01:01:03] [INFO] === GitHub에서 변경사항 가져오기 ===[0m
https://github.com/comage9/obsidian-vault URL에서
 * branch            main       -> FETCH_HEAD
[0;34m[2026-05-03 01:01:03] [INFO] 로컬:  cf1e73acdec1382678d0396bcef0f1014ae9edd0[0m
[0;34m[2026-05-03 01:01:03] [INFO] 원격:  cf1e73acdec1382678d0396bcef0f1014ae9edd0[0m
[0;32m[2026-05-03 01:01:03] [OK] 동기화 상태 - 변경사항 없음 ✓[0m

[0;34m[2026-05-03 01:01:03] [INFO] 동기화 종료[0m

[0;34m[2026-05-03 02:00:16] [INFO] ==========================================[0m
[0;34m[2026-05-03 02:00:16] [INFO]   GitHub Wiki AI Sync 시작[0m
[0;34m[2026-05-03 02:00:16] [INFO] ==========================================[0m

[1;33m[2026-05-03 02:00:16] [WARN] ⚠️ DRY-RUN 모드: 실제 변경 없음[0m

[0;34m[2026-05-03 02:00:16] [INFO] === 사전 检查 시작 ===[0m
[0;34m[2026-05-03 02:00:16] [INFO] === 로컬 변경사항 检查 ===[0m
[1;33m[2026-05-03 02:00:16] [WARN] 로컬에 저장되지 않은 변경사항 있음[0m
 M "06-Wiki-\354\213\234\354\212\244\355\205\234/Logs/2026-05-02-sync.log"
 M "06-Wiki-\354\213\234\354\212\244\355\205\234/Wiki/\354\235\270\353\215\261\354\212\244.md"
?? "06-Wiki-\354\213\234\354\212\244\355\205\234/Logs/2026-05-02-lint.log"
?? "06-Wiki-\354\213\234\354\212\244\355\205\234/Logs/2026-05-03-sync.log"
[1;33m[2026-05-03 02:00:16] [WARN] Dry-run 모드: 계속 진행[0m

[0;34m[2026-05-03 02:00:16] [INFO] === GitHub에서 변경사항 가져오기 ===[0m
https://github.com/comage9/obsidian-vault URL에서
 * branch            main       -> FETCH_HEAD
[0;34m[2026-05-03 02:00:16] [INFO] 로컬:  cf1e73acdec1382678d0396bcef0f1014ae9edd0[0m
[0;34m[2026-05-03 02:00:16] [INFO] 원격:  cf1e73acdec1382678d0396bcef0f1014ae9edd0[0m
[0;32m[2026-05-03 02:00:16] [OK] 동기화 상태 - 변경사항 없음 ✓[0m

[0;34m[2026-05-03 02:00:16] [INFO] 동기화 종료[0m

[0;34m[2026-05-03 03:00:37] [INFO] ==========================================[0m
[0;34m[2026-05-03 03:00:37] [INFO]   GitHub Wiki AI Sync 시작[0m
[0;34m[2026-05-03 03:00:37] [INFO] ==========================================[0m

[1;33m[2026-05-03 03:00:37] [WARN] ⚠️ DRY-RUN 모드: 실제 변경 없음[0m

[0;34m[2026-05-03 03:00:37] [INFO] === 사전 检查 시작 ===[0m
[0;34m[2026-05-03 03:00:37] [INFO] === 로컬 변경사항 检查 ===[0m
[1;33m[2026-05-03 03:00:37] [WARN] 로컬에 저장되지 않은 변경사항 있음[0m
 M "06-Wiki-\354\213\234\354\212\244\355\205\234/Logs/2026-05-02-sync.log"
 M "06-Wiki-\354\213\234\354\212\244\355\205\234/Wiki/\354\235\270\353\215\261\354\212\244.md"
?? "06-Wiki-\354\213\234\354\212\244\355\205\234/Logs/2026-05-02-lint.log"
?? "06-Wiki-\354\213\234\354\212\244\355\205\234/Logs/2026-05-03-sync.log"
[1;33m[2026-05-03 03:00:37] [WARN] Dry-run 모드: 계속 진행[0m

[0;34m[2026-05-03 03:00:37] [INFO] === GitHub에서 변경사항 가져오기 ===[0m
https://github.com/comage9/obsidian-vault URL에서
 * branch            main       -> FETCH_HEAD
[0;34m[2026-05-03 03:00:37] [INFO] 로컬:  cf1e73acdec1382678d0396bcef0f1014ae9edd0[0m
[0;34m[2026-05-03 03:00:37] [INFO] 원격:  cf1e73acdec1382678d0396bcef0f1014ae9edd0[0m
[0;32m[2026-05-03 03:00:37] [OK] 동기화 상태 - 변경사항 없음 ✓[0m

[0;34m[2026-05-03 03:00:37] [INFO] 동기화 종료[0m

[0;34m[2026-05-03 04:00:54] [INFO] ==========================================[0m
[0;34m[2026-05-03 04:00:54] [INFO]   GitHub Wiki AI Sync 시작[0m
[0;34m[2026-05-03 04:00:54] [INFO] ==========================================[0m

[1;33m[2026-05-03 04:00:54] [WARN] ⚠️ DRY-RUN 모드: 실제 변경 없음[0m

[0;34m[2026-05-03 04:00:54] [INFO] === 사전 检查 시작 ===[0m
[0;34m[2026-05-03 04:00:54] [INFO] === 로컬 변경사항 检查 ===[0m
[1;33m[2026-05-03 04:00:54] [WARN] 로컬에 저장되지 않은 변경사항 있음[0m
 M "06-Wiki-\354\213\234\354\212\244\355\205\234/Logs/2026-05-02-sync.log"
 M "06-Wiki-\354\213\234\354\212\244\355\205\234/Wiki/\354\235\270\353\215\261\354\212\244.md"
?? "06-Wiki-\354\213\234\354\212\244\355\205\234/Logs/2026-05-02-lint.log"
?? "06-Wiki-\354\213\234\354\212\244\355\205\234/Logs/2026-05-03-sync.log"
[1;33m[2026-05-03 04:00:54] [WARN] Dry-run 모드: 계속 진행[0m

[0;34m[2026-05-03 04:00:54] [INFO] === GitHub에서 변경사항 가져오기 ===[0m
https://github.com/comage9/obsidian-vault URL에서
 * branch            main       -> FETCH_HEAD
[0;34m[2026-05-03 04:00:54] [INFO] 로컬:  cf1e73acdec1382678d0396bcef0f1014ae9edd0[0m
[0;34m[2026-05-03 04:00:54] [INFO] 원격:  cf1e73acdec1382678d0396bcef0f1014ae9edd0[0m
[0;32m[2026-05-03 04:00:54] [OK] 동기화 상태 - 변경사항 없음 ✓[0m

[0;34m[2026-05-03 04:00:54] [INFO] 동기화 종료[0m

[0;34m[2026-05-03 05:00:11] [INFO] ==========================================[0m
[0;34m[2026-05-03 05:00:11] [INFO]   GitHub Wiki AI Sync 시작[0m
[0;34m[2026-05-03 05:00:11] [INFO] ==========================================[0m

[1;33m[2026-05-03 05:00:11] [WARN] ⚠️ DRY-RUN 모드: 실제 변경 없음[0m

[0;34m[2026-05-03 05:00:11] [INFO] === 사전 检查 시작 ===[0m
[0;34m[2026-05-03 05:00:11] [INFO] === 로컬 변경사항 检查 ===[0m
[1;33m[2026-05-03 05:00:11] [WARN] 로컬에 저장되지 않은 변경사항 있음[0m
 M "06-Wiki-\354\213\234\354\212\244\355\205\234/Logs/2026-05-02-sync.log"
 M "06-Wiki-\354\213\234\354\212\244\355\205\234/Wiki/\354\235\270\353\215\261\354\212\244.md"
?? "06-Wiki-\354\213\234\354\212\244\355\205\234/Logs/2026-05-02-lint.log"
?? "06-Wiki-\354\213\234\354\212\244\355\205\234/Logs/2026-05-03-sync.log"
[1;33m[2026-05-03 05:00:11] [WARN] Dry-run 모드: 계속 진행[0m

[0;34m[2026-05-03 05:00:11] [INFO] === GitHub에서 변경사항 가져오기 ===[0m
https://github.com/comage9/obsidian-vault URL에서
 * branch            main       -> FETCH_HEAD
[0;34m[2026-05-03 05:00:11] [INFO] 로컬:  cf1e73acdec1382678d0396bcef0f1014ae9edd0[0m
[0;34m[2026-05-03 05:00:11] [INFO] 원격:  cf1e73acdec1382678d0396bcef0f1014ae9edd0[0m
[0;32m[2026-05-03 05:00:11] [OK] 동기화 상태 - 변경사항 없음 ✓[0m

[0;34m[2026-05-03 05:00:11] [INFO] 동기화 종료[0m

[0;34m[2026-05-03 06:00:26] [INFO] ==========================================[0m
[0;34m[2026-05-03 06:00:26] [INFO]   GitHub Wiki AI Sync 시작[0m
[0;34m[2026-05-03 06:00:26] [INFO] ==========================================[0m

[1;33m[2026-05-03 06:00:26] [WARN] ⚠️ DRY-RUN 모드: 실제 변경 없음[0m

[0;34m[2026-05-03 06:00:26] [INFO] === 사전 检查 시작 ===[0m
[0;34m[2026-05-03 06:00:26] [INFO] === 로컬 변경사항 检查 ===[0m
[1;33m[2026-05-03 06:00:26] [WARN] 로컬에 저장되지 않은 변경사항 있음[0m
 M "06-Wiki-\354\213\234\354\212\244\355\205\234/Logs/2026-05-02-sync.log"
 M "06-Wiki-\354\213\234\354\212\244\355\205\234/Wiki/\354\235\270\353\215\261\354\212\244.md"
?? "06-Wiki-\354\213\234\354\212\244\355\205\234/Logs/2026-05-02-lint.log"
?? "06-Wiki-\354\213\234\354\212\244\355\205\234/Logs/2026-05-03-sync.log"
[1;33m[2026-05-03 06:00:26] [WARN] Dry-run 모드: 계속 진행[0m

[0;34m[2026-05-03 06:00:26] [INFO] === GitHub에서 변경사항 가져오기 ===[0m
https://github.com/comage9/obsidian-vault URL에서
 * branch            main       -> FETCH_HEAD
[0;34m[2026-05-03 06:00:26] [INFO] 로컬:  cf1e73acdec1382678d0396bcef0f1014ae9edd0[0m
[0;34m[2026-05-03 06:00:26] [INFO] 원격:  cf1e73acdec1382678d0396bcef0f1014ae9edd0[0m
[0;32m[2026-05-03 06:00:26] [OK] 동기화 상태 - 변경사항 없음 ✓[0m

[0;34m[2026-05-03 06:00:26] [INFO] 동기화 종료[0m

[0;34m[2026-05-03 07:00:41] [INFO] ==========================================[0m
[0;34m[2026-05-03 07:00:41] [INFO]   GitHub Wiki AI Sync 시작[0m
[0;34m[2026-05-03 07:00:41] [INFO] ==========================================[0m

[1;33m[2026-05-03 07:00:41] [WARN] ⚠️ DRY-RUN 모드: 실제 변경 없음[0m

[0;34m[2026-05-03 07:00:41] [INFO] === 사전 检查 시작 ===[0m
[0;34m[2026-05-03 07:00:41] [INFO] === 로컬 변경사항 检查 ===[0m
[1;33m[2026-05-03 07:00:41] [WARN] 로컬에 저장되지 않은 변경사항 있음[0m
 M "06-Wiki-\354\213\234\354\212\244\355\205\234/Logs/2026-05-02-sync.log"
 M "06-Wiki-\354\213\234\354\212\244\355\205\234/Wiki/\354\235\270\353\215\261\354\212\244.md"
?? "06-Wiki-\354\213\234\354\212\244\355\205\234/Logs/2026-05-02-lint.log"
?? "06-Wiki-\354\213\234\354\212\244\355\205\234/Logs/2026-05-03-sync.log"
[1;33m[2026-05-03 07:00:41] [WARN] Dry-run 모드: 계속 진행[0m

[0;34m[2026-05-03 07:00:41] [INFO] === GitHub에서 변경사항 가져오기 ===[0m
https://github.com/comage9/obsidian-vault URL에서
 * branch            main       -> FETCH_HEAD
[0;34m[2026-05-03 07:00:41] [INFO] 로컬:  cf1e73acdec1382678d0396bcef0f1014ae9edd0[0m
[0;34m[2026-05-03 07:00:41] [INFO] 원격:  cf1e73acdec1382678d0396bcef0f1014ae9edd0[0m
[0;32m[2026-05-03 07:00:41] [OK] 동기화 상태 - 변경사항 없음 ✓[0m

[0;34m[2026-05-03 07:00:41] [INFO] 동기화 종료[0m

[0;34m[2026-05-03 08:00:58] [INFO] ==========================================[0m
[0;34m[2026-05-03 08:00:58] [INFO]   GitHub Wiki AI Sync 시작[0m
[0;34m[2026-05-03 08:00:58] [INFO] ==========================================[0m

[1;33m[2026-05-03 08:00:58] [WARN] ⚠️ DRY-RUN 모드: 실제 변경 없음[0m

[0;34m[2026-05-03 08:00:58] [INFO] === 사전 检查 시작 ===[0m
[0;34m[2026-05-03 08:00:58] [INFO] === 로컬 변경사항 检查 ===[0m
[1;33m[2026-05-03 08:00:58] [WARN] 로컬에 저장되지 않은 변경사항 있음[0m
 M "06-Wiki-\354\213\234\354\212\244\355\205\234/Logs/2026-05-02-sync.log"
 M "06-Wiki-\354\213\234\354\212\244\355\205\234/Wiki/\354\235\270\353\215\261\354\212\244.md"
?? "06-Wiki-\354\213\234\354\212\244\355\205\234/Logs/2026-05-02-lint.log"
?? "06-Wiki-\354\213\234\354\212\244\355\205\234/Logs/2026-05-03-sync.log"
[1;33m[2026-05-03 08:00:58] [WARN] Dry-run 모드: 계속 진행[0m

[0;34m[2026-05-03 08:00:58] [INFO] === GitHub에서 변경사항 가져오기 ===[0m
https://github.com/comage9/obsidian-vault URL에서
 * branch            main       -> FETCH_HEAD
[0;34m[2026-05-03 08:00:58] [INFO] 로컬:  cf1e73acdec1382678d0396bcef0f1014ae9edd0[0m
[0;34m[2026-05-03 08:00:58] [INFO] 원격:  cf1e73acdec1382678d0396bcef0f1014ae9edd0[0m
[0;32m[2026-05-03 08:00:58] [OK] 동기화 상태 - 변경사항 없음 ✓[0m

[0;34m[2026-05-03 08:00:58] [INFO] 동기화 종료[0m

[0;34m[2026-05-03 09:00:11] [INFO] ==========================================[0m
[0;34m[2026-05-03 09:00:11] [INFO]   GitHub Wiki AI Sync 시작[0m
[0;34m[2026-05-03 09:00:11] [INFO] ==========================================[0m

[1;33m[2026-05-03 09:00:11] [WARN] ⚠️ DRY-RUN 모드: 실제 변경 없음[0m

[0;34m[2026-05-03 09:00:11] [INFO] === 사전 检查 시작 ===[0m
[0;34m[2026-05-03 09:00:11] [INFO] === 로컬 변경사항 检查 ===[0m
[1;33m[2026-05-03 09:00:11] [WARN] 로컬에 저장되지 않은 변경사항 있음[0m
 M "06-Wiki-\354\213\234\354\212\244\355\205\234/Logs/2026-05-02-sync.log"
 M "06-Wiki-\354\213\234\354\212\244\355\205\234/Wiki/\354\235\270\353\215\261\354\212\244.md"
?? "06-Wiki-\354\213\234\354\212\244\355\205\234/Logs/2026-05-02-lint.log"
?? "06-Wiki-\354\213\234\354\212\244\355\205\234/Logs/2026-05-03-sync.log"
[1;33m[2026-05-03 09:00:11] [WARN] Dry-run 모드: 계속 진행[0m

[0;34m[2026-05-03 09:00:11] [INFO] === GitHub에서 변경사항 가져오기 ===[0m
https://github.com/comage9/obsidian-vault URL에서
 * branch            main       -> FETCH_HEAD
[0;34m[2026-05-03 09:00:11] [INFO] 로컬:  cf1e73acdec1382678d0396bcef0f1014ae9edd0[0m
[0;34m[2026-05-03 09:00:11] [INFO] 원격:  cf1e73acdec1382678d0396bcef0f1014ae9edd0[0m
[0;32m[2026-05-03 09:00:11] [OK] 동기화 상태 - 변경사항 없음 ✓[0m

[0;34m[2026-05-03 09:00:11] [INFO] 동기화 종료[0m

[0;34m[2026-05-03 10:00:46] [INFO] ==========================================[0m
[0;34m[2026-05-03 10:00:46] [INFO]   GitHub Wiki AI Sync 시작[0m
[0;34m[2026-05-03 10:00:46] [INFO] ==========================================[0m

[1;33m[2026-05-03 10:00:46] [WARN] ⚠️ DRY-RUN 모드: 실제 변경 없음[0m

[0;34m[2026-05-03 10:00:46] [INFO] === 사전 检查 시작 ===[0m
[0;34m[2026-05-03 10:00:46] [INFO] === 로컬 변경사항 检查 ===[0m
[1;33m[2026-05-03 10:00:46] [WARN] 로컬에 저장되지 않은 변경사항 있음[0m
 M "06-Wiki-\354\213\234\354\212\244\355\205\234/Logs/2026-05-02-sync.log"
 M "06-Wiki-\354\213\234\354\212\244\355\205\234/Wiki/\354\235\270\353\215\261\354\212\244.md"
?? "06-Wiki-\354\213\234\354\212\244\355\205\234/Logs/2026-05-02-lint.log"
?? "06-Wiki-\354\213\234\354\212\244\355\205\234/Logs/2026-05-03-sync.log"
[1;33m[2026-05-03 10:00:46] [WARN] Dry-run 모드: 계속 진행[0m

[0;34m[2026-05-03 10:00:46] [INFO] === GitHub에서 변경사항 가져오기 ===[0m
https://github.com/comage9/obsidian-vault URL에서
 * branch            main       -> FETCH_HEAD
[0;34m[2026-05-03 10:00:46] [INFO] 로컬:  cf1e73acdec1382678d0396bcef0f1014ae9edd0[0m
[0;34m[2026-05-03 10:00:46] [INFO] 원격:  cf1e73acdec1382678d0396bcef0f1014ae9edd0[0m
[0;32m[2026-05-03 10:00:46] [OK] 동기화 상태 - 변경사항 없음 ✓[0m

[0;34m[2026-05-03 10:00:46] [INFO] 동기화 종료[0m

[0;34m[2026-05-03 11:00:34] [INFO] ==========================================[0m
[0;34m[2026-05-03 11:00:34] [INFO]   GitHub Wiki AI Sync 시작[0m
[0;34m[2026-05-03 11:00:34] [INFO] ==========================================[0m

[1;33m[2026-05-03 11:00:34] [WARN] ⚠️ DRY-RUN 모드: 실제 변경 없음[0m

[0;34m[2026-05-03 11:00:34] [INFO] === 사전 检查 시작 ===[0m
[0;34m[2026-05-03 11:00:34] [INFO] === 로컬 변경사항 检查 ===[0m
[1;33m[2026-05-03 11:00:34] [WARN] 로컬에 저장되지 않은 변경사항 있음[0m
 M "06-Wiki-\354\213\234\354\212\244\355\205\234/Logs/2026-05-02-sync.log"
 M "06-Wiki-\354\213\234\354\212\244\355\205\234/Wiki/\354\235\270\353\215\261\354\212\244.md"
?? "06-Wiki-\354\213\234\354\212\244\355\205\234/Logs/2026-05-02-lint.log"
?? "06-Wiki-\354\213\234\354\212\244\355\205\234/Logs/2026-05-03-sync.log"
[1;33m[2026-05-03 11:00:34] [WARN] Dry-run 모드: 계속 진행[0m

[0;34m[2026-05-03 11:00:34] [INFO] === GitHub에서 변경사항 가져오기 ===[0m
https://github.com/comage9/obsidian-vault URL에서
 * branch            main       -> FETCH_HEAD
[0;34m[2026-05-03 11:00:34] [INFO] 로컬:  cf1e73acdec1382678d0396bcef0f1014ae9edd0[0m
[0;34m[2026-05-03 11:00:34] [INFO] 원격:  cf1e73acdec1382678d0396bcef0f1014ae9edd0[0m
[0;32m[2026-05-03 11:00:34] [OK] 동기화 상태 - 변경사항 없음 ✓[0m

[0;34m[2026-05-03 11:00:34] [INFO] 동기화 종료[0m

[0;34m[2026-05-03 12:00:51] [INFO] ==========================================[0m
[0;34m[2026-05-03 12:00:51] [INFO]   GitHub Wiki AI Sync 시작[0m
[0;34m[2026-05-03 12:00:51] [INFO] ==========================================[0m

[1;33m[2026-05-03 12:00:51] [WARN] ⚠️ DRY-RUN 모드: 실제 변경 없음[0m

[0;34m[2026-05-03 12:00:51] [INFO] === 사전 检查 시작 ===[0m
[0;34m[2026-05-03 12:00:51] [INFO] === 로컬 변경사항 检查 ===[0m
[1;33m[2026-05-03 12:00:51] [WARN] 로컬에 저장되지 않은 변경사항 있음[0m
 M "06-Wiki-\354\213\234\354\212\244\355\205\234/Logs/2026-05-02-sync.log"
 M "06-Wiki-\354\213\234\354\212\244\355\205\234/Wiki/\354\235\270\353\215\261\354\212\244.md"
?? "06-Wiki-\354\213\234\354\212\244\355\205\234/Logs/2026-05-02-lint.log"
?? "06-Wiki-\354\213\234\354\212\244\355\205\234/Logs/2026-05-03-sync.log"
[1;33m[2026-05-03 12:00:51] [WARN] Dry-run 모드: 계속 진행[0m

[0;34m[2026-05-03 12:00:51] [INFO] === GitHub에서 변경사항 가져오기 ===[0m
https://github.com/comage9/obsidian-vault URL에서
 * branch            main       -> FETCH_HEAD
[0;34m[2026-05-03 12:00:51] [INFO] 로컬:  53a43da3227f896d477fa1b64ff50e7bb56a5f4f[0m
[0;34m[2026-05-03 12:00:51] [INFO] 원격:  53a43da3227f896d477fa1b64ff50e7bb56a5f4f[0m
[0;32m[2026-05-03 12:00:51] [OK] 동기화 상태 - 변경사항 없음 ✓[0m

[0;34m[2026-05-03 12:00:51] [INFO] 동기화 종료[0m

[0;34m[2026-05-03 13:00:08] [INFO] ==========================================[0m
[0;34m[2026-05-03 13:00:08] [INFO]   GitHub Wiki AI Sync 시작[0m
[0;34m[2026-05-03 13:00:08] [INFO] ==========================================[0m

[1;33m[2026-05-03 13:00:08] [WARN] ⚠️ DRY-RUN 모드: 실제 변경 없음[0m

[0;34m[2026-05-03 13:00:08] [INFO] === 사전 检查 시작 ===[0m
[0;34m[2026-05-03 13:00:08] [INFO] === 로컬 변경사항 检查 ===[0m
[1;33m[2026-05-03 13:00:08] [WARN] 로컬에 저장되지 않은 변경사항 있음[0m
 M "06-Wiki-\354\213\234\354\212\244\355\205\234/Logs/2026-05-02-sync.log"
 M "06-Wiki-\354\213\234\354\212\244\355\205\234/Wiki/\354\235\270\353\215\261\354\212\244.md"
?? "06-Wiki-\354\213\234\354\212\244\355\205\234/Logs/2026-05-02-lint.log"
?? "06-Wiki-\354\213\234\354\212\244\355\205\234/Logs/2026-05-03-sync.log"
[1;33m[2026-05-03 13:00:08] [WARN] Dry-run 모드: 계속 진행[0m

[0;34m[2026-05-03 13:00:08] [INFO] === GitHub에서 변경사항 가져오기 ===[0m
https://github.com/comage9/obsidian-vault URL에서
 * branch            main       -> FETCH_HEAD
[0;34m[2026-05-03 13:00:08] [INFO] 로컬:  53a43da3227f896d477fa1b64ff50e7bb56a5f4f[0m
[0;34m[2026-05-03 13:00:08] [INFO] 원격:  53a43da3227f896d477fa1b64ff50e7bb56a5f4f[0m
[0;32m[2026-05-03 13:00:08] [OK] 동기화 상태 - 변경사항 없음 ✓[0m

[0;34m[2026-05-03 13:00:08] [INFO] 동기화 종료[0m

[0;34m[2026-05-03 14:00:21] [INFO] ==========================================[0m
[0;34m[2026-05-03 14:00:21] [INFO]   GitHub Wiki AI Sync 시작[0m
[0;34m[2026-05-03 14:00:21] [INFO] ==========================================[0m

[1;33m[2026-05-03 14:00:21] [WARN] ⚠️ DRY-RUN 모드: 실제 변경 없음[0m

[0;34m[2026-05-03 14:00:21] [INFO] === 사전 检查 시작 ===[0m
[0;34m[2026-05-03 14:00:21] [INFO] === 로컬 변경사항 检查 ===[0m
[1;33m[2026-05-03 14:00:21] [WARN] 로컬에 저장되지 않은 변경사항 있음[0m
 M "06-Wiki-\354\213\234\354\212\244\355\205\234/Logs/2026-05-02-sync.log"
 M "06-Wiki-\354\213\234\354\212\244\355\205\234/Wiki/\354\235\270\353\215\261\354\212\244.md"
?? "06-Wiki-\354\213\234\354\212\244\355\205\234/Logs/2026-05-02-lint.log"
?? "06-Wiki-\354\213\234\354\212\244\355\205\234/Logs/2026-05-03-sync.log"
?? "09-Hermes-\353\251\224\353\252\250\353\246\254/API-\355\202\244-\353\260\217-\355\206\240\355\201\260-\352\264\200\353\246\254.md"
[1;33m[2026-05-03 14:00:21] [WARN] Dry-run 모드: 계속 진행[0m

[0;34m[2026-05-03 14:00:21] [INFO] === GitHub에서 변경사항 가져오기 ===[0m
https://github.com/comage9/obsidian-vault URL에서
 * branch            main       -> FETCH_HEAD
[0;34m[2026-05-03 14:00:21] [INFO] 로컬:  22713f28fa1a486ca28c4ea9f48820888c53fe47[0m
[0;34m[2026-05-03 14:00:21] [INFO] 원격:  22713f28fa1a486ca28c4ea9f48820888c53fe47[0m
[0;32m[2026-05-03 14:00:21] [OK] 동기화 상태 - 변경사항 없음 ✓[0m

[0;34m[2026-05-03 14:00:21] [INFO] 동기화 종료[0m

[0;34m[2026-05-03 15:00:36] [INFO] ==========================================[0m
[0;34m[2026-05-03 15:00:36] [INFO]   GitHub Wiki AI Sync 시작[0m
[0;34m[2026-05-03 15:00:36] [INFO] ==========================================[0m

[1;33m[2026-05-03 15:00:36] [WARN] ⚠️ DRY-RUN 모드: 실제 변경 없음[0m

[0;34m[2026-05-03 15:00:36] [INFO] === 사전 检查 시작 ===[0m
[0;34m[2026-05-03 15:00:36] [INFO] === 로컬 변경사항 检查 ===[0m
[1;33m[2026-05-03 15:00:36] [WARN] 로컬에 저장되지 않은 변경사항 있음[0m
 M "06-Wiki-\354\213\234\354\212\244\355\205\234/Logs/2026-05-02-sync.log"
 M "06-Wiki-\354\213\234\354\212\244\355\205\234/Wiki/\354\235\270\353\215\261\354\212\244.md"
?? "06-Wiki-\354\213\234\354\212\244\355\205\234/Logs/2026-05-02-lint.log"
?? "06-Wiki-\354\213\234\354\212\244\355\205\234/Logs/2026-05-03-sync.log"
?? "09-Hermes-\353\251\224\353\252\250\353\246\254/API-\355\202\244-\353\260\217-\355\206\240\355\201\260-\352\264\200\353\246\254.md"
[1;33m[2026-05-03 15:00:36] [WARN] Dry-run 모드: 계속 진행[0m

[0;34m[2026-05-03 15:00:36] [INFO] === GitHub에서 변경사항 가져오기 ===[0m
https://github.com/comage9/obsidian-vault URL에서
 * branch            main       -> FETCH_HEAD
[0;34m[2026-05-03 15:00:36] [INFO] 로컬:  22713f28fa1a486ca28c4ea9f48820888c53fe47[0m
[0;34m[2026-05-03 15:00:36] [INFO] 원격:  22713f28fa1a486ca28c4ea9f48820888c53fe47[0m
[0;32m[2026-05-03 15:00:36] [OK] 동기화 상태 - 변경사항 없음 ✓[0m

[0;34m[2026-05-03 15:00:36] [INFO] 동기화 종료[0m

[0;34m[2026-05-03 16:00:53] [INFO] ==========================================[0m
[0;34m[2026-05-03 16:00:53] [INFO]   GitHub Wiki AI Sync 시작[0m
[0;34m[2026-05-03 16:00:53] [INFO] ==========================================[0m

[1;33m[2026-05-03 16:00:53] [WARN] ⚠️ DRY-RUN 모드: 실제 변경 없음[0m

[0;34m[2026-05-03 16:00:53] [INFO] === 사전 检查 시작 ===[0m
[0;34m[2026-05-03 16:00:53] [INFO] === 로컬 변경사항 检查 ===[0m
[1;33m[2026-05-03 16:00:53] [WARN] 로컬에 저장되지 않은 변경사항 있음[0m
 M "06-Wiki-\354\213\234\354\212\244\355\205\234/Logs/2026-05-02-sync.log"
 M "06-Wiki-\354\213\234\354\212\244\355\205\234/Wiki/\354\235\270\353\215\261\354\212\244.md"
?? "06-Wiki-\354\213\234\354\212\244\355\205\234/Logs/2026-05-02-lint.log"
?? "06-Wiki-\354\213\234\354\212\244\355\205\234/Logs/2026-05-03-sync.log"
?? "09-Hermes-\353\251\224\353\252\250\353\246\254/API-\355\202\244-\353\260\217-\355\206\240\355\201\260-\352\264\200\353\246\254.md"
[1;33m[2026-05-03 16:00:53] [WARN] Dry-run 모드: 계속 진행[0m

[0;34m[2026-05-03 16:00:53] [INFO] === GitHub에서 변경사항 가져오기 ===[0m
https://github.com/comage9/obsidian-vault URL에서
 * branch            main       -> FETCH_HEAD
[0;34m[2026-05-03 16:00:53] [INFO] 로컬:  22713f28fa1a486ca28c4ea9f48820888c53fe47[0m
[0;34m[2026-05-03 16:00:53] [INFO] 원격:  22713f28fa1a486ca28c4ea9f48820888c53fe47[0m
[0;32m[2026-05-03 16:00:53] [OK] 동기화 상태 - 변경사항 없음 ✓[0m

[0;34m[2026-05-03 16:00:53] [INFO] 동기화 종료[0m

[0;34m[2026-05-03 17:00:07] [INFO] ==========================================[0m
[0;34m[2026-05-03 17:00:07] [INFO]   GitHub Wiki AI Sync 시작[0m
[0;34m[2026-05-03 17:00:07] [INFO] ==========================================[0m

[1;33m[2026-05-03 17:00:07] [WARN] ⚠️ DRY-RUN 모드: 실제 변경 없음[0m

[0;34m[2026-05-03 17:00:07] [INFO] === 사전 检查 시작 ===[0m
[0;34m[2026-05-03 17:00:07] [INFO] === 로컬 변경사항 检查 ===[0m
[1;33m[2026-05-03 17:00:07] [WARN] 로컬에 저장되지 않은 변경사항 있음[0m
 M "06-Wiki-\354\213\234\354\212\244\355\205\234/Logs/2026-05-02-sync.log"
 M "06-Wiki-\354\213\234\354\212\244\355\205\234/Wiki/\354\235\270\353\215\261\354\212\244.md"
?? "06-Wiki-\354\213\234\354\212\244\355\205\234/Logs/2026-05-02-lint.log"
?? "06-Wiki-\354\213\234\354\212\244\355\205\234/Logs/2026-05-03-sync.log"
?? "09-Hermes-\353\251\224\353\252\250\353\246\254/API-\355\202\244-\353\260\217-\355\206\240\355\201\260-\352\264\200\353\246\254.md"
[1;33m[2026-05-03 17:00:07] [WARN] Dry-run 모드: 계속 진행[0m

[0;34m[2026-05-03 17:00:07] [INFO] === GitHub에서 변경사항 가져오기 ===[0m
https://github.com/comage9/obsidian-vault URL에서
 * branch            main       -> FETCH_HEAD
[0;34m[2026-05-03 17:00:07] [INFO] 로컬:  22713f28fa1a486ca28c4ea9f48820888c53fe47[0m
[0;34m[2026-05-03 17:00:07] [INFO] 원격:  22713f28fa1a486ca28c4ea9f48820888c53fe47[0m
[0;32m[2026-05-03 17:00:07] [OK] 동기화 상태 - 변경사항 없음 ✓[0m

[0;34m[2026-05-03 17:00:07] [INFO] 동기화 종료[0m

[0;34m[2026-05-03 18:00:27] [INFO] ==========================================[0m
[0;34m[2026-05-03 18:00:27] [INFO]   GitHub Wiki AI Sync 시작[0m
[0;34m[2026-05-03 18:00:27] [INFO] ==========================================[0m

[1;33m[2026-05-03 18:00:27] [WARN] ⚠️ DRY-RUN 모드: 실제 변경 없음[0m

[0;34m[2026-05-03 18:00:27] [INFO] === 사전 检查 시작 ===[0m
[0;34m[2026-05-03 18:00:27] [INFO] === 로컬 변경사항 检查 ===[0m
[1;33m[2026-05-03 18:00:27] [WARN] 로컬에 저장되지 않은 변경사항 있음[0m
 M "06-Wiki-\354\213\234\354\212\244\355\205\234/Logs/2026-05-02-sync.log"
 M "06-Wiki-\354\213\234\354\212\244\355\205\234/Wiki/\354\235\270\353\215\261\354\212\244.md"
?? "06-Wiki-\354\213\234\354\212\244\355\205\234/Logs/2026-05-02-lint.log"
?? "06-Wiki-\354\213\234\354\212\244\355\205\234/Logs/2026-05-03-sync.log"
?? "09-Hermes-\353\251\224\353\252\250\353\246\254/API-\355\202\244-\353\260\217-\355\206\240\355\201\260-\352\264\200\353\246\254.md"
[1;33m[2026-05-03 18:00:27] [WARN] Dry-run 모드: 계속 진행[0m

[0;34m[2026-05-03 18:00:27] [INFO] === GitHub에서 변경사항 가져오기 ===[0m
https://github.com/comage9/obsidian-vault URL에서
 * branch            main       -> FETCH_HEAD
[0;34m[2026-05-03 18:00:27] [INFO] 로컬:  22713f28fa1a486ca28c4ea9f48820888c53fe47[0m
[0;34m[2026-05-03 18:00:27] [INFO] 원격:  22713f28fa1a486ca28c4ea9f48820888c53fe47[0m
[0;32m[2026-05-03 18:00:27] [OK] 동기화 상태 - 변경사항 없음 ✓[0m

[0;34m[2026-05-03 18:00:27] [INFO] 동기화 종료[0m

[0;34m[2026-05-03 19:00:15] [INFO] ==========================================[0m
[0;34m[2026-05-03 19:00:15] [INFO]   GitHub Wiki AI Sync 시작[0m
[0;34m[2026-05-03 19:00:15] [INFO] ==========================================[0m

[1;33m[2026-05-03 19:00:15] [WARN] ⚠️ DRY-RUN 모드: 실제 변경 없음[0m

[0;34m[2026-05-03 19:00:15] [INFO] === 사전 检查 시작 ===[0m
[0;34m[2026-05-03 19:00:15] [INFO] === 로컬 변경사항 检查 ===[0m
[1;33m[2026-05-03 19:00:15] [WARN] 로컬에 저장되지 않은 변경사항 있음[0m
 M "06-Wiki-\354\213\234\354\212\244\355\205\234/Logs/2026-05-02-sync.log"
 M "06-Wiki-\354\213\234\354\212\244\355\205\234/Wiki/\354\235\270\353\215\261\354\212\244.md"
?? "06-Wiki-\354\213\234\354\212\244\355\205\234/Logs/2026-05-02-lint.log"
?? "06-Wiki-\354\213\234\354\212\244\355\205\234/Logs/2026-05-03-sync.log"
?? "09-Hermes-\353\251\224\353\252\250\353\246\254/API-\355\202\244-\353\260\217-\355\206\240\355\201\260-\352\264\200\353\246\254.md"
[1;33m[2026-05-03 19:00:15] [WARN] Dry-run 모드: 계속 진행[0m

[0;34m[2026-05-03 19:00:15] [INFO] === GitHub에서 변경사항 가져오기 ===[0m
https://github.com/comage9/obsidian-vault URL에서
 * branch            main       -> FETCH_HEAD
[0;34m[2026-05-03 19:00:15] [INFO] 로컬:  22713f28fa1a486ca28c4ea9f48820888c53fe47[0m
[0;34m[2026-05-03 19:00:15] [INFO] 원격:  22713f28fa1a486ca28c4ea9f48820888c53fe47[0m
[0;32m[2026-05-03 19:00:15] [OK] 동기화 상태 - 변경사항 없음 ✓[0m

[0;34m[2026-05-03 19:00:15] [INFO] 동기화 종료[0m
