[2026-05-04 22:01:35] Wiki Lint 시작

[2026-05-04 22:01:35] 1. 깨진 링크 검사 중...
    - 깨진 링크: [[Raw/2026-04-27-세션-카파시-위키-방식-설정]]
sed: -e 표현식 1번째 행, 64번째 문자: `s'에 알 수 없는 옵션이 있습니다
    - 깨진 링크: [[Raw/2026-04-27-세션-카파시-위키-방식-설정]]
sed: -e 표현식 1번째 행, 64번째 문자: `s'에 알 수 없는 옵션이 있습니다
    - 깨진 링크: 2개 수정

[2026-05-04 22:01:35] 2. 빈 문서 검사 중...
    - 빈 문서: 0개

[2026-05-04 22:01:35] 3. 오래된 문서 검사 중...
    - 오래된 문서: 0개

[2026-05-04 22:01:35] 4. 인덱스 업데이트 중...

========================================
[2026-05-04 22:01:35] Wiki Lint 완료!
========================================
검사 결과:
   - 깨진 링크: 2개
   - 빈 문서: 0개
   - 오래된 문서: 0개
   - 총 문서: 20개

[2026-05-04 22:02:54] Wiki Lint 시작

[2026-05-04 22:02:54] 1. 깨진 링크 검사 중...
    - 깨진 링크: 0개 수정

[2026-05-04 22:02:54] 2. 빈 문서 검사 중...
    - 빈 문서: 0개

[2026-05-04 22:02:54] 3. 오래된 문서 검사 중...
    - 오래된 문서: 0개

[2026-05-04 22:02:54] 4. 인덱스 업데이트 중...

========================================
[2026-05-04 22:02:54] Wiki Lint 완료!
========================================
검사 결과:
   - 깨진 링크: 0개
   - 빈 문서: 0개
   - 오래된 문서: 0개
   - 총 문서: 20개

