
[0;34m[2026-05-27 00:00:21] [INFO] === Wiki Git Auto-Sync 시작 ===[0m

[0;34m[2026-05-27 00:00:21] [INFO] 변경사항 확인 중...[0m
[0;34m[2026-05-27 00:00:21] [INFO] 변경사항 발견: +1 ~6 -6 (총 7개)[0m

[0;34m[2026-05-27 00:00:21] [INFO] Git add -A...[0m
[0;34m[2026-05-27 00:00:21] [INFO] Git commit: "Wiki auto-sync: 2026-05-27 00:00"...[0m
[main 120a207] Wiki auto-sync: 2026-05-27 00:00
 7 files changed, 245 insertions(+), 209 deletions(-)
 create mode 100644 "06-Wiki-\354\213\234\354\212\244\355\205\234/Logs/2026-05-26-\353\241\234\352\267\270.md"
[0;34m[2026-05-27 00:00:21] [INFO] Git push to origin main...[0m
To https://github.com/comage9/obsidian-vault.git
 ! [rejected]        main -> main (fetch first)
error: 레퍼런스를 'https://github.com/comage9/obsidian-vault.git'에 푸시하는데 실패했습니다
hint: Updates were rejected because the remote contains work that you do not
hint: have locally. This is usually caused by another repository pushing to
hint: the same ref. If you want to integrate the remote changes, use
hint: 'git pull' before pushing again.
hint: See the 'Note about fast-forwards' in 'git push --help' for details.
[0;31m[2026-05-27 00:00:21] [ERROR] ❌ Push 실패![0m
[0;34m[2026-05-27 00:00:21] [INFO] 수동 확인 필요: cd /home/comtop/obsidian-vault/06-Wiki-시스템 && git status[0m

[0;32m[2026-05-27 00:00:21] [OK] === Wiki Git Auto-Sync 완료 ===[0m

