[2026-05-06 16:00:14] ChromaDB 인덱싱 시작
[2026-05-06 16:00:14] 임베딩 모델 로드 중 (GPU): nomic-ai/nomic-embed-text-v1.5
[2026-05-06 16:00:17] 모델 로드 완료 (GPU)
[2026-05-06 16:00:17] ChromaDB 컬렉션: obsidian_wiki
[2026-05-06 16:00:17] 인덱싱 대상 파일: 964개
[16:00:20]   처리 중: 20/964
[16:00:40]   처리 중: 40/964
[16:00:60]   처리 중: 60/964
[16:00:80]   처리 중: 80/964
[16:00:100]   처리 중: 100/964
[16:00:120]   처리 중: 120/964
[16:00:140]   처리 중: 140/964
[16:00:160]   처리 중: 160/964
[16:00:180]   처리 중: 180/964
[16:00:200]   처리 중: 200/964
[16:00:220]   처리 중: 220/964
[16:00:240]   처리 중: 240/964
[16:00:260]   처리 중: 260/964
[16:00:280]   처리 중: 280/964
[16:00:300]   처리 중: 300/964
[16:00:320]   처리 중: 320/964
[16:00:340]   처리 중: 340/964
[16:00:360]   처리 중: 360/964
[16:00:380]   처리 중: 380/964
[16:00:400]   처리 중: 400/964
[16:00:420]   처리 중: 420/964
[16:00:440]   처리 중: 440/964
[16:00:460]   처리 중: 460/964
[16:00:480]   처리 중: 480/964
[16:00:500]   처리 중: 500/964
[16:00:520]   처리 중: 520/964
[16:00:540]   처리 중: 540/964
[16:00:560]   처리 중: 560/964
[16:00:580]   처리 중: 580/964
[16:00:600]   처리 중: 600/964
[16:00:620]   처리 중: 620/964
[16:00:640]   처리 중: 640/964
[16:00:660]   처리 중: 660/964
[16:00:680]   처리 중: 680/964
[16:00:700]   처리 중: 700/964
[16:00:720]   처리 중: 720/964
[16:00:740]   처리 중: 740/964
[16:00:760]   처리 중: 760/964
[16:00:780]   처리 중: 780/964
[16:00:800]   처리 중: 800/964
[16:00:820]   처리 중: 820/964
[16:00:840]   처리 중: 840/964
[16:00:860]   처리 중: 860/964
[16:00:880]   처리 중: 880/964
[16:00:900]   처리 중: 900/964
[16:00:920]   처리 중: 920/964
[16:00:940]   처리 중: 940/964
[16:00:960]   처리 중: 960/964
[16:04:XX] 인베딩 생성 중...
[16:05:XX] CUDA out of memory - CPU로 폴백 (배치 8)
[16:05:XX] 타임아웃 (300초 초과)
[16:05:XX] 인덱싱 미완료 - 배치 크기 축소 또는 스케줄러 조정 필요
[16:05:XX] 마지막 진행률: 배치 33/127 (~26%)
[16:05:XX] ChromaDB 인덱싱 완료 (부분 실패)
[2026-05-06 22:03:36] 🔍 ChromaDB 인덱싱 시작
ChromaDB 설치 필요: pip install chromadb
[2026-05-06 22:03:36] ✅ ChromaDB 인덱싱 완료
