
[0;34m[2026-05-26 23:55:02] [INFO] ==========================================[0m
[0;34m[2026-05-26 23:55:02] [INFO]   Wiki Cleanup[0m
[0;34m[2026-05-26 23:55:02] [INFO] ==========================================[0m

[0;34m[2026-05-26 23:55:02] [INFO] === Step 1: Archive old session files ===[0m
[0;34m[2026-05-26 23:55:02] [INFO]    Result: 0 archived, 0 skipped[0m

[0;34m[2026-05-26 23:55:02] [INFO] === Step 2: Update index.md ===[0m
index.md: 43 pages, 6 categories

[0;34m[2026-05-26 23:55:02] [INFO] === Step 3: Update log.md ===[0m
[0;32m[2026-05-26 23:55:02] [OK]   Done[0m

[0;34m[2026-05-26 23:55:02] [INFO] === Step 4: Graphify graph ===[0m
Scanning wiki: /home/comtop/obsidian-vault/06-Wiki-시스템/Wiki
JSON written: /home/comtop/obsidian-vault/06-Wiki-시스템/Wiki/Output/graph.json
HTML written: /home/comtop/obsidian-vault/06-Wiki-시스템/Wiki/Output/graph.html

📊 Graph Summary:
   Nodes: 47
   Edges: 93
   Avg edges/node: 1.98

[0;34m[2026-05-26 23:55:02] [INFO] === Step 5: Gap analysis ===[0m
Loading graph: /home/comtop/obsidian-vault/06-Wiki-시스템/Wiki/Output/graph.json
Gap analysis written: /home/comtop/obsidian-vault/06-Wiki-시스템/Wiki/Output/gap-analysis.md
  Total nodes: 47
  Total edges: 93
  Density: 0.0860
  Isolated nodes: 3
  Hub nodes: 10

[0;34m[2026-05-26 23:55:02] [INFO] ==========================================[0m
[0;32m[2026-05-26 23:55:02] [OK]   Wiki Cleanup complete[0m
[0;34m[2026-05-26 23:55:02] [INFO] ==========================================[0m

