
[0;34m[2026-05-07 09:00:45] [INFO] ==========================================[0m
[0;34m[2026-05-07 09:00:45] [INFO]   GitHub Wiki AI Sync 시작[0m
[0;34m[2026-05-07 09:00:45] [INFO] ==========================================[0m

[1;33m[2026-05-07 09:00:45] [WARN] ⚠️ DRY-RUN 모드: 실제 변경 없음[0m

[0;34m[2026-05-07 09:00:45] [INFO] === 사전 检查 시작 ===[0m
[0;34m[2026-05-07 09:00:45] [INFO] === 로컬 변경사항 检查 ===[0m
[1;33m[2026-05-07 09:00:45] [WARN] 로컬에 저장되지 않은 변경사항 있음[0m
 M "06-Wiki-\354\213\234\354\212\244\355\205\234/.validate_status.json"
 M "06-Wiki-\354\213\234\354\212\244\355\205\234/.wiki_content_hashes"
 M "06-Wiki-\354\213\234\354\212\244\355\205\234/Archived/2026-05/README.md"
 D "06-Wiki-\354\213\234\354\212\244\355\205\234/Raw/2026-05-06-\354\243\274\355\230\204 \352\271\200/20260506_181552_telegram_session.md"
 D "06-Wiki-\354\213\234\354\212\244\355\205\234/Raw/2026-05-06-\354\243\274\355\230\204 \352\271\200/20260506_183102_telegram_session.md"
 D "06-Wiki-\354\213\234\354\212\244\355\205\234/Raw/2026-05-06-\354\243\274\355\230\204 \352\271\200/20260506_184511_telegram_session.md"
 D "06-Wiki-\354\213\234\354\212\244\355\205\234/Raw/2026-05-06-\354\243\274\355\230\204 \352\271\200/20260506_190021_telegram_session.md"
 D "06-Wiki-\354\213\234\354\212\244\355\205\234/Raw/2026-05-06-\354\243\274\355\230\204 \352\271\200/20260506_191537_telegram_session.md"
 D "06-Wiki-\354\213\234\354\212\244\355\205\234/Raw/2026-05-06-\354\243\274\355\230\204 \352\271\200/README.md"
 M "06-Wiki-\354\213\234\354\212\244\355\205\234/Wiki/2026-05-06-README.md"
 M "06-Wiki-\354\213\234\354\212\244\355\205\234/Wiki/\354\235\270\353\215\261\354\212\244.md"
?? "06-Wiki-\354\213\234\354\212\244\355\205\234/Archived/2026-05/20260506_181552_telegram_session.md"
?? "06-Wiki-\354\213\234\354\212\244\355\205\234/Archived/2026-05/20260506_183102_telegram_session.md"
?? "06-Wiki-\354\213\234\354\212\244\355\205\234/Archived/2026-05/20260506_184511_telegram_session.md"
?? "06-Wiki-\354\213\234\354\212\244\355\205\234/Archived/2026-05/20260506_190021_telegram_session.md"
?? "06-Wiki-\354\213\234\354\212\244\355\205\234/Archived/2026-05/20260506_191537_telegram_session.md"
?? "06-Wiki-\354\213\234\354\212\244\355\205\234/Archived/2026-05/20260506_193053_telegram_session.md"
?? "06-Wiki-\354\213\234\354\212\244\355\205\234/Archived/2026-05/20260506_194602_telegram_session.md"
?? "06-Wiki-\354\213\234\354\212\244\355\205\234/Archived/2026-05/20260506_200011_telegram_session.md"
?? "06-Wiki-\354\213\234\354\212\244\355\205\234/Archived/2026-05/20260506_201506_telegram_session.md"
?? "06-Wiki-\354\213\234\354\212\244\355\205\234/Archived/2026-05/20260506_203022_telegram_session.md"
?? "06-Wiki-\354\213\234\354\212\244\355\205\234/Archived/2026-05/20260506_204607_telegram_session.md"
?? "06-Wiki-\354\213\234\354\212\244\355\205\234/Archived/2026-05/20260506_210020_telegram_session.md"
?? "06-Wiki-\354\213\234\354\212\244\355\205\234/Archived/2026-05/20260506_211611_telegram_session.md"
?? "06-Wiki-\354\213\234\354\212\244\355\205\234/Archived/2026-05/20260506_213015_telegram_session.md"
?? "06-Wiki-\354\213\234\354\212\244\355\205\234/Archived/2026-05/20260506_214532_telegram_session.md"
?? "06-Wiki-\354\213\234\354\212\244\355\205\234/Archived/2026-05/20260506_220102_telegram_session.md"
?? "06-Wiki-\354\213\234\354\212\244\355\205\234/Archived/2026-05/20260506_221647_telegram_session.md"
?? "06-Wiki-\354\213\234\354\212\244\355\205\234/Archived/2026-05/20260506_223015_telegram_session.md"
?? "06-Wiki-\354\213\234\354\212\244\355\205\234/Archived/2026-05/20260506_224547_telegram_session.md"
?? "06-Wiki-\354\213\234\354\212\244\355\205\234/Archived/2026-05/20260506_230020_telegram_session.md"
?? "06-Wiki-\354\213\234\354\212\244\355\205\234/Archived/2026-05/20260506_231521_telegram_session.md"
?? "06-Wiki-\354\213\234\354\212\244\355\205\234/Archived/2026-05/20260506_233036_telegram_session.md"
?? "06-Wiki-\354\213\234\354\212\244\355\205\234/Archived/2026-05/20260506_234518_telegram_session.md"
?? "06-Wiki-\354\213\234\354\212\244\355\205\234/Archived/2026-05/20260507_000031_telegram_session.md"
?? "06-Wiki-\354\213\234\354\212\244\355\205\234/Archived/2026-05/20260507_001551_telegram_session.md"
?? "06-Wiki-\354\213\234\354\212\244\355\205\234/Archived/2026-05/20260507_003103_telegram_session.md"
?? "06-Wiki-\354\213\234\354\212\244\355\205\234/Archived/2026-05/20260507_004538_telegram_session.md"
?? "06-Wiki-\354\213\234\354\212\244\355\205\234/Archived/2026-05/20260507_010057_telegram_session.md"
?? "06-Wiki-\354\213\234\354\212\244\355\205\234/Archived/2026-05/20260507_011514_telegram_session.md"
?? "06-Wiki-\354\213\234\354\212\244\355\205\234/Archived/2026-05/20260507_013029_telegram_session.md"
?? "06-Wiki-\354\213\234\354\212\244\355\205\234/Archived/2026-05/20260507_014547_telegram_session.md"
?? "06-Wiki-\354\213\234\354\212\244\355\205\234/Archived/2026-05/20260507_020009_telegram_session.md"
?? "06-Wiki-\354\213\234\354\212\244\355\205\234/Archived/2026-05/20260507_021526_telegram_session.md"
?? "06-Wiki-\354\213\234\354\212\244\355\205\234/Archived/2026-05/20260507_023037_telegram_session.md"
?? "06-Wiki-\354\213\234\354\212\244\355\205\234/Archived/2026-05/20260507_024547_telegram_session.md"
?? "06-Wiki-\354\213\234\354\212\244\355\205\234/Archived/2026-05/20260507_030045_telegram_session.md"
?? "06-Wiki-\354\213\234\354\212\244\355\205\234/Archived/2026-05/20260507_031511_telegram_session.md"
?? "06-Wiki-\354\213\234\354\212\244\355\205\234/Archived/2026-05/20260507_033028_telegram_session.md"
?? "06-Wiki-\354\213\234\354\212\244\355\205\234/Archived/2026-05/20260507_034542_telegram_session.md"
?? "06-Wiki-\354\213\234\354\212\244\355\205\234/Archived/2026-05/20260507_040009_telegram_session.md"
?? "06-Wiki-\354\213\234\354\212\244\355\205\234/Archived/2026-05/20260507_041626_telegram_session.md"
?? "06-Wiki-\354\213\234\354\212\244\355\205\234/Archived/2026-05/20260507_043110_telegram_session.md"
?? "06-Wiki-\354\213\234\354\212\244\355\205\234/Archived/2026-05/20260507_044521_telegram_session.md"
?? "06-Wiki-\354\213\234\354\212\244\355\205\234/Archived/2026-05/20260507_050052_telegram_session.md"
?? "06-Wiki-\354\213\234\354\212\244\355\205\234/Archived/2026-05/20260507_051520_telegram_session.md"
?? "06-Wiki-\354\213\234\354\212\244\355\205\234/Archived/2026-05/20260507_053041_telegram_session.md"
?? "06-Wiki-\354\213\234\354\212\244\355\205\234/Archived/2026-05/20260507_054552_telegram_session.md"
?? "06-Wiki-\354\213\234\354\212\244\355\205\234/Archived/2026-05/20260507_060024_telegram_session.md"
?? "06-Wiki-\354\213\234\354\212\244\355\205\234/Archived/2026-05/20260507_061633_telegram_session.md"
?? "06-Wiki-\354\213\234\354\212\244\355\205\234/Archived/2026-05/20260507_063107_telegram_session.md"
?? "06-Wiki-\354\213\234\354\212\244\355\205\234/Archived/2026-05/20260507_064525_telegram_session.md"
?? "06-Wiki-\354\213\234\354\212\244\355\205\234/Archived/2026-05/20260507_070051_telegram_session.md"
?? "06-Wiki-\354\213\234\354\212\244\355\205\234/Archived/2026-05/20260507_071523_telegram_session.md"
?? "06-Wiki-\354\213\234\354\212\244\355\205\234/Archived/2026-05/20260507_073107_telegram_session.md"
?? "06-Wiki-\354\213\234\354\212\244\355\205\234/Wiki/2026-05-06-20260506_181552_telegram_session.md"
?? "06-Wiki-\354\213\234\354\212\244\355\205\234/Wiki/2026-05-06-20260506_183102_telegram_session.md"
?? "06-Wiki-\354\213\234\354\212\244\355\205\234/Wiki/2026-05-06-20260506_184511_telegram_session.md"
?? "06-Wiki-\354\213\234\354\212\244\355\205\234/Wiki/2026-05-06-20260506_190021_telegram_session.md"
?? "06-Wiki-\354\213\234\354\212\244\355\205\234/Wiki/2026-05-06-20260506_191537_telegram_session.md"
?? "06-Wiki-\354\213\234\354\212\244\355\205\234/Wiki/2026-05-06-20260506_193053_telegram_session.md"
?? "06-Wiki-\354\213\234\354\212\244\355\205\234/Wiki/2026-05-06-20260506_194602_telegram_session.md"
?? "06-Wiki-\354\213\234\354\212\244\355\205\234/Wiki/2026-05-06-20260506_200011_telegram_session.md"
?? "06-Wiki-\354\213\234\354\212\244\355\205\234/Wiki/2026-05-06-20260506_201506_telegram_session.md"
?? "06-Wiki-\354\213\234\354\212\244\355\205\234/Wiki/2026-05-06-20260506_203022_telegram_session.md"
?? "06-Wiki-\354\213\234\354\212\244\355\205\234/Wiki/2026-05-06-20260506_204607_telegram_session.md"
?? "06-Wiki-\354\213\234\354\212\244\355\205\234/Wiki/2026-05-06-20260506_210020_telegram_session.md"
?? "06-Wiki-\354\213\234\354\212\244\355\205\234/Wiki/2026-05-06-20260506_211611_telegram_session.md"
?? "06-Wiki-\354\213\234\354\212\244\355\205\234/Wiki/2026-05-06-20260506_213015_telegram_session.md"
?? "06-Wiki-\354\213\234\354\212\244\355\205\234/Wiki/2026-05-06-20260506_214532_telegram_session.md"
?? "06-Wiki-\354\213\234\354\212\244\355\205\234/Wiki/2026-05-06-20260506_220102_telegram_session.md"
?? "06-Wiki-\354\213\234\354\212\244\355\205\234/Wiki/2026-05-07-20260506_221647_telegram_session.md"
?? "06-Wiki-\354\213\234\354\212\244\355\205\234/Wiki/2026-05-07-20260506_223015_telegram_session.md"
?? "06-Wiki-\354\213\234\354\212\244\355\205\234/Wiki/2026-05-07-20260506_224547_telegram_session.md"
?? "06-Wiki-\354\213\234\354\212\244\355\205\234/Wiki/2026-05-07-20260506_230020_telegram_session.md"
?? "06-Wiki-\354\213\234\354\212\244\355\205\234/Wiki/2026-05-07-20260506_231521_telegram_session.md"
?? "06-Wiki-\354\213\234\354\212\244\355\205\234/Wiki/2026-05-07-20260506_233036_telegram_session.md"
?? "06-Wiki-\354\213\234\354\212\244\355\205\234/Wiki/2026-05-07-20260506_234518_telegram_session.md"
?? "06-Wiki-\354\213\234\354\212\244\355\205\234/Wiki/2026-05-07-20260507_000031_telegram_session.md"
?? "06-Wiki-\354\213\234\354\212\244\355\205\234/Wiki/2026-05-07-20260507_001551_telegram_session.md"
?? "06-Wiki-\354\213\234\354\212\244\355\205\234/Wiki/2026-05-07-20260507_003103_telegram_session.md"
?? "06-Wiki-\354\213\234\354\212\244\355\205\234/Wiki/2026-05-07-20260507_004538_telegram_session.md"
?? "06-Wiki-\354\213\234\354\212\244\355\205\234/Wiki/2026-05-07-20260507_010057_telegram_session.md"
?? "06-Wiki-\354\213\234\354\212\244\355\205\234/Wiki/2026-05-07-20260507_011514_telegram_session.md"
?? "06-Wiki-\354\213\234\354\212\244\355\205\234/Wiki/2026-05-07-20260507_013029_telegram_session.md"
?? "06-Wiki-\354\213\234\354\212\244\355\205\234/Wiki/2026-05-07-20260507_014547_telegram_session.md"
?? "06-Wiki-\354\213\234\354\212\244\355\205\234/Wiki/2026-05-07-20260507_020009_telegram_session.md"
?? "06-Wiki-\354\213\234\354\212\244\355\205\234/Wiki/2026-05-07-20260507_021526_telegram_session.md"
?? "06-Wiki-\354\213\234\354\212\244\355\205\234/Wiki/2026-05-07-20260507_023037_telegram_session.md"
?? "06-Wiki-\354\213\234\354\212\244\355\205\234/Wiki/2026-05-07-20260507_024547_telegram_session.md"
?? "06-Wiki-\354\213\234\354\212\244\355\205\234/Wiki/2026-05-07-20260507_030045_telegram_session.md"
?? "06-Wiki-\354\213\234\354\212\244\355\205\234/Wiki/2026-05-07-20260507_031511_telegram_session.md"
?? "06-Wiki-\354\213\234\354\212\244\355\205\234/Wiki/2026-05-07-20260507_033028_telegram_session.md"
?? "06-Wiki-\354\213\234\354\212\244\355\205\234/Wiki/2026-05-07-20260507_034542_telegram_session.md"
?? "06-Wiki-\354\213\234\354\212\244\355\205\234/Wiki/2026-05-07-20260507_040009_telegram_session.md"
?? "06-Wiki-\354\213\234\354\212\244\355\205\234/Wiki/2026-05-07-20260507_041626_telegram_session.md"
?? "06-Wiki-\354\213\234\354\212\244\355\205\234/Wiki/2026-05-07-20260507_043110_telegram_session.md"
?? "06-Wiki-\354\213\234\354\212\244\355\205\234/Wiki/2026-05-07-20260507_044521_telegram_session.md"
?? "06-Wiki-\354\213\234\354\212\244\355\205\234/Wiki/2026-05-07-20260507_050052_telegram_session.md"
?? "06-Wiki-\354\213\234\354\212\244\355\205\234/Wiki/2026-05-07-20260507_051520_telegram_session.md"
?? "06-Wiki-\354\213\234\354\212\244\355\205\234/Wiki/2026-05-07-20260507_053041_telegram_session.md"
?? "06-Wiki-\354\213\234\354\212\244\355\205\234/Wiki/2026-05-07-20260507_054552_telegram_session.md"
?? "06-Wiki-\354\213\234\354\212\244\355\205\234/Wiki/2026-05-07-20260507_060024_telegram_session.md"
?? "06-Wiki-\354\213\234\354\212\244\355\205\234/Wiki/2026-05-07-20260507_061633_telegram_session.md"
?? "06-Wiki-\354\213\234\354\212\244\355\205\234/Wiki/2026-05-07-20260507_063107_telegram_session.md"
?? "06-Wiki-\354\213\234\354\212\244\355\205\234/Wiki/2026-05-07-20260507_064525_telegram_session.md"
?? "06-Wiki-\354\213\234\354\212\244\355\205\234/Wiki/2026-05-07-20260507_070051_telegram_session.md"
?? "06-Wiki-\354\213\234\354\212\244\355\205\234/Wiki/2026-05-07-20260507_071523_telegram_session.md"
?? "06-Wiki-\354\213\234\354\212\244\355\205\234/Wiki/2026-05-07-20260507_073107_telegram_session.md"
?? "06-Wiki-\354\213\234\354\212\244\355\205\234/Wiki/2026-05-07-README.md"
?? "06-Wiki-\354\213\234\354\212\244\355\205\234/token-usage/2026-05-07.md"
?? "09-Hermes-\353\251\224\353\252\250\353\246\254/API-\355\202\244-\353\260\217-\355\206\240\355\201\260-\352\264\200\353\246\254.md"
[1;33m[2026-05-07 09:00:45] [WARN] Dry-run 모드: 계속 진행[0m

[0;34m[2026-05-07 09:00:45] [INFO] === GitHub에서 변경사항 가져오기 ===[0m
https://github.com/comage9/obsidian-vault URL에서
 * branch            main       -> FETCH_HEAD
[0;34m[2026-05-07 09:00:45] [INFO] 로컬:  5765545d69c5fafa89f7e4050c7b8b214cd0b5ba[0m
[0;34m[2026-05-07 09:00:45] [INFO] 원격:  5765545d69c5fafa89f7e4050c7b8b214cd0b5ba[0m
[0;32m[2026-05-07 09:00:45] [OK] 동기화 상태 - 변경사항 없음 ✓[0m

[0;34m[2026-05-07 09:00:45] [INFO] 동기화 종료[0m
