[2026-05-26 22:00:41] 🔧 Wiki 린트 시작

[2026-05-26 22:00:41] 0️⃣ [[\1]] 아티팩트 정리 중...

[2026-05-26 22:00:41] 1️⃣ 깨진 링크 검사 중...
    📊 깨진 링크: 0개 발견

[2026-05-26 22:00:41] 2️⃣ 이중 타이틀 검사 중...
    📊 이중 타이틀: 0개 수정

[2026-05-26 22:00:41] 3️⃣ 빈 문서 검사 중...
    📊 빈 문서: 0개 발견

[2026-05-26 22:00:41] 4️⃣ 고아 문서 검사 중...
    📊 고아 문서: 0개 발견

[2026-05-26 22:00:41] 5️⃣ 오래된 문서 검사 중...
    📊 오래된 문서: 0개 발견

[2026-05-26 22:00:41] 6️⃣ 인덱스 업데이트 중...

========================================
[2026-05-26 22:00:41] ✅ Wiki 린트 완료!
========================================

📊 검사 결과 요약:
   🔗 깨진 링크: 0개 수정
   📝 이중 타이틀: 0개 수정
   📄 빈 문서: 0개 발견
   👻 고아 문서: 0개 발견
   ⏰ 오래된 문서: 0개 발견
   📚 총 문서: 49개

