
[0;34m[2026-04-30 00:01:04] [INFO] ==========================================[0m
[0;34m[2026-04-30 00:01:04] [INFO]   GitHub Wiki AI Sync 시작[0m
[0;34m[2026-04-30 00:01:04] [INFO] ==========================================[0m

[1;33m[2026-04-30 00:01:04] [WARN] ⚠️ DRY-RUN 모드: 실제 변경 없음[0m

[0;34m[2026-04-30 00:01:04] [INFO] === 사전 检查 시작 ===[0m
[0;34m[2026-04-30 00:01:04] [INFO] === 로컬 변경사항 检查 ===[0m
[1;33m[2026-04-30 00:01:04] [WARN] 로컬에 저장되지 않은 변경사항 있음[0m
 M "06-Wiki-\354\213\234\354\212\244\355\205\234/Logs/2026-04-29-sync.log"
 M "06-Wiki-\354\213\234\354\212\244\355\205\234/Wiki/\354\235\270\353\215\261\354\212\244.md"
?? "06-Wiki-\354\213\234\354\212\244\355\205\234/Logs/2026-04-29-lint.log"
?? "06-Wiki-\354\213\234\354\212\244\355\205\234/Logs/2026-04-30-sync.log"
?? "06-Wiki-\354\213\234\354\212\244\355\205\234/Wiki/stocks/"
[1;33m[2026-04-30 00:01:04] [WARN] Dry-run 모드: 계속 진행[0m

[0;34m[2026-04-30 00:01:04] [INFO] === GitHub에서 변경사항 가져오기 ===[0m
https://github.com/comage9/obsidian-vault URL에서
 * branch            main       -> FETCH_HEAD
[0;34m[2026-04-30 00:01:04] [INFO] 로컬:  d3e2aebaf1190d0bb7dbd4668b71de5221ccca83[0m
[0;34m[2026-04-30 00:01:04] [INFO] 원격:  d3e2aebaf1190d0bb7dbd4668b71de5221ccca83[0m
[0;32m[2026-04-30 00:01:04] [OK] 동기화 상태 - 변경사항 없음 ✓[0m

[0;34m[2026-04-30 00:01:04] [INFO] 동기화 종료[0m

[0;34m[2026-04-30 01:00:22] [INFO] ==========================================[0m
[0;34m[2026-04-30 01:00:22] [INFO]   GitHub Wiki AI Sync 시작[0m
[0;34m[2026-04-30 01:00:22] [INFO] ==========================================[0m

[1;33m[2026-04-30 01:00:22] [WARN] ⚠️ DRY-RUN 모드: 실제 변경 없음[0m

[0;34m[2026-04-30 01:00:22] [INFO] === 사전 检查 시작 ===[0m
[0;34m[2026-04-30 01:00:22] [INFO] === 로컬 변경사항 检查 ===[0m
[1;33m[2026-04-30 01:00:22] [WARN] 로컬에 저장되지 않은 변경사항 있음[0m
 M "06-Wiki-\354\213\234\354\212\244\355\205\234/Logs/2026-04-29-sync.log"
 M "06-Wiki-\354\213\234\354\212\244\355\205\234/Wiki/\354\235\270\353\215\261\354\212\244.md"
?? "06-Wiki-\354\213\234\354\212\244\355\205\234/Logs/2026-04-29-lint.log"
?? "06-Wiki-\354\213\234\354\212\244\355\205\234/Logs/2026-04-30-sync.log"
?? "06-Wiki-\354\213\234\354\212\244\355\205\234/Wiki/stocks/"
[1;33m[2026-04-30 01:00:22] [WARN] Dry-run 모드: 계속 진행[0m

[0;34m[2026-04-30 01:00:22] [INFO] === GitHub에서 변경사항 가져오기 ===[0m
https://github.com/comage9/obsidian-vault URL에서
 * branch            main       -> FETCH_HEAD
[0;34m[2026-04-30 01:00:22] [INFO] 로컬:  d3e2aebaf1190d0bb7dbd4668b71de5221ccca83[0m
[0;34m[2026-04-30 01:00:22] [INFO] 원격:  d3e2aebaf1190d0bb7dbd4668b71de5221ccca83[0m
[0;32m[2026-04-30 01:00:22] [OK] 동기화 상태 - 변경사항 없음 ✓[0m

[0;34m[2026-04-30 01:00:22] [INFO] 동기화 종료[0m

[0;34m[2026-04-30 02:00:47] [INFO] ==========================================[0m
[0;34m[2026-04-30 02:00:47] [INFO]   GitHub Wiki AI Sync 시작[0m
[0;34m[2026-04-30 02:00:47] [INFO] ==========================================[0m

[1;33m[2026-04-30 02:00:47] [WARN] ⚠️ DRY-RUN 모드: 실제 변경 없음[0m

[0;34m[2026-04-30 02:00:47] [INFO] === 사전 检查 시작 ===[0m
[0;34m[2026-04-30 02:00:47] [INFO] === 로컬 변경사항 检查 ===[0m
[1;33m[2026-04-30 02:00:47] [WARN] 로컬에 저장되지 않은 변경사항 있음[0m
 M "06-Wiki-\354\213\234\354\212\244\355\205\234/Logs/2026-04-29-sync.log"
 M "06-Wiki-\354\213\234\354\212\244\355\205\234/Wiki/\354\235\270\353\215\261\354\212\244.md"
?? "06-Wiki-\354\213\234\354\212\244\355\205\234/Logs/2026-04-29-lint.log"
?? "06-Wiki-\354\213\234\354\212\244\355\205\234/Logs/2026-04-30-sync.log"
?? "06-Wiki-\354\213\234\354\212\244\355\205\234/Wiki/stocks/"
[1;33m[2026-04-30 02:00:47] [WARN] Dry-run 모드: 계속 진행[0m

[0;34m[2026-04-30 02:00:47] [INFO] === GitHub에서 변경사항 가져오기 ===[0m
https://github.com/comage9/obsidian-vault URL에서
 * branch            main       -> FETCH_HEAD
[0;34m[2026-04-30 02:00:47] [INFO] 로컬:  d3e2aebaf1190d0bb7dbd4668b71de5221ccca83[0m
[0;34m[2026-04-30 02:00:47] [INFO] 원격:  d3e2aebaf1190d0bb7dbd4668b71de5221ccca83[0m
[0;32m[2026-04-30 02:00:47] [OK] 동기화 상태 - 변경사항 없음 ✓[0m

[0;34m[2026-04-30 02:00:47] [INFO] 동기화 종료[0m

[0;34m[2026-04-30 03:01:04] [INFO] ==========================================[0m
[0;34m[2026-04-30 03:01:04] [INFO]   GitHub Wiki AI Sync 시작[0m
[0;34m[2026-04-30 03:01:04] [INFO] ==========================================[0m

[1;33m[2026-04-30 03:01:04] [WARN] ⚠️ DRY-RUN 모드: 실제 변경 없음[0m

[0;34m[2026-04-30 03:01:04] [INFO] === 사전 检查 시작 ===[0m
[0;34m[2026-04-30 03:01:04] [INFO] === 로컬 변경사항 检查 ===[0m
[1;33m[2026-04-30 03:01:04] [WARN] 로컬에 저장되지 않은 변경사항 있음[0m
 M "06-Wiki-\354\213\234\354\212\244\355\205\234/Logs/2026-04-29-sync.log"
 M "06-Wiki-\354\213\234\354\212\244\355\205\234/Wiki/\354\235\270\353\215\261\354\212\244.md"
?? "06-Wiki-\354\213\234\354\212\244\355\205\234/Logs/2026-04-29-lint.log"
?? "06-Wiki-\354\213\234\354\212\244\355\205\234/Logs/2026-04-30-sync.log"
?? "06-Wiki-\354\213\234\354\212\244\355\205\234/Wiki/stocks/"
[1;33m[2026-04-30 03:01:04] [WARN] Dry-run 모드: 계속 진행[0m

[0;34m[2026-04-30 03:01:04] [INFO] === GitHub에서 변경사항 가져오기 ===[0m
https://github.com/comage9/obsidian-vault URL에서
 * branch            main       -> FETCH_HEAD
[0;34m[2026-04-30 03:01:04] [INFO] 로컬:  d3e2aebaf1190d0bb7dbd4668b71de5221ccca83[0m
[0;34m[2026-04-30 03:01:04] [INFO] 원격:  d3e2aebaf1190d0bb7dbd4668b71de5221ccca83[0m
[0;32m[2026-04-30 03:01:04] [OK] 동기화 상태 - 변경사항 없음 ✓[0m

[0;34m[2026-04-30 03:01:04] [INFO] 동기화 종료[0m

[0;34m[2026-04-30 04:00:26] [INFO] ==========================================[0m
[0;34m[2026-04-30 04:00:26] [INFO]   GitHub Wiki AI Sync 시작[0m
[0;34m[2026-04-30 04:00:26] [INFO] ==========================================[0m

[1;33m[2026-04-30 04:00:26] [WARN] ⚠️ DRY-RUN 모드: 실제 변경 없음[0m

[0;34m[2026-04-30 04:00:26] [INFO] === 사전 检查 시작 ===[0m
[0;34m[2026-04-30 04:00:26] [INFO] === 로컬 변경사항 检查 ===[0m
[1;33m[2026-04-30 04:00:26] [WARN] 로컬에 저장되지 않은 변경사항 있음[0m
 M "06-Wiki-\354\213\234\354\212\244\355\205\234/Logs/2026-04-29-sync.log"
 M "06-Wiki-\354\213\234\354\212\244\355\205\234/Wiki/\354\235\270\353\215\261\354\212\244.md"
?? "06-Wiki-\354\213\234\354\212\244\355\205\234/Logs/2026-04-29-lint.log"
?? "06-Wiki-\354\213\234\354\212\244\355\205\234/Logs/2026-04-30-sync.log"
?? "06-Wiki-\354\213\234\354\212\244\355\205\234/Wiki/stocks/"
[1;33m[2026-04-30 04:00:26] [WARN] Dry-run 모드: 계속 진행[0m

[0;34m[2026-04-30 04:00:26] [INFO] === GitHub에서 변경사항 가져오기 ===[0m
https://github.com/comage9/obsidian-vault URL에서
 * branch            main       -> FETCH_HEAD
[0;34m[2026-04-30 04:00:26] [INFO] 로컬:  d3e2aebaf1190d0bb7dbd4668b71de5221ccca83[0m
[0;34m[2026-04-30 04:00:26] [INFO] 원격:  d3e2aebaf1190d0bb7dbd4668b71de5221ccca83[0m
[0;32m[2026-04-30 04:00:26] [OK] 동기화 상태 - 변경사항 없음 ✓[0m

[0;34m[2026-04-30 04:00:26] [INFO] 동기화 종료[0m

[0;34m[2026-04-30 05:00:58] [INFO] ==========================================[0m
[0;34m[2026-04-30 05:00:58] [INFO]   GitHub Wiki AI Sync 시작[0m
[0;34m[2026-04-30 05:00:58] [INFO] ==========================================[0m

[1;33m[2026-04-30 05:00:58] [WARN] ⚠️ DRY-RUN 모드: 실제 변경 없음[0m

[0;34m[2026-04-30 05:00:58] [INFO] === 사전 检查 시작 ===[0m
[0;34m[2026-04-30 05:00:58] [INFO] === 로컬 변경사항 检查 ===[0m
[1;33m[2026-04-30 05:00:58] [WARN] 로컬에 저장되지 않은 변경사항 있음[0m
 M "06-Wiki-\354\213\234\354\212\244\355\205\234/Logs/2026-04-29-sync.log"
 M "06-Wiki-\354\213\234\354\212\244\355\205\234/Wiki/\354\235\270\353\215\261\354\212\244.md"
?? "06-Wiki-\354\213\234\354\212\244\355\205\234/Logs/2026-04-29-lint.log"
?? "06-Wiki-\354\213\234\354\212\244\355\205\234/Logs/2026-04-30-sync.log"
?? "06-Wiki-\354\213\234\354\212\244\355\205\234/Wiki/stocks/"
[1;33m[2026-04-30 05:00:58] [WARN] Dry-run 모드: 계속 진행[0m

[0;34m[2026-04-30 05:00:58] [INFO] === GitHub에서 변경사항 가져오기 ===[0m
https://github.com/comage9/obsidian-vault URL에서
 * branch            main       -> FETCH_HEAD
[0;34m[2026-04-30 05:00:58] [INFO] 로컬:  d3e2aebaf1190d0bb7dbd4668b71de5221ccca83[0m
[0;34m[2026-04-30 05:00:58] [INFO] 원격:  d3e2aebaf1190d0bb7dbd4668b71de5221ccca83[0m
[0;32m[2026-04-30 05:00:58] [OK] 동기화 상태 - 변경사항 없음 ✓[0m

[0;34m[2026-04-30 05:00:58] [INFO] 동기화 종료[0m

[0;34m[2026-04-30 06:00:23] [INFO] ==========================================[0m
[0;34m[2026-04-30 06:00:23] [INFO]   GitHub Wiki AI Sync 시작[0m
[0;34m[2026-04-30 06:00:23] [INFO] ==========================================[0m

[1;33m[2026-04-30 06:00:23] [WARN] ⚠️ DRY-RUN 모드: 실제 변경 없음[0m

[0;34m[2026-04-30 06:00:23] [INFO] === 사전 检查 시작 ===[0m
[0;34m[2026-04-30 06:00:23] [INFO] === 로컬 변경사항 检查 ===[0m
[1;33m[2026-04-30 06:00:23] [WARN] 로컬에 저장되지 않은 변경사항 있음[0m
 M "06-Wiki-\354\213\234\354\212\244\355\205\234/Logs/2026-04-29-sync.log"
 M "06-Wiki-\354\213\234\354\212\244\355\205\234/Wiki/\354\235\270\353\215\261\354\212\244.md"
?? "06-Wiki-\354\213\234\354\212\244\355\205\234/Logs/2026-04-29-lint.log"
?? "06-Wiki-\354\213\234\354\212\244\355\205\234/Logs/2026-04-30-sync.log"
?? "06-Wiki-\354\213\234\354\212\244\355\205\234/Wiki/stocks/"
[1;33m[2026-04-30 06:00:23] [WARN] Dry-run 모드: 계속 진행[0m

[0;34m[2026-04-30 06:00:23] [INFO] === GitHub에서 변경사항 가져오기 ===[0m
https://github.com/comage9/obsidian-vault URL에서
 * branch            main       -> FETCH_HEAD
[0;34m[2026-04-30 06:00:23] [INFO] 로컬:  d3e2aebaf1190d0bb7dbd4668b71de5221ccca83[0m
[0;34m[2026-04-30 06:00:23] [INFO] 원격:  d3e2aebaf1190d0bb7dbd4668b71de5221ccca83[0m
[0;32m[2026-04-30 06:00:23] [OK] 동기화 상태 - 변경사항 없음 ✓[0m

[0;34m[2026-04-30 06:00:23] [INFO] 동기화 종료[0m

[0;34m[2026-04-30 07:00:48] [INFO] ==========================================[0m
[0;34m[2026-04-30 07:00:48] [INFO]   GitHub Wiki AI Sync 시작[0m
[0;34m[2026-04-30 07:00:48] [INFO] ==========================================[0m

[1;33m[2026-04-30 07:00:48] [WARN] ⚠️ DRY-RUN 모드: 실제 변경 없음[0m

[0;34m[2026-04-30 07:00:48] [INFO] === 사전 检查 시작 ===[0m
[0;34m[2026-04-30 07:00:48] [INFO] === 로컬 변경사항 检查 ===[0m
[1;33m[2026-04-30 07:00:48] [WARN] 로컬에 저장되지 않은 변경사항 있음[0m
 M "06-Wiki-\354\213\234\354\212\244\355\205\234/Logs/2026-04-29-sync.log"
 M "06-Wiki-\354\213\234\354\212\244\355\205\234/Wiki/\354\235\270\353\215\261\354\212\244.md"
?? "06-Wiki-\354\213\234\354\212\244\355\205\234/Logs/2026-04-29-lint.log"
?? "06-Wiki-\354\213\234\354\212\244\355\205\234/Logs/2026-04-30-sync.log"
?? "06-Wiki-\354\213\234\354\212\244\355\205\234/Wiki/stocks/"
[1;33m[2026-04-30 07:00:48] [WARN] Dry-run 모드: 계속 진행[0m

[0;34m[2026-04-30 07:00:48] [INFO] === GitHub에서 변경사항 가져오기 ===[0m
https://github.com/comage9/obsidian-vault URL에서
 * branch            main       -> FETCH_HEAD
[0;34m[2026-04-30 07:00:48] [INFO] 로컬:  d3e2aebaf1190d0bb7dbd4668b71de5221ccca83[0m
[0;34m[2026-04-30 07:00:48] [INFO] 원격:  d3e2aebaf1190d0bb7dbd4668b71de5221ccca83[0m
[0;32m[2026-04-30 07:00:48] [OK] 동기화 상태 - 변경사항 없음 ✓[0m

[0;34m[2026-04-30 07:00:48] [INFO] 동기화 종료[0m

[0;34m[2026-04-30 08:00:13] [INFO] ==========================================[0m
[0;34m[2026-04-30 08:00:13] [INFO]   GitHub Wiki AI Sync 시작[0m
[0;34m[2026-04-30 08:00:13] [INFO] ==========================================[0m

[1;33m[2026-04-30 08:00:13] [WARN] ⚠️ DRY-RUN 모드: 실제 변경 없음[0m

[0;34m[2026-04-30 08:00:13] [INFO] === 사전 检查 시작 ===[0m
[0;34m[2026-04-30 08:00:13] [INFO] === 로컬 변경사항 检查 ===[0m
[1;33m[2026-04-30 08:00:13] [WARN] 로컬에 저장되지 않은 변경사항 있음[0m
 M "06-Wiki-\354\213\234\354\212\244\355\205\234/Logs/2026-04-29-sync.log"
 M "06-Wiki-\354\213\234\354\212\244\355\205\234/Wiki/\354\235\270\353\215\261\354\212\244.md"
?? "06-Wiki-\354\213\234\354\212\244\355\205\234/Logs/2026-04-29-lint.log"
?? "06-Wiki-\354\213\234\354\212\244\355\205\234/Logs/2026-04-30-sync.log"
?? "06-Wiki-\354\213\234\354\212\244\355\205\234/Wiki/stocks/"
[1;33m[2026-04-30 08:00:13] [WARN] Dry-run 모드: 계속 진행[0m

[0;34m[2026-04-30 08:00:13] [INFO] === GitHub에서 변경사항 가져오기 ===[0m
https://github.com/comage9/obsidian-vault URL에서
 * branch            main       -> FETCH_HEAD
[0;34m[2026-04-30 08:00:13] [INFO] 로컬:  d3e2aebaf1190d0bb7dbd4668b71de5221ccca83[0m
[0;34m[2026-04-30 08:00:13] [INFO] 원격:  d3e2aebaf1190d0bb7dbd4668b71de5221ccca83[0m
[0;32m[2026-04-30 08:00:13] [OK] 동기화 상태 - 변경사항 없음 ✓[0m

[0;34m[2026-04-30 08:00:13] [INFO] 동기화 종료[0m

[0;34m[2026-04-30 09:00:59] [INFO] ==========================================[0m
[0;34m[2026-04-30 09:00:59] [INFO]   GitHub Wiki AI Sync 시작[0m
[0;34m[2026-04-30 09:00:59] [INFO] ==========================================[0m

[1;33m[2026-04-30 09:00:59] [WARN] ⚠️ DRY-RUN 모드: 실제 변경 없음[0m

[0;34m[2026-04-30 09:00:59] [INFO] === 사전 检查 시작 ===[0m
[0;34m[2026-04-30 09:00:59] [INFO] === 로컬 변경사항 检查 ===[0m
[1;33m[2026-04-30 09:00:59] [WARN] 로컬에 저장되지 않은 변경사항 있음[0m
 M "06-Wiki-\354\213\234\354\212\244\355\205\234/Logs/2026-04-29-sync.log"
 M "06-Wiki-\354\213\234\354\212\244\355\205\234/Wiki/\354\235\270\353\215\261\354\212\244.md"
?? "06-Wiki-\354\213\234\354\212\244\355\205\234/Logs/2026-04-29-lint.log"
?? "06-Wiki-\354\213\234\354\212\244\355\205\234/Logs/2026-04-30-sync.log"
?? "06-Wiki-\354\213\234\354\212\244\355\205\234/Wiki/stocks/"
[1;33m[2026-04-30 09:00:59] [WARN] Dry-run 모드: 계속 진행[0m

[0;34m[2026-04-30 09:00:59] [INFO] === GitHub에서 변경사항 가져오기 ===[0m
https://github.com/comage9/obsidian-vault URL에서
 * branch            main       -> FETCH_HEAD
[0;34m[2026-04-30 09:00:59] [INFO] 로컬:  d3e2aebaf1190d0bb7dbd4668b71de5221ccca83[0m
[0;34m[2026-04-30 09:00:59] [INFO] 원격:  d3e2aebaf1190d0bb7dbd4668b71de5221ccca83[0m
[0;32m[2026-04-30 09:00:59] [OK] 동기화 상태 - 변경사항 없음 ✓[0m

[0;34m[2026-04-30 09:00:59] [INFO] 동기화 종료[0m

[0;34m[2026-04-30 10:00:33] [INFO] ==========================================[0m
[0;34m[2026-04-30 10:00:33] [INFO]   GitHub Wiki AI Sync 시작[0m
[0;34m[2026-04-30 10:00:33] [INFO] ==========================================[0m

[1;33m[2026-04-30 10:00:33] [WARN] ⚠️ DRY-RUN 모드: 실제 변경 없음[0m

[0;34m[2026-04-30 10:00:33] [INFO] === 사전 检查 시작 ===[0m
[0;34m[2026-04-30 10:00:33] [INFO] === 로컬 변경사항 检查 ===[0m
[1;33m[2026-04-30 10:00:33] [WARN] 로컬에 저장되지 않은 변경사항 있음[0m
 M "06-Wiki-\354\213\234\354\212\244\355\205\234/Logs/2026-04-29-sync.log"
 M "06-Wiki-\354\213\234\354\212\244\355\205\234/Wiki/\354\235\270\353\215\261\354\212\244.md"
?? "06-Wiki-\354\213\234\354\212\244\355\205\234/Logs/2026-04-29-lint.log"
?? "06-Wiki-\354\213\234\354\212\244\355\205\234/Logs/2026-04-30-sync.log"
?? "06-Wiki-\354\213\234\354\212\244\355\205\234/Wiki/stocks/"
[1;33m[2026-04-30 10:00:33] [WARN] Dry-run 모드: 계속 진행[0m

[0;34m[2026-04-30 10:00:33] [INFO] === GitHub에서 변경사항 가져오기 ===[0m
https://github.com/comage9/obsidian-vault URL에서
 * branch            main       -> FETCH_HEAD
[0;34m[2026-04-30 10:00:33] [INFO] 로컬:  d3e2aebaf1190d0bb7dbd4668b71de5221ccca83[0m
[0;34m[2026-04-30 10:00:33] [INFO] 원격:  d3e2aebaf1190d0bb7dbd4668b71de5221ccca83[0m
[0;32m[2026-04-30 10:00:33] [OK] 동기화 상태 - 변경사항 없음 ✓[0m

[0;34m[2026-04-30 10:00:33] [INFO] 동기화 종료[0m

[0;34m[2026-04-30 11:00:53] [INFO] ==========================================[0m
[0;34m[2026-04-30 11:00:53] [INFO]   GitHub Wiki AI Sync 시작[0m
[0;34m[2026-04-30 11:00:53] [INFO] ==========================================[0m

[1;33m[2026-04-30 11:00:53] [WARN] ⚠️ DRY-RUN 모드: 실제 변경 없음[0m

[0;34m[2026-04-30 11:00:53] [INFO] === 사전 检查 시작 ===[0m
[0;34m[2026-04-30 11:00:53] [INFO] === 로컬 변경사항 检查 ===[0m
[1;33m[2026-04-30 11:00:53] [WARN] 로컬에 저장되지 않은 변경사항 있음[0m
 M "06-Wiki-\354\213\234\354\212\244\355\205\234/Logs/2026-04-29-sync.log"
 M "06-Wiki-\354\213\234\354\212\244\355\205\234/Wiki/\354\235\270\353\215\261\354\212\244.md"
?? "06-Wiki-\354\213\234\354\212\244\355\205\234/Logs/2026-04-29-lint.log"
?? "06-Wiki-\354\213\234\354\212\244\355\205\234/Logs/2026-04-30-sync.log"
?? "06-Wiki-\354\213\234\354\212\244\355\205\234/Raw/"
?? "06-Wiki-\354\213\234\354\212\244\355\205\234/Wiki/stocks/"
[1;33m[2026-04-30 11:00:53] [WARN] Dry-run 모드: 계속 진행[0m

[0;34m[2026-04-30 11:00:53] [INFO] === GitHub에서 변경사항 가져오기 ===[0m
https://github.com/comage9/obsidian-vault URL에서
 * branch            main       -> FETCH_HEAD
[0;34m[2026-04-30 11:00:53] [INFO] 로컬:  d3e2aebaf1190d0bb7dbd4668b71de5221ccca83[0m
[0;34m[2026-04-30 11:00:53] [INFO] 원격:  d3e2aebaf1190d0bb7dbd4668b71de5221ccca83[0m
[0;32m[2026-04-30 11:00:53] [OK] 동기화 상태 - 변경사항 없음 ✓[0m

[0;34m[2026-04-30 11:00:53] [INFO] 동기화 종료[0m

[0;34m[2026-04-30 12:01:03] [INFO] ==========================================[0m
[0;34m[2026-04-30 12:01:03] [INFO]   GitHub Wiki AI Sync 시작[0m
[0;34m[2026-04-30 12:01:03] [INFO] ==========================================[0m

[1;33m[2026-04-30 12:01:03] [WARN] ⚠️ DRY-RUN 모드: 실제 변경 없음[0m

[0;34m[2026-04-30 12:01:03] [INFO] === 사전 检查 시작 ===[0m
[0;34m[2026-04-30 12:01:03] [INFO] === 로컬 변경사항 检查 ===[0m
[1;33m[2026-04-30 12:01:03] [WARN] 로컬에 저장되지 않은 변경사항 있음[0m
 M "06-Wiki-\354\213\234\354\212\244\355\205\234/Logs/2026-04-29-sync.log"
 M "06-Wiki-\354\213\234\354\212\244\355\205\234/Wiki/\354\235\270\353\215\261\354\212\244.md"
?? "06-Wiki-\354\213\234\354\212\244\355\205\234/Logs/2026-04-29-lint.log"
?? "06-Wiki-\354\213\234\354\212\244\355\205\234/Logs/2026-04-30-sync.log"
?? "06-Wiki-\354\213\234\354\212\244\355\205\234/Raw/"
?? "06-Wiki-\354\213\234\354\212\244\355\205\234/Wiki/stocks/"
[1;33m[2026-04-30 12:01:03] [WARN] Dry-run 모드: 계속 진행[0m

[0;34m[2026-04-30 12:01:03] [INFO] === GitHub에서 변경사항 가져오기 ===[0m
https://github.com/comage9/obsidian-vault URL에서
 * branch            main       -> FETCH_HEAD
[0;34m[2026-04-30 12:01:03] [INFO] 로컬:  d3e2aebaf1190d0bb7dbd4668b71de5221ccca83[0m
[0;34m[2026-04-30 12:01:03] [INFO] 원격:  d3e2aebaf1190d0bb7dbd4668b71de5221ccca83[0m
[0;32m[2026-04-30 12:01:03] [OK] 동기화 상태 - 변경사항 없음 ✓[0m

[0;34m[2026-04-30 12:01:03] [INFO] 동기화 종료[0m

[0;34m[2026-04-30 13:00:22] [INFO] ==========================================[0m
[0;34m[2026-04-30 13:00:22] [INFO]   GitHub Wiki AI Sync 시작[0m
[0;34m[2026-04-30 13:00:22] [INFO] ==========================================[0m

[1;33m[2026-04-30 13:00:22] [WARN] ⚠️ DRY-RUN 모드: 실제 변경 없음[0m

[0;34m[2026-04-30 13:00:22] [INFO] === 사전 检查 시작 ===[0m
[0;34m[2026-04-30 13:00:22] [INFO] === 로컬 변경사항 检查 ===[0m
[1;33m[2026-04-30 13:00:22] [WARN] 로컬에 저장되지 않은 변경사항 있음[0m
 M "06-Wiki-\354\213\234\354\212\244\355\205\234/Logs/2026-04-29-sync.log"
 M "06-Wiki-\354\213\234\354\212\244\355\205\234/Wiki/\354\235\270\353\215\261\354\212\244.md"
?? "06-Wiki-\354\213\234\354\212\244\355\205\234/Logs/2026-04-29-lint.log"
?? "06-Wiki-\354\213\234\354\212\244\355\205\234/Logs/2026-04-30-sync.log"
?? "06-Wiki-\354\213\234\354\212\244\355\205\234/Raw/"
?? "06-Wiki-\354\213\234\354\212\244\355\205\234/Wiki/stocks/"
[1;33m[2026-04-30 13:00:22] [WARN] Dry-run 모드: 계속 진행[0m

[0;34m[2026-04-30 13:00:22] [INFO] === GitHub에서 변경사항 가져오기 ===[0m
https://github.com/comage9/obsidian-vault URL에서
 * branch            main       -> FETCH_HEAD
[0;34m[2026-04-30 13:00:22] [INFO] 로컬:  d3e2aebaf1190d0bb7dbd4668b71de5221ccca83[0m
[0;34m[2026-04-30 13:00:22] [INFO] 원격:  d3e2aebaf1190d0bb7dbd4668b71de5221ccca83[0m
[0;32m[2026-04-30 13:00:22] [OK] 동기화 상태 - 변경사항 없음 ✓[0m

[0;34m[2026-04-30 13:00:22] [INFO] 동기화 종료[0m

[0;34m[2026-04-30 14:00:18] [INFO] ==========================================[0m
[0;34m[2026-04-30 14:00:18] [INFO]   GitHub Wiki AI Sync 시작[0m
[0;34m[2026-04-30 14:00:18] [INFO] ==========================================[0m

[1;33m[2026-04-30 14:00:18] [WARN] ⚠️ DRY-RUN 모드: 실제 변경 없음[0m

[0;34m[2026-04-30 14:00:18] [INFO] === 사전 检查 시작 ===[0m
[0;34m[2026-04-30 14:00:18] [INFO] === 로컬 변경사항 检查 ===[0m
[1;33m[2026-04-30 14:00:18] [WARN] 로컬에 저장되지 않은 변경사항 있음[0m
 M "06-Wiki-\354\213\234\354\212\244\355\205\234/Logs/2026-04-29-sync.log"
 M "06-Wiki-\354\213\234\354\212\244\355\205\234/Wiki/\354\235\270\353\215\261\354\212\244.md"
?? "06-Wiki-\354\213\234\354\212\244\355\205\234/Logs/2026-04-29-lint.log"
?? "06-Wiki-\354\213\234\354\212\244\355\205\234/Logs/2026-04-30-sync.log"
?? "06-Wiki-\354\213\234\354\212\244\355\205\234/Raw/"
?? "06-Wiki-\354\213\234\354\212\244\355\205\234/Wiki/stocks/"
[1;33m[2026-04-30 14:00:18] [WARN] Dry-run 모드: 계속 진행[0m

[0;34m[2026-04-30 14:00:18] [INFO] === GitHub에서 변경사항 가져오기 ===[0m
https://github.com/comage9/obsidian-vault URL에서
 * branch            main       -> FETCH_HEAD
[0;34m[2026-04-30 14:00:18] [INFO] 로컬:  d3e2aebaf1190d0bb7dbd4668b71de5221ccca83[0m
[0;34m[2026-04-30 14:00:18] [INFO] 원격:  d3e2aebaf1190d0bb7dbd4668b71de5221ccca83[0m
[0;32m[2026-04-30 14:00:18] [OK] 동기화 상태 - 변경사항 없음 ✓[0m

[0;34m[2026-04-30 14:00:18] [INFO] 동기화 종료[0m

[0;34m[2026-04-30 15:00:33] [INFO] ==========================================[0m
[0;34m[2026-04-30 15:00:33] [INFO]   GitHub Wiki AI Sync 시작[0m
[0;34m[2026-04-30 15:00:33] [INFO] ==========================================[0m

[1;33m[2026-04-30 15:00:33] [WARN] ⚠️ DRY-RUN 모드: 실제 변경 없음[0m

[0;34m[2026-04-30 15:00:33] [INFO] === 사전 检查 시작 ===[0m
[0;34m[2026-04-30 15:00:33] [INFO] === 로컬 변경사항 检查 ===[0m
[1;33m[2026-04-30 15:00:33] [WARN] 로컬에 저장되지 않은 변경사항 있음[0m
 M "06-Wiki-\354\213\234\354\212\244\355\205\234/Logs/2026-04-29-sync.log"
 M "06-Wiki-\354\213\234\354\212\244\355\205\234/Wiki/\354\235\270\353\215\261\354\212\244.md"
?? "06-Wiki-\354\213\234\354\212\244\355\205\234/Logs/2026-04-29-lint.log"
?? "06-Wiki-\354\213\234\354\212\244\355\205\234/Logs/2026-04-30-sync.log"
?? "06-Wiki-\354\213\234\354\212\244\355\205\234/Raw/"
?? "06-Wiki-\354\213\234\354\212\244\355\205\234/Wiki/stocks/"
[1;33m[2026-04-30 15:00:33] [WARN] Dry-run 모드: 계속 진행[0m

[0;34m[2026-04-30 15:00:33] [INFO] === GitHub에서 변경사항 가져오기 ===[0m
https://github.com/comage9/obsidian-vault URL에서
 * branch            main       -> FETCH_HEAD
[0;34m[2026-04-30 15:00:33] [INFO] 로컬:  d3e2aebaf1190d0bb7dbd4668b71de5221ccca83[0m
[0;34m[2026-04-30 15:00:33] [INFO] 원격:  d3e2aebaf1190d0bb7dbd4668b71de5221ccca83[0m
[0;32m[2026-04-30 15:00:33] [OK] 동기화 상태 - 변경사항 없음 ✓[0m

[0;34m[2026-04-30 15:00:33] [INFO] 동기화 종료[0m

[0;34m[2026-04-30 16:00:47] [INFO] ==========================================[0m
[0;34m[2026-04-30 16:00:47] [INFO]   GitHub Wiki AI Sync 시작[0m
[0;34m[2026-04-30 16:00:47] [INFO] ==========================================[0m

[1;33m[2026-04-30 16:00:47] [WARN] ⚠️ DRY-RUN 모드: 실제 변경 없음[0m

[0;34m[2026-04-30 16:00:47] [INFO] === 사전 检查 시작 ===[0m
[0;34m[2026-04-30 16:00:47] [INFO] === 로컬 변경사항 检查 ===[0m
[1;33m[2026-04-30 16:00:47] [WARN] 로컬에 저장되지 않은 변경사항 있음[0m
 M "06-Wiki-\354\213\234\354\212\244\355\205\234/Logs/2026-04-29-sync.log"
 M "06-Wiki-\354\213\234\354\212\244\355\205\234/Wiki/\354\235\270\353\215\261\354\212\244.md"
?? "06-Wiki-\354\213\234\354\212\244\355\205\234/Logs/2026-04-29-lint.log"
?? "06-Wiki-\354\213\234\354\212\244\355\205\234/Logs/2026-04-30-sync.log"
?? "06-Wiki-\354\213\234\354\212\244\355\205\234/Raw/"
?? "06-Wiki-\354\213\234\354\212\244\355\205\234/Wiki/stocks/"
[1;33m[2026-04-30 16:00:47] [WARN] Dry-run 모드: 계속 진행[0m

[0;34m[2026-04-30 16:00:47] [INFO] === GitHub에서 변경사항 가져오기 ===[0m
https://github.com/comage9/obsidian-vault URL에서
 * branch            main       -> FETCH_HEAD
[0;34m[2026-04-30 16:00:47] [INFO] 로컬:  d3e2aebaf1190d0bb7dbd4668b71de5221ccca83[0m
[0;34m[2026-04-30 16:00:47] [INFO] 원격:  d3e2aebaf1190d0bb7dbd4668b71de5221ccca83[0m
[0;32m[2026-04-30 16:00:47] [OK] 동기화 상태 - 변경사항 없음 ✓[0m

[0;34m[2026-04-30 16:00:47] [INFO] 동기화 종료[0m

[0;34m[2026-04-30 17:01:04] [INFO] ==========================================[0m
[0;34m[2026-04-30 17:01:04] [INFO]   GitHub Wiki AI Sync 시작[0m
[0;34m[2026-04-30 17:01:04] [INFO] ==========================================[0m

[1;33m[2026-04-30 17:01:04] [WARN] ⚠️ DRY-RUN 모드: 실제 변경 없음[0m

[0;34m[2026-04-30 17:01:04] [INFO] === 사전 检查 시작 ===[0m
[0;34m[2026-04-30 17:01:04] [INFO] === 로컬 변경사항 检查 ===[0m
[1;33m[2026-04-30 17:01:04] [WARN] 로컬에 저장되지 않은 변경사항 있음[0m
 M "06-Wiki-\354\213\234\354\212\244\355\205\234/Logs/2026-04-29-sync.log"
 M "06-Wiki-\354\213\234\354\212\244\355\205\234/Wiki/\354\235\270\353\215\261\354\212\244.md"
?? "06-Wiki-\354\213\234\354\212\244\355\205\234/Logs/2026-04-29-lint.log"
?? "06-Wiki-\354\213\234\354\212\244\355\205\234/Logs/2026-04-30-sync.log"
?? "06-Wiki-\354\213\234\354\212\244\355\205\234/Raw/"
?? "06-Wiki-\354\213\234\354\212\244\355\205\234/Wiki/stocks/"
[1;33m[2026-04-30 17:01:04] [WARN] Dry-run 모드: 계속 진행[0m

[0;34m[2026-04-30 17:01:04] [INFO] === GitHub에서 변경사항 가져오기 ===[0m
https://github.com/comage9/obsidian-vault URL에서
 * branch            main       -> FETCH_HEAD
[0;34m[2026-04-30 17:01:04] [INFO] 로컬:  d3e2aebaf1190d0bb7dbd4668b71de5221ccca83[0m
[0;34m[2026-04-30 17:01:04] [INFO] 원격:  d3e2aebaf1190d0bb7dbd4668b71de5221ccca83[0m
[0;32m[2026-04-30 17:01:04] [OK] 동기화 상태 - 변경사항 없음 ✓[0m

[0;34m[2026-04-30 17:01:04] [INFO] 동기화 종료[0m

[0;34m[2026-04-30 18:00:30] [INFO] ==========================================[0m
[0;34m[2026-04-30 18:00:30] [INFO]   GitHub Wiki AI Sync 시작[0m
[0;34m[2026-04-30 18:00:30] [INFO] ==========================================[0m

[1;33m[2026-04-30 18:00:30] [WARN] ⚠️ DRY-RUN 모드: 실제 변경 없음[0m

[0;34m[2026-04-30 18:00:30] [INFO] === 사전 检查 시작 ===[0m
[0;34m[2026-04-30 18:00:30] [INFO] === 로컬 변경사항 检查 ===[0m
[1;33m[2026-04-30 18:00:30] [WARN] 로컬에 저장되지 않은 변경사항 있음[0m
 M "06-Wiki-\354\213\234\354\212\244\355\205\234/Logs/2026-04-30-sync.log"
[1;33m[2026-04-30 18:00:30] [WARN] Dry-run 모드: 계속 진행[0m

[0;34m[2026-04-30 18:00:30] [INFO] === GitHub에서 변경사항 가져오기 ===[0m
https://github.com/comage9/obsidian-vault URL에서
 * branch            main       -> FETCH_HEAD
[0;34m[2026-04-30 18:00:30] [INFO] 로컬:  da2c91c106b06629b3d17f899cb7602793a5e13b[0m
[0;34m[2026-04-30 18:00:30] [INFO] 원격:  da2c91c106b06629b3d17f899cb7602793a5e13b[0m
[0;32m[2026-04-30 18:00:30] [OK] 동기화 상태 - 변경사항 없음 ✓[0m

[0;34m[2026-04-30 18:00:30] [INFO] 동기화 종료[0m

[0;34m[2026-04-30 19:00:35] [INFO] ==========================================[0m
[0;34m[2026-04-30 19:00:35] [INFO]   GitHub Wiki AI Sync 시작[0m
[0;34m[2026-04-30 19:00:35] [INFO] ==========================================[0m

[1;33m[2026-04-30 19:00:35] [WARN] ⚠️ DRY-RUN 모드: 실제 변경 없음[0m

[0;34m[2026-04-30 19:00:35] [INFO] === 사전 检查 시작 ===[0m
[0;34m[2026-04-30 19:00:35] [INFO] === 로컬 변경사항 检查 ===[0m
[1;33m[2026-04-30 19:00:35] [WARN] 로컬에 저장되지 않은 변경사항 있음[0m
 M "06-Wiki-\354\213\234\354\212\244\355\205\234/Logs/2026-04-30-sync.log"
[1;33m[2026-04-30 19:00:35] [WARN] Dry-run 모드: 계속 진행[0m

[0;34m[2026-04-30 19:00:35] [INFO] === GitHub에서 변경사항 가져오기 ===[0m
https://github.com/comage9/obsidian-vault URL에서
 * branch            main       -> FETCH_HEAD
[0;34m[2026-04-30 19:00:35] [INFO] 로컬:  da2c91c106b06629b3d17f899cb7602793a5e13b[0m
[0;34m[2026-04-30 19:00:35] [INFO] 원격:  da2c91c106b06629b3d17f899cb7602793a5e13b[0m
[0;32m[2026-04-30 19:00:35] [OK] 동기화 상태 - 변경사항 없음 ✓[0m

[0;34m[2026-04-30 19:00:35] [INFO] 동기화 종료[0m

[0;34m[2026-04-30 20:00:55] [INFO] ==========================================[0m
[0;34m[2026-04-30 20:00:55] [INFO]   GitHub Wiki AI Sync 시작[0m
[0;34m[2026-04-30 20:00:55] [INFO] ==========================================[0m

[1;33m[2026-04-30 20:00:55] [WARN] ⚠️ DRY-RUN 모드: 실제 변경 없음[0m

[0;34m[2026-04-30 20:00:55] [INFO] === 사전 检查 시작 ===[0m
[0;34m[2026-04-30 20:00:55] [INFO] === 로컬 변경사항 检查 ===[0m
[1;33m[2026-04-30 20:00:55] [WARN] 로컬에 저장되지 않은 변경사항 있음[0m
 M "06-Wiki-\354\213\234\354\212\244\355\205\234/Logs/2026-04-30-sync.log"
[1;33m[2026-04-30 20:00:55] [WARN] Dry-run 모드: 계속 진행[0m

[0;34m[2026-04-30 20:00:55] [INFO] === GitHub에서 변경사항 가져오기 ===[0m
https://github.com/comage9/obsidian-vault URL에서
 * branch            main       -> FETCH_HEAD
[0;34m[2026-04-30 20:00:55] [INFO] 로컬:  da2c91c106b06629b3d17f899cb7602793a5e13b[0m
[0;34m[2026-04-30 20:00:55] [INFO] 원격:  da2c91c106b06629b3d17f899cb7602793a5e13b[0m
[0;32m[2026-04-30 20:00:55] [OK] 동기화 상태 - 변경사항 없음 ✓[0m

[0;34m[2026-04-30 20:00:55] [INFO] 동기화 종료[0m

[0;34m[2026-04-30 21:00:07] [INFO] ==========================================[0m
[0;34m[2026-04-30 21:00:07] [INFO]   GitHub Wiki AI Sync 시작[0m
[0;34m[2026-04-30 21:00:07] [INFO] ==========================================[0m

[1;33m[2026-04-30 21:00:07] [WARN] ⚠️ DRY-RUN 모드: 실제 변경 없음[0m

[0;34m[2026-04-30 21:00:07] [INFO] === 사전 检查 시작 ===[0m
[0;34m[2026-04-30 21:00:07] [INFO] === 로컬 변경사항 检查 ===[0m
[1;33m[2026-04-30 21:00:07] [WARN] 로컬에 저장되지 않은 변경사항 있음[0m
 M "06-Wiki-\354\213\234\354\212\244\355\205\234/Logs/2026-04-30-sync.log"
[1;33m[2026-04-30 21:00:07] [WARN] Dry-run 모드: 계속 진행[0m

[0;34m[2026-04-30 21:00:07] [INFO] === GitHub에서 변경사항 가져오기 ===[0m
https://github.com/comage9/obsidian-vault URL에서
 * branch            main       -> FETCH_HEAD
[0;34m[2026-04-30 21:00:07] [INFO] 로컬:  da2c91c106b06629b3d17f899cb7602793a5e13b[0m
[0;34m[2026-04-30 21:00:07] [INFO] 원격:  da2c91c106b06629b3d17f899cb7602793a5e13b[0m
[0;32m[2026-04-30 21:00:07] [OK] 동기화 상태 - 변경사항 없음 ✓[0m

[0;34m[2026-04-30 21:00:07] [INFO] 동기화 종료[0m

[0;34m[2026-04-30 22:00:21] [INFO] ==========================================[0m
[0;34m[2026-04-30 22:00:21] [INFO]   GitHub Wiki AI Sync 시작[0m
[0;34m[2026-04-30 22:00:21] [INFO] ==========================================[0m

[1;33m[2026-04-30 22:00:21] [WARN] ⚠️ DRY-RUN 모드: 실제 변경 없음[0m

[0;34m[2026-04-30 22:00:21] [INFO] === 사전 检查 시작 ===[0m
[0;34m[2026-04-30 22:00:21] [INFO] === 로컬 변경사항 检查 ===[0m
[1;33m[2026-04-30 22:00:21] [WARN] 로컬에 저장되지 않은 변경사항 있음[0m
 M "06-Wiki-\354\213\234\354\212\244\355\205\234/Logs/2026-04-30-sync.log"
[1;33m[2026-04-30 22:00:21] [WARN] Dry-run 모드: 계속 진행[0m

[0;34m[2026-04-30 22:00:21] [INFO] === GitHub에서 변경사항 가져오기 ===[0m
https://github.com/comage9/obsidian-vault URL에서
 * branch            main       -> FETCH_HEAD
[0;34m[2026-04-30 22:00:21] [INFO] 로컬:  da2c91c106b06629b3d17f899cb7602793a5e13b[0m
[0;34m[2026-04-30 22:00:21] [INFO] 원격:  da2c91c106b06629b3d17f899cb7602793a5e13b[0m
[0;32m[2026-04-30 22:00:21] [OK] 동기화 상태 - 변경사항 없음 ✓[0m

[0;34m[2026-04-30 22:00:21] [INFO] 동기화 종료[0m

[0;34m[2026-04-30 23:01:10] [INFO] ==========================================[0m
[0;34m[2026-04-30 23:01:10] [INFO]   GitHub Wiki AI Sync 시작[0m
[0;34m[2026-04-30 23:01:10] [INFO] ==========================================[0m

[1;33m[2026-04-30 23:01:10] [WARN] ⚠️ DRY-RUN 모드: 실제 변경 없음[0m

[0;34m[2026-04-30 23:01:10] [INFO] === 사전 检查 시작 ===[0m
[0;34m[2026-04-30 23:01:10] [INFO] === 로컬 변경사항 检查 ===[0m
[1;33m[2026-04-30 23:01:10] [WARN] 로컬에 저장되지 않은 변경사항 있음[0m
 M "06-Wiki-\354\213\234\354\212\244\355\205\234/Logs/2026-04-30-sync.log"
 M "06-Wiki-\354\213\234\354\212\244\355\205\234/Wiki/2026-04-29-OpenCode-Hermes-\354\227\260\353\217\231-\352\262\200\355\206\240.md"
 M "06-Wiki-\354\213\234\354\212\244\355\205\234/Wiki/\354\235\270\353\215\261\354\212\244.md"
[1;33m[2026-04-30 23:01:10] [WARN] Dry-run 모드: 계속 진행[0m

[0;34m[2026-04-30 23:01:10] [INFO] === GitHub에서 변경사항 가져오기 ===[0m
https://github.com/comage9/obsidian-vault URL에서
 * branch            main       -> FETCH_HEAD
[0;34m[2026-04-30 23:01:10] [INFO] 로컬:  da2c91c106b06629b3d17f899cb7602793a5e13b[0m
[0;34m[2026-04-30 23:01:10] [INFO] 원격:  da2c91c106b06629b3d17f899cb7602793a5e13b[0m
[0;32m[2026-04-30 23:01:10] [OK] 동기화 상태 - 변경사항 없음 ✓[0m

[0;34m[2026-04-30 23:01:10] [INFO] 동기화 종료[0m
