
[0;34m[2026-04-29 00:00:43] [INFO] ==========================================[0m
[0;34m[2026-04-29 00:00:43] [INFO]   GitHub Wiki AI Sync 시작[0m
[0;34m[2026-04-29 00:00:43] [INFO] ==========================================[0m

[1;33m[2026-04-29 00:00:43] [WARN] ⚠️ DRY-RUN 모드: 실제 변경 없음[0m

[0;34m[2026-04-29 00:00:43] [INFO] === 사전 检查 시작 ===[0m
[0;34m[2026-04-29 00:00:43] [INFO] === 로컬 변경사항 检查 ===[0m
[1;33m[2026-04-29 00:00:43] [WARN] 로컬에 저장되지 않은 변경사항 있음[0m
 M "06-Wiki-\354\213\234\354\212\244\355\205\234/Logs/2026-04-28-sync.log"
 M "06-Wiki-\354\213\234\354\212\244\355\205\234/Wiki/2026-04-27-\354\204\270\354\205\230-\354\271\264\355\214\214\354\213\234-\354\234\204\355\202\244-\353\260\251\354\213\235-\354\204\244\354\240\225.md"
 M "06-Wiki-\354\213\234\354\212\244\355\205\234/Wiki/\354\235\270\353\215\261\354\212\244.md"
?? "06-Wiki-\354\213\234\354\212\244\355\205\234/Logs/2026-04-29-sync.log"
?? "06-Wiki-\354\213\234\354\212\244\355\205\234/Raw/"
?? "06-Wiki-\354\213\234\354\212\244\355\205\234/Wiki/\352\260\234\353\205\220/OpenCode-Hermes-\354\227\260\353\217\231.md"
?? "06-Wiki-\354\213\234\354\212\244\355\205\234/Wiki/\355\202\244\354\233\200-API-\354\235\270\354\246\235-\354\204\244\354\240\225.md"
[1;33m[2026-04-29 00:00:43] [WARN] Dry-run 모드: 계속 진행[0m

[0;34m[2026-04-29 00:00:43] [INFO] === GitHub에서 변경사항 가져오기 ===[0m
https://github.com/comage9/obsidian-vault URL에서
 * branch            main       -> FETCH_HEAD
[0;34m[2026-04-29 00:00:43] [INFO] 로컬:  8eb51025d015b82b2f7f76ef59e59dc9a1e23f5e[0m
[0;34m[2026-04-29 00:00:43] [INFO] 원격:  8eb51025d015b82b2f7f76ef59e59dc9a1e23f5e[0m
[0;32m[2026-04-29 00:00:43] [OK] 동기화 상태 - 변경사항 없음 ✓[0m

[0;34m[2026-04-29 00:00:43] [INFO] 동기화 종료[0m

[0;34m[2026-04-29 01:00:12] [INFO] ==========================================[0m
[0;34m[2026-04-29 01:00:12] [INFO]   GitHub Wiki AI Sync 시작[0m
[0;34m[2026-04-29 01:00:12] [INFO] ==========================================[0m

[1;33m[2026-04-29 01:00:12] [WARN] ⚠️ DRY-RUN 모드: 실제 변경 없음[0m

[0;34m[2026-04-29 01:00:12] [INFO] === 사전 检查 시작 ===[0m
[0;34m[2026-04-29 01:00:12] [INFO] === 로컬 변경사항 检查 ===[0m
[1;33m[2026-04-29 01:00:12] [WARN] 로컬에 저장되지 않은 변경사항 있음[0m
 M "06-Wiki-\354\213\234\354\212\244\355\205\234/Logs/2026-04-28-sync.log"
 M "06-Wiki-\354\213\234\354\212\244\355\205\234/Wiki/2026-04-27-\354\204\270\354\205\230-\354\271\264\355\214\214\354\213\234-\354\234\204\355\202\244-\353\260\251\354\213\235-\354\204\244\354\240\225.md"
 M "06-Wiki-\354\213\234\354\212\244\355\205\234/Wiki/\354\235\270\353\215\261\354\212\244.md"
?? "06-Wiki-\354\213\234\354\212\244\355\205\234/Logs/2026-04-29-sync.log"
?? "06-Wiki-\354\213\234\354\212\244\355\205\234/Raw/"
?? "06-Wiki-\354\213\234\354\212\244\355\205\234/Wiki/\352\260\234\353\205\220/OpenCode-Hermes-\354\227\260\353\217\231.md"
?? "06-Wiki-\354\213\234\354\212\244\355\205\234/Wiki/\355\202\244\354\233\200-API-\354\235\270\354\246\235-\354\204\244\354\240\225.md"
[1;33m[2026-04-29 01:00:12] [WARN] Dry-run 모드: 계속 진행[0m

[0;34m[2026-04-29 01:00:12] [INFO] === GitHub에서 변경사항 가져오기 ===[0m
https://github.com/comage9/obsidian-vault URL에서
 * branch            main       -> FETCH_HEAD
[0;34m[2026-04-29 01:00:12] [INFO] 로컬:  8eb51025d015b82b2f7f76ef59e59dc9a1e23f5e[0m
[0;34m[2026-04-29 01:00:12] [INFO] 원격:  8eb51025d015b82b2f7f76ef59e59dc9a1e23f5e[0m
[0;32m[2026-04-29 01:00:12] [OK] 동기화 상태 - 변경사항 없음 ✓[0m

[0;34m[2026-04-29 01:00:12] [INFO] 동기화 종료[0m

[0;34m[2026-04-29 02:00:37] [INFO] ==========================================[0m
[0;34m[2026-04-29 02:00:37] [INFO]   GitHub Wiki AI Sync 시작[0m
[0;34m[2026-04-29 02:00:37] [INFO] ==========================================[0m

[1;33m[2026-04-29 02:00:37] [WARN] ⚠️ DRY-RUN 모드: 실제 변경 없음[0m

[0;34m[2026-04-29 02:00:37] [INFO] === 사전 检查 시작 ===[0m
[0;34m[2026-04-29 02:00:37] [INFO] === 로컬 변경사항 检查 ===[0m
[1;33m[2026-04-29 02:00:37] [WARN] 로컬에 저장되지 않은 변경사항 있음[0m
 M "06-Wiki-\354\213\234\354\212\244\355\205\234/Logs/2026-04-28-sync.log"
 M "06-Wiki-\354\213\234\354\212\244\355\205\234/Wiki/2026-04-27-\354\204\270\354\205\230-\354\271\264\355\214\214\354\213\234-\354\234\204\355\202\244-\353\260\251\354\213\235-\354\204\244\354\240\225.md"
 M "06-Wiki-\354\213\234\354\212\244\355\205\234/Wiki/\354\235\270\353\215\261\354\212\244.md"
?? "06-Wiki-\354\213\234\354\212\244\355\205\234/Logs/2026-04-29-sync.log"
?? "06-Wiki-\354\213\234\354\212\244\355\205\234/Raw/"
?? "06-Wiki-\354\213\234\354\212\244\355\205\234/Wiki/\352\260\234\353\205\220/OpenCode-Hermes-\354\227\260\353\217\231.md"
?? "06-Wiki-\354\213\234\354\212\244\355\205\234/Wiki/\355\202\244\354\233\200-API-\354\235\270\354\246\235-\354\204\244\354\240\225.md"
[1;33m[2026-04-29 02:00:37] [WARN] Dry-run 모드: 계속 진행[0m

[0;34m[2026-04-29 02:00:37] [INFO] === GitHub에서 변경사항 가져오기 ===[0m
https://github.com/comage9/obsidian-vault URL에서
 * branch            main       -> FETCH_HEAD
[0;34m[2026-04-29 02:00:37] [INFO] 로컬:  8eb51025d015b82b2f7f76ef59e59dc9a1e23f5e[0m
[0;34m[2026-04-29 02:00:37] [INFO] 원격:  8eb51025d015b82b2f7f76ef59e59dc9a1e23f5e[0m
[0;32m[2026-04-29 02:00:37] [OK] 동기화 상태 - 변경사항 없음 ✓[0m

[0;34m[2026-04-29 02:00:37] [INFO] 동기화 종료[0m

[0;34m[2026-04-29 03:01:00] [INFO] ==========================================[0m
[0;34m[2026-04-29 03:01:00] [INFO]   GitHub Wiki AI Sync 시작[0m
[0;34m[2026-04-29 03:01:00] [INFO] ==========================================[0m

[1;33m[2026-04-29 03:01:00] [WARN] ⚠️ DRY-RUN 모드: 실제 변경 없음[0m

[0;34m[2026-04-29 03:01:00] [INFO] === 사전 检查 시작 ===[0m
[0;34m[2026-04-29 03:01:00] [INFO] === 로컬 변경사항 检查 ===[0m
[1;33m[2026-04-29 03:01:00] [WARN] 로컬에 저장되지 않은 변경사항 있음[0m
 M "06-Wiki-\354\213\234\354\212\244\355\205\234/Logs/2026-04-28-sync.log"
 M "06-Wiki-\354\213\234\354\212\244\355\205\234/Wiki/2026-04-27-\354\204\270\354\205\230-\354\271\264\355\214\214\354\213\234-\354\234\204\355\202\244-\353\260\251\354\213\235-\354\204\244\354\240\225.md"
 M "06-Wiki-\354\213\234\354\212\244\355\205\234/Wiki/\354\235\270\353\215\261\354\212\244.md"
?? "06-Wiki-\354\213\234\354\212\244\355\205\234/Logs/2026-04-29-sync.log"
?? "06-Wiki-\354\213\234\354\212\244\355\205\234/Raw/"
?? "06-Wiki-\354\213\234\354\212\244\355\205\234/Wiki/\352\260\234\353\205\220/OpenCode-Hermes-\354\227\260\353\217\231.md"
?? "06-Wiki-\354\213\234\354\212\244\355\205\234/Wiki/\355\202\244\354\233\200-API-\354\235\270\354\246\235-\354\204\244\354\240\225.md"
[1;33m[2026-04-29 03:01:00] [WARN] Dry-run 모드: 계속 진행[0m

[0;34m[2026-04-29 03:01:00] [INFO] === GitHub에서 변경사항 가져오기 ===[0m
https://github.com/comage9/obsidian-vault URL에서
 * branch            main       -> FETCH_HEAD
[0;34m[2026-04-29 03:01:00] [INFO] 로컬:  8eb51025d015b82b2f7f76ef59e59dc9a1e23f5e[0m
[0;34m[2026-04-29 03:01:00] [INFO] 원격:  8eb51025d015b82b2f7f76ef59e59dc9a1e23f5e[0m
[0;32m[2026-04-29 03:01:00] [OK] 동기화 상태 - 변경사항 없음 ✓[0m

[0;34m[2026-04-29 03:01:00] [INFO] 동기화 종료[0m

[0;34m[2026-04-29 04:00:24] [INFO] ==========================================[0m
[0;34m[2026-04-29 04:00:24] [INFO]   GitHub Wiki AI Sync 시작[0m
[0;34m[2026-04-29 04:00:24] [INFO] ==========================================[0m

[1;33m[2026-04-29 04:00:24] [WARN] ⚠️ DRY-RUN 모드: 실제 변경 없음[0m

[0;34m[2026-04-29 04:00:24] [INFO] === 사전 检查 시작 ===[0m
[0;34m[2026-04-29 04:00:24] [INFO] === 로컬 변경사항 检查 ===[0m
[1;33m[2026-04-29 04:00:24] [WARN] 로컬에 저장되지 않은 변경사항 있음[0m
 M "06-Wiki-\354\213\234\354\212\244\355\205\234/Logs/2026-04-28-sync.log"
 M "06-Wiki-\354\213\234\354\212\244\355\205\234/Wiki/2026-04-27-\354\204\270\354\205\230-\354\271\264\355\214\214\354\213\234-\354\234\204\355\202\244-\353\260\251\354\213\235-\354\204\244\354\240\225.md"
 M "06-Wiki-\354\213\234\354\212\244\355\205\234/Wiki/\354\235\270\353\215\261\354\212\244.md"
?? "06-Wiki-\354\213\234\354\212\244\355\205\234/Logs/2026-04-29-sync.log"
?? "06-Wiki-\354\213\234\354\212\244\355\205\234/Raw/"
?? "06-Wiki-\354\213\234\354\212\244\355\205\234/Wiki/\352\260\234\353\205\220/OpenCode-Hermes-\354\227\260\353\217\231.md"
?? "06-Wiki-\354\213\234\354\212\244\355\205\234/Wiki/\355\202\244\354\233\200-API-\354\235\270\354\246\235-\354\204\244\354\240\225.md"
[1;33m[2026-04-29 04:00:24] [WARN] Dry-run 모드: 계속 진행[0m

[0;34m[2026-04-29 04:00:24] [INFO] === GitHub에서 변경사항 가져오기 ===[0m
https://github.com/comage9/obsidian-vault URL에서
 * branch            main       -> FETCH_HEAD
[0;34m[2026-04-29 04:00:24] [INFO] 로컬:  8eb51025d015b82b2f7f76ef59e59dc9a1e23f5e[0m
[0;34m[2026-04-29 04:00:24] [INFO] 원격:  8eb51025d015b82b2f7f76ef59e59dc9a1e23f5e[0m
[0;32m[2026-04-29 04:00:24] [OK] 동기화 상태 - 변경사항 없음 ✓[0m

[0;34m[2026-04-29 04:00:24] [INFO] 동기화 종료[0m

[0;34m[2026-04-29 05:00:40] [INFO] ==========================================[0m
[0;34m[2026-04-29 05:00:40] [INFO]   GitHub Wiki AI Sync 시작[0m
[0;34m[2026-04-29 05:00:40] [INFO] ==========================================[0m

[1;33m[2026-04-29 05:00:40] [WARN] ⚠️ DRY-RUN 모드: 실제 변경 없음[0m

[0;34m[2026-04-29 05:00:40] [INFO] === 사전 检查 시작 ===[0m
[0;34m[2026-04-29 05:00:40] [INFO] === 로컬 변경사항 检查 ===[0m
[1;33m[2026-04-29 05:00:40] [WARN] 로컬에 저장되지 않은 변경사항 있음[0m
 M "06-Wiki-\354\213\234\354\212\244\355\205\234/Logs/2026-04-28-sync.log"
 M "06-Wiki-\354\213\234\354\212\244\355\205\234/Wiki/2026-04-27-\354\204\270\354\205\230-\354\271\264\355\214\214\354\213\234-\354\234\204\355\202\244-\353\260\251\354\213\235-\354\204\244\354\240\225.md"
 M "06-Wiki-\354\213\234\354\212\244\355\205\234/Wiki/\354\235\270\353\215\261\354\212\244.md"
?? "06-Wiki-\354\213\234\354\212\244\355\205\234/Logs/2026-04-29-sync.log"
?? "06-Wiki-\354\213\234\354\212\244\355\205\234/Raw/"
?? "06-Wiki-\354\213\234\354\212\244\355\205\234/Wiki/\352\260\234\353\205\220/OpenCode-Hermes-\354\227\260\353\217\231.md"
?? "06-Wiki-\354\213\234\354\212\244\355\205\234/Wiki/\355\202\244\354\233\200-API-\354\235\270\354\246\235-\354\204\244\354\240\225.md"
[1;33m[2026-04-29 05:00:40] [WARN] Dry-run 모드: 계속 진행[0m

[0;34m[2026-04-29 05:00:40] [INFO] === GitHub에서 변경사항 가져오기 ===[0m
https://github.com/comage9/obsidian-vault URL에서
 * branch            main       -> FETCH_HEAD
[0;34m[2026-04-29 05:00:40] [INFO] 로컬:  8eb51025d015b82b2f7f76ef59e59dc9a1e23f5e[0m
[0;34m[2026-04-29 05:00:40] [INFO] 원격:  8eb51025d015b82b2f7f76ef59e59dc9a1e23f5e[0m
[0;32m[2026-04-29 05:00:40] [OK] 동기화 상태 - 변경사항 없음 ✓[0m

[0;34m[2026-04-29 05:00:40] [INFO] 동기화 종료[0m

[0;34m[2026-04-29 06:01:01] [INFO] ==========================================[0m
[0;34m[2026-04-29 06:01:01] [INFO]   GitHub Wiki AI Sync 시작[0m
[0;34m[2026-04-29 06:01:01] [INFO] ==========================================[0m

[1;33m[2026-04-29 06:01:01] [WARN] ⚠️ DRY-RUN 모드: 실제 변경 없음[0m

[0;34m[2026-04-29 06:01:01] [INFO] === 사전 检查 시작 ===[0m
[0;34m[2026-04-29 06:01:01] [INFO] === 로컬 변경사항 检查 ===[0m
[1;33m[2026-04-29 06:01:01] [WARN] 로컬에 저장되지 않은 변경사항 있음[0m
 M "06-Wiki-\354\213\234\354\212\244\355\205\234/Logs/2026-04-28-sync.log"
 M "06-Wiki-\354\213\234\354\212\244\355\205\234/Wiki/2026-04-27-\354\204\270\354\205\230-\354\271\264\355\214\214\354\213\234-\354\234\204\355\202\244-\353\260\251\354\213\235-\354\204\244\354\240\225.md"
 M "06-Wiki-\354\213\234\354\212\244\355\205\234/Wiki/\354\235\270\353\215\261\354\212\244.md"
?? "06-Wiki-\354\213\234\354\212\244\355\205\234/Logs/2026-04-29-sync.log"
?? "06-Wiki-\354\213\234\354\212\244\355\205\234/Raw/"
?? "06-Wiki-\354\213\234\354\212\244\355\205\234/Wiki/\352\260\234\353\205\220/OpenCode-Hermes-\354\227\260\353\217\231.md"
?? "06-Wiki-\354\213\234\354\212\244\355\205\234/Wiki/\355\202\244\354\233\200-API-\354\235\270\354\246\235-\354\204\244\354\240\225.md"
[1;33m[2026-04-29 06:01:01] [WARN] Dry-run 모드: 계속 진행[0m

[0;34m[2026-04-29 06:01:01] [INFO] === GitHub에서 변경사항 가져오기 ===[0m
https://github.com/comage9/obsidian-vault URL에서
 * branch            main       -> FETCH_HEAD
[0;34m[2026-04-29 06:01:01] [INFO] 로컬:  8eb51025d015b82b2f7f76ef59e59dc9a1e23f5e[0m
[0;34m[2026-04-29 06:01:01] [INFO] 원격:  8eb51025d015b82b2f7f76ef59e59dc9a1e23f5e[0m
[0;32m[2026-04-29 06:01:01] [OK] 동기화 상태 - 변경사항 없음 ✓[0m

[0;34m[2026-04-29 06:01:01] [INFO] 동기화 종료[0m

[0;34m[2026-04-29 07:00:22] [INFO] ==========================================[0m
[0;34m[2026-04-29 07:00:22] [INFO]   GitHub Wiki AI Sync 시작[0m
[0;34m[2026-04-29 07:00:22] [INFO] ==========================================[0m

[1;33m[2026-04-29 07:00:22] [WARN] ⚠️ DRY-RUN 모드: 실제 변경 없음[0m

[0;34m[2026-04-29 07:00:22] [INFO] === 사전 检查 시작 ===[0m
[0;34m[2026-04-29 07:00:22] [INFO] === 로컬 변경사항 检查 ===[0m
[1;33m[2026-04-29 07:00:22] [WARN] 로컬에 저장되지 않은 변경사항 있음[0m
 M "06-Wiki-\354\213\234\354\212\244\355\205\234/Logs/2026-04-28-sync.log"
 M "06-Wiki-\354\213\234\354\212\244\355\205\234/Wiki/2026-04-27-\354\204\270\354\205\230-\354\271\264\355\214\214\354\213\234-\354\234\204\355\202\244-\353\260\251\354\213\235-\354\204\244\354\240\225.md"
 M "06-Wiki-\354\213\234\354\212\244\355\205\234/Wiki/\354\235\270\353\215\261\354\212\244.md"
?? "06-Wiki-\354\213\234\354\212\244\355\205\234/Logs/2026-04-29-sync.log"
?? "06-Wiki-\354\213\234\354\212\244\355\205\234/Raw/"
?? "06-Wiki-\354\213\234\354\212\244\355\205\234/Wiki/\352\260\234\353\205\220/OpenCode-Hermes-\354\227\260\353\217\231.md"
?? "06-Wiki-\354\213\234\354\212\244\355\205\234/Wiki/\355\202\244\354\233\200-API-\354\235\270\354\246\235-\354\204\244\354\240\225.md"
[1;33m[2026-04-29 07:00:22] [WARN] Dry-run 모드: 계속 진행[0m

[0;34m[2026-04-29 07:00:22] [INFO] === GitHub에서 변경사항 가져오기 ===[0m
https://github.com/comage9/obsidian-vault URL에서
 * branch            main       -> FETCH_HEAD
[0;34m[2026-04-29 07:00:22] [INFO] 로컬:  8eb51025d015b82b2f7f76ef59e59dc9a1e23f5e[0m
[0;34m[2026-04-29 07:00:22] [INFO] 원격:  8eb51025d015b82b2f7f76ef59e59dc9a1e23f5e[0m
[0;32m[2026-04-29 07:00:22] [OK] 동기화 상태 - 변경사항 없음 ✓[0m

[0;34m[2026-04-29 07:00:22] [INFO] 동기화 종료[0m

[0;34m[2026-04-29 08:00:43] [INFO] ==========================================[0m
[0;34m[2026-04-29 08:00:43] [INFO]   GitHub Wiki AI Sync 시작[0m
[0;34m[2026-04-29 08:00:43] [INFO] ==========================================[0m

[1;33m[2026-04-29 08:00:43] [WARN] ⚠️ DRY-RUN 모드: 실제 변경 없음[0m

[0;34m[2026-04-29 08:00:43] [INFO] === 사전 检查 시작 ===[0m
[0;34m[2026-04-29 08:00:43] [INFO] === 로컬 변경사항 检查 ===[0m
[1;33m[2026-04-29 08:00:43] [WARN] 로컬에 저장되지 않은 변경사항 있음[0m
 M "06-Wiki-\354\213\234\354\212\244\355\205\234/Logs/2026-04-28-sync.log"
 M "06-Wiki-\354\213\234\354\212\244\355\205\234/Wiki/2026-04-27-\354\204\270\354\205\230-\354\271\264\355\214\214\354\213\234-\354\234\204\355\202\244-\353\260\251\354\213\235-\354\204\244\354\240\225.md"
 M "06-Wiki-\354\213\234\354\212\244\355\205\234/Wiki/\354\235\270\353\215\261\354\212\244.md"
?? "06-Wiki-\354\213\234\354\212\244\355\205\234/Logs/2026-04-29-sync.log"
?? "06-Wiki-\354\213\234\354\212\244\355\205\234/Raw/"
?? "06-Wiki-\354\213\234\354\212\244\355\205\234/Wiki/\352\260\234\353\205\220/OpenCode-Hermes-\354\227\260\353\217\231.md"
?? "06-Wiki-\354\213\234\354\212\244\355\205\234/Wiki/\355\202\244\354\233\200-API-\354\235\270\354\246\235-\354\204\244\354\240\225.md"
[1;33m[2026-04-29 08:00:43] [WARN] Dry-run 모드: 계속 진행[0m

[0;34m[2026-04-29 08:00:43] [INFO] === GitHub에서 변경사항 가져오기 ===[0m
https://github.com/comage9/obsidian-vault URL에서
 * branch            main       -> FETCH_HEAD
[0;34m[2026-04-29 08:00:43] [INFO] 로컬:  8eb51025d015b82b2f7f76ef59e59dc9a1e23f5e[0m
[0;34m[2026-04-29 08:00:43] [INFO] 원격:  8eb51025d015b82b2f7f76ef59e59dc9a1e23f5e[0m
[0;32m[2026-04-29 08:00:43] [OK] 동기화 상태 - 변경사항 없음 ✓[0m

[0;34m[2026-04-29 08:00:43] [INFO] 동기화 종료[0m

[0;34m[2026-04-29 09:00:17] [INFO] ==========================================[0m
[0;34m[2026-04-29 09:00:17] [INFO]   GitHub Wiki AI Sync 시작[0m
[0;34m[2026-04-29 09:00:17] [INFO] ==========================================[0m

[1;33m[2026-04-29 09:00:17] [WARN] ⚠️ DRY-RUN 모드: 실제 변경 없음[0m

[0;34m[2026-04-29 09:00:17] [INFO] === 사전 检查 시작 ===[0m
[0;34m[2026-04-29 09:00:17] [INFO] === 로컬 변경사항 检查 ===[0m
[1;33m[2026-04-29 09:00:17] [WARN] 로컬에 저장되지 않은 변경사항 있음[0m
 M "06-Wiki-\354\213\234\354\212\244\355\205\234/Logs/2026-04-28-sync.log"
 M "06-Wiki-\354\213\234\354\212\244\355\205\234/Wiki/2026-04-27-\354\204\270\354\205\230-\354\271\264\355\214\214\354\213\234-\354\234\204\355\202\244-\353\260\251\354\213\235-\354\204\244\354\240\225.md"
 M "06-Wiki-\354\213\234\354\212\244\355\205\234/Wiki/\354\235\270\353\215\261\354\212\244.md"
?? "06-Wiki-\354\213\234\354\212\244\355\205\234/Logs/2026-04-29-sync.log"
?? "06-Wiki-\354\213\234\354\212\244\355\205\234/Raw/"
?? "06-Wiki-\354\213\234\354\212\244\355\205\234/Wiki/\352\260\234\353\205\220/OpenCode-Hermes-\354\227\260\353\217\231.md"
?? "06-Wiki-\354\213\234\354\212\244\355\205\234/Wiki/\355\202\244\354\233\200-API-\354\235\270\354\246\235-\354\204\244\354\240\225.md"
[1;33m[2026-04-29 09:00:17] [WARN] Dry-run 모드: 계속 진행[0m

[0;34m[2026-04-29 09:00:17] [INFO] === GitHub에서 변경사항 가져오기 ===[0m
https://github.com/comage9/obsidian-vault URL에서
 * branch            main       -> FETCH_HEAD
[0;34m[2026-04-29 09:00:17] [INFO] 로컬:  8eb51025d015b82b2f7f76ef59e59dc9a1e23f5e[0m
[0;34m[2026-04-29 09:00:17] [INFO] 원격:  8eb51025d015b82b2f7f76ef59e59dc9a1e23f5e[0m
[0;32m[2026-04-29 09:00:17] [OK] 동기화 상태 - 변경사항 없음 ✓[0m

[0;34m[2026-04-29 09:00:17] [INFO] 동기화 종료[0m

[0;34m[2026-04-29 10:00:47] [INFO] ==========================================[0m
[0;34m[2026-04-29 10:00:47] [INFO]   GitHub Wiki AI Sync 시작[0m
[0;34m[2026-04-29 10:00:47] [INFO] ==========================================[0m

[1;33m[2026-04-29 10:00:47] [WARN] ⚠️ DRY-RUN 모드: 실제 변경 없음[0m

[0;34m[2026-04-29 10:00:47] [INFO] === 사전 检查 시작 ===[0m
[0;34m[2026-04-29 10:00:47] [INFO] === 로컬 변경사항 检查 ===[0m
[1;33m[2026-04-29 10:00:47] [WARN] 로컬에 저장되지 않은 변경사항 있음[0m
 M "06-Wiki-\354\213\234\354\212\244\355\205\234/Logs/2026-04-28-sync.log"
 M "06-Wiki-\354\213\234\354\212\244\355\205\234/Wiki/2026-04-27-\354\204\270\354\205\230-\354\271\264\355\214\214\354\213\234-\354\234\204\355\202\244-\353\260\251\354\213\235-\354\204\244\354\240\225.md"
 M "06-Wiki-\354\213\234\354\212\244\355\205\234/Wiki/\354\235\270\353\215\261\354\212\244.md"
?? "06-Wiki-\354\213\234\354\212\244\355\205\234/Archived/2026-04/2026-04-28-OpenCode-Hermes-\354\227\260\353\217\231-\352\262\200\355\206\240.md"
?? "06-Wiki-\354\213\234\354\212\244\355\205\234/Logs/2026-04-29-sync.log"
?? "06-Wiki-\354\213\234\354\212\244\355\205\234/Logs/2026-04-29-\354\235\270\354\240\234\354\212\244\355\212\270.log"
?? "06-Wiki-\354\213\234\354\212\244\355\205\234/Wiki/2026-04-29-OpenCode-Hermes-\354\227\260\353\217\231-\352\262\200\355\206\240.md"
?? "06-Wiki-\354\213\234\354\212\244\355\205\234/Wiki/\352\260\234\353\205\220/OpenCode-Hermes-\354\227\260\353\217\231.md"
?? "06-Wiki-\354\213\234\354\212\244\355\205\234/Wiki/\355\202\244\354\233\200-API-\354\235\270\354\246\235-\354\204\244\354\240\225.md"
[1;33m[2026-04-29 10:00:47] [WARN] Dry-run 모드: 계속 진행[0m

[0;34m[2026-04-29 10:00:47] [INFO] === GitHub에서 변경사항 가져오기 ===[0m
https://github.com/comage9/obsidian-vault URL에서
 * branch            main       -> FETCH_HEAD
[0;34m[2026-04-29 10:00:47] [INFO] 로컬:  8eb51025d015b82b2f7f76ef59e59dc9a1e23f5e[0m
[0;34m[2026-04-29 10:00:47] [INFO] 원격:  8eb51025d015b82b2f7f76ef59e59dc9a1e23f5e[0m
[0;32m[2026-04-29 10:00:47] [OK] 동기화 상태 - 변경사항 없음 ✓[0m

[0;34m[2026-04-29 10:00:47] [INFO] 동기화 종료[0m

[0;34m[2026-04-29 11:00:27] [INFO] ==========================================[0m
[0;34m[2026-04-29 11:00:27] [INFO]   GitHub Wiki AI Sync 시작[0m
[0;34m[2026-04-29 11:00:27] [INFO] ==========================================[0m

[1;33m[2026-04-29 11:00:27] [WARN] ⚠️ DRY-RUN 모드: 실제 변경 없음[0m

[0;34m[2026-04-29 11:00:27] [INFO] === 사전 检查 시작 ===[0m
[0;34m[2026-04-29 11:00:27] [INFO] === 로컬 변경사항 检查 ===[0m
[1;33m[2026-04-29 11:00:27] [WARN] 로컬에 저장되지 않은 변경사항 있음[0m
 M "06-Wiki-\354\213\234\354\212\244\355\205\234/Logs/2026-04-28-sync.log"
 M "06-Wiki-\354\213\234\354\212\244\355\205\234/Wiki/2026-04-27-\354\204\270\354\205\230-\354\271\264\355\214\214\354\213\234-\354\234\204\355\202\244-\353\260\251\354\213\235-\354\204\244\354\240\225.md"
 M "06-Wiki-\354\213\234\354\212\244\355\205\234/Wiki/\354\235\270\353\215\261\354\212\244.md"
?? "06-Wiki-\354\213\234\354\212\244\355\205\234/Archived/2026-04/2026-04-28-OpenCode-Hermes-\354\227\260\353\217\231-\352\262\200\355\206\240.md"
?? "06-Wiki-\354\213\234\354\212\244\355\205\234/Logs/2026-04-29-sync.log"
?? "06-Wiki-\354\213\234\354\212\244\355\205\234/Logs/2026-04-29-\354\235\270\354\240\234\354\212\244\355\212\270.log"
?? "06-Wiki-\354\213\234\354\212\244\355\205\234/Wiki/2026-04-29-OpenCode-Hermes-\354\227\260\353\217\231-\352\262\200\355\206\240.md"
?? "06-Wiki-\354\213\234\354\212\244\355\205\234/Wiki/\352\260\234\353\205\220/OpenCode-Hermes-\354\227\260\353\217\231.md"
?? "06-Wiki-\354\213\234\354\212\244\355\205\234/Wiki/\355\202\244\354\233\200-API-\354\235\270\354\246\235-\354\204\244\354\240\225.md"
[1;33m[2026-04-29 11:00:27] [WARN] Dry-run 모드: 계속 진행[0m

[0;34m[2026-04-29 11:00:27] [INFO] === GitHub에서 변경사항 가져오기 ===[0m
https://github.com/comage9/obsidian-vault URL에서
 * branch            main       -> FETCH_HEAD
[0;34m[2026-04-29 11:00:27] [INFO] 로컬:  8eb51025d015b82b2f7f76ef59e59dc9a1e23f5e[0m
[0;34m[2026-04-29 11:00:27] [INFO] 원격:  8eb51025d015b82b2f7f76ef59e59dc9a1e23f5e[0m
[0;32m[2026-04-29 11:00:27] [OK] 동기화 상태 - 변경사항 없음 ✓[0m

[0;34m[2026-04-29 11:00:27] [INFO] 동기화 종료[0m

[0;34m[2026-04-29 12:01:06] [INFO] ==========================================[0m
[0;34m[2026-04-29 12:01:06] [INFO]   GitHub Wiki AI Sync 시작[0m
[0;34m[2026-04-29 12:01:06] [INFO] ==========================================[0m

[1;33m[2026-04-29 12:01:06] [WARN] ⚠️ DRY-RUN 모드: 실제 변경 없음[0m

[0;34m[2026-04-29 12:01:06] [INFO] === 사전 检查 시작 ===[0m
[0;34m[2026-04-29 12:01:06] [INFO] === 로컬 변경사항 检查 ===[0m
[1;33m[2026-04-29 12:01:06] [WARN] 로컬에 저장되지 않은 변경사항 있음[0m
 M "06-Wiki-\354\213\234\354\212\244\355\205\234/Logs/2026-04-28-sync.log"
 M "06-Wiki-\354\213\234\354\212\244\355\205\234/Wiki/2026-04-27-\354\204\270\354\205\230-\354\271\264\355\214\214\354\213\234-\354\234\204\355\202\244-\353\260\251\354\213\235-\354\204\244\354\240\225.md"
 M "06-Wiki-\354\213\234\354\212\244\355\205\234/Wiki/\354\235\270\353\215\261\354\212\244.md"
?? "06-Wiki-\354\213\234\354\212\244\355\205\234/Archived/2026-04/2026-04-28-OpenCode-Hermes-\354\227\260\353\217\231-\352\262\200\355\206\240.md"
?? "06-Wiki-\354\213\234\354\212\244\355\205\234/Logs/2026-04-29-sync.log"
?? "06-Wiki-\354\213\234\354\212\244\355\205\234/Logs/2026-04-29-\354\235\270\354\240\234\354\212\244\355\212\270.log"
?? "06-Wiki-\354\213\234\354\212\244\355\205\234/Wiki/2026-04-29-OpenCode-Hermes-\354\227\260\353\217\231-\352\262\200\355\206\240.md"
?? "06-Wiki-\354\213\234\354\212\244\355\205\234/Wiki/\352\260\234\353\205\220/OpenCode-Hermes-\354\227\260\353\217\231.md"
?? "06-Wiki-\354\213\234\354\212\244\355\205\234/Wiki/\355\202\244\354\233\200-API-\354\235\270\354\246\235-\354\204\244\354\240\225.md"
[1;33m[2026-04-29 12:01:06] [WARN] Dry-run 모드: 계속 진행[0m

[0;34m[2026-04-29 12:01:06] [INFO] === GitHub에서 변경사항 가져오기 ===[0m
https://github.com/comage9/obsidian-vault URL에서
 * branch            main       -> FETCH_HEAD
[0;34m[2026-04-29 12:01:06] [INFO] 로컬:  8eb51025d015b82b2f7f76ef59e59dc9a1e23f5e[0m
[0;34m[2026-04-29 12:01:06] [INFO] 원격:  8eb51025d015b82b2f7f76ef59e59dc9a1e23f5e[0m
[0;32m[2026-04-29 12:01:06] [OK] 동기화 상태 - 변경사항 없음 ✓[0m

[0;34m[2026-04-29 12:01:06] [INFO] 동기화 종료[0m

[0;34m[2026-04-29 13:00:50] [INFO] ==========================================[0m
[0;34m[2026-04-29 13:00:50] [INFO]   GitHub Wiki AI Sync 시작[0m
[0;34m[2026-04-29 13:00:50] [INFO] ==========================================[0m

[1;33m[2026-04-29 13:00:50] [WARN] ⚠️ DRY-RUN 모드: 실제 변경 없음[0m

[0;34m[2026-04-29 13:00:50] [INFO] === 사전 检查 시작 ===[0m
[0;34m[2026-04-29 13:00:50] [INFO] === 로컬 변경사항 检查 ===[0m
[1;33m[2026-04-29 13:00:50] [WARN] 로컬에 저장되지 않은 변경사항 있음[0m
 M "06-Wiki-\354\213\234\354\212\244\355\205\234/Logs/2026-04-28-sync.log"
 M "06-Wiki-\354\213\234\354\212\244\355\205\234/Wiki/2026-04-27-\354\204\270\354\205\230-\354\271\264\355\214\214\354\213\234-\354\234\204\355\202\244-\353\260\251\354\213\235-\354\204\244\354\240\225.md"
 M "06-Wiki-\354\213\234\354\212\244\355\205\234/Wiki/\354\235\270\353\215\261\354\212\244.md"
?? "06-Wiki-\354\213\234\354\212\244\355\205\234/Archived/2026-04/2026-04-28-OpenCode-Hermes-\354\227\260\353\217\231-\352\262\200\355\206\240.md"
?? "06-Wiki-\354\213\234\354\212\244\355\205\234/Logs/2026-04-29-sync.log"
?? "06-Wiki-\354\213\234\354\212\244\355\205\234/Logs/2026-04-29-\354\235\270\354\240\234\354\212\244\355\212\270.log"
?? "06-Wiki-\354\213\234\354\212\244\355\205\234/Wiki/2026-04-29-OpenCode-Hermes-\354\227\260\353\217\231-\352\262\200\355\206\240.md"
?? "06-Wiki-\354\213\234\354\212\244\355\205\234/Wiki/\352\260\234\353\205\220/OpenCode-Hermes-\354\227\260\353\217\231.md"
?? "06-Wiki-\354\213\234\354\212\244\355\205\234/Wiki/\355\202\244\354\233\200-API-\354\235\270\354\246\235-\354\204\244\354\240\225.md"
[1;33m[2026-04-29 13:00:50] [WARN] Dry-run 모드: 계속 진행[0m

[0;34m[2026-04-29 13:00:50] [INFO] === GitHub에서 변경사항 가져오기 ===[0m
https://github.com/comage9/obsidian-vault URL에서
 * branch            main       -> FETCH_HEAD
[0;34m[2026-04-29 13:00:50] [INFO] 로컬:  8eb51025d015b82b2f7f76ef59e59dc9a1e23f5e[0m
[0;34m[2026-04-29 13:00:50] [INFO] 원격:  8eb51025d015b82b2f7f76ef59e59dc9a1e23f5e[0m
[0;32m[2026-04-29 13:00:50] [OK] 동기화 상태 - 변경사항 없음 ✓[0m

[0;34m[2026-04-29 13:00:50] [INFO] 동기화 종료[0m

[0;34m[2026-04-29 14:00:22] [INFO] ==========================================[0m
[0;34m[2026-04-29 14:00:22] [INFO]   GitHub Wiki AI Sync 시작[0m
[0;34m[2026-04-29 14:00:22] [INFO] ==========================================[0m

[1;33m[2026-04-29 14:00:22] [WARN] ⚠️ DRY-RUN 모드: 실제 변경 없음[0m

[0;34m[2026-04-29 14:00:22] [INFO] === 사전 检查 시작 ===[0m
[0;34m[2026-04-29 14:00:22] [INFO] === 로컬 변경사항 检查 ===[0m
[1;33m[2026-04-29 14:00:22] [WARN] 로컬에 저장되지 않은 변경사항 있음[0m
 M "06-Wiki-\354\213\234\354\212\244\355\205\234/Logs/2026-04-28-sync.log"
 M "06-Wiki-\354\213\234\354\212\244\355\205\234/Wiki/2026-04-27-\354\204\270\354\205\230-\354\271\264\355\214\214\354\213\234-\354\234\204\355\202\244-\353\260\251\354\213\235-\354\204\244\354\240\225.md"
 M "06-Wiki-\354\213\234\354\212\244\355\205\234/Wiki/\354\235\270\353\215\261\354\212\244.md"
?? "06-Wiki-\354\213\234\354\212\244\355\205\234/Archived/2026-04/2026-04-28-OpenCode-Hermes-\354\227\260\353\217\231-\352\262\200\355\206\240.md"
?? "06-Wiki-\354\213\234\354\212\244\355\205\234/Logs/2026-04-29-sync.log"
?? "06-Wiki-\354\213\234\354\212\244\355\205\234/Logs/2026-04-29-\354\235\270\354\240\234\354\212\244\355\212\270.log"
?? "06-Wiki-\354\213\234\354\212\244\355\205\234/Wiki/2026-04-29-OpenCode-Hermes-\354\227\260\353\217\231-\352\262\200\355\206\240.md"
?? "06-Wiki-\354\213\234\354\212\244\355\205\234/Wiki/\352\260\234\353\205\220/OpenCode-Hermes-\354\227\260\353\217\231.md"
?? "06-Wiki-\354\213\234\354\212\244\355\205\234/Wiki/\355\202\244\354\233\200-API-\354\235\270\354\246\235-\354\204\244\354\240\225.md"
[1;33m[2026-04-29 14:00:22] [WARN] Dry-run 모드: 계속 진행[0m

[0;34m[2026-04-29 14:00:22] [INFO] === GitHub에서 변경사항 가져오기 ===[0m
https://github.com/comage9/obsidian-vault URL에서
 * branch            main       -> FETCH_HEAD
[0;34m[2026-04-29 14:00:22] [INFO] 로컬:  8eb51025d015b82b2f7f76ef59e59dc9a1e23f5e[0m
[0;34m[2026-04-29 14:00:22] [INFO] 원격:  8eb51025d015b82b2f7f76ef59e59dc9a1e23f5e[0m
[0;32m[2026-04-29 14:00:22] [OK] 동기화 상태 - 변경사항 없음 ✓[0m

[0;34m[2026-04-29 14:00:22] [INFO] 동기화 종료[0m

[0;34m[2026-04-29 15:01:04] [INFO] ==========================================[0m
[0;34m[2026-04-29 15:01:04] [INFO]   GitHub Wiki AI Sync 시작[0m
[0;34m[2026-04-29 15:01:04] [INFO] ==========================================[0m

[1;33m[2026-04-29 15:01:04] [WARN] ⚠️ DRY-RUN 모드: 실제 변경 없음[0m

[0;34m[2026-04-29 15:01:04] [INFO] === 사전 检查 시작 ===[0m
[0;34m[2026-04-29 15:01:04] [INFO] === 로컬 변경사항 检查 ===[0m
[1;33m[2026-04-29 15:01:04] [WARN] 로컬에 저장되지 않은 변경사항 있음[0m
 M "06-Wiki-\354\213\234\354\212\244\355\205\234/Logs/2026-04-28-sync.log"
 M "06-Wiki-\354\213\234\354\212\244\355\205\234/Wiki/2026-04-27-\354\204\270\354\205\230-\354\271\264\355\214\214\354\213\234-\354\234\204\355\202\244-\353\260\251\354\213\235-\354\204\244\354\240\225.md"
 M "06-Wiki-\354\213\234\354\212\244\355\205\234/Wiki/\354\235\270\353\215\261\354\212\244.md"
?? "06-Wiki-\354\213\234\354\212\244\355\205\234/Archived/2026-04/2026-04-28-OpenCode-Hermes-\354\227\260\353\217\231-\352\262\200\355\206\240.md"
?? "06-Wiki-\354\213\234\354\212\244\355\205\234/Logs/2026-04-29-sync.log"
?? "06-Wiki-\354\213\234\354\212\244\355\205\234/Logs/2026-04-29-\354\235\270\354\240\234\354\212\244\355\212\270.log"
?? "06-Wiki-\354\213\234\354\212\244\355\205\234/Wiki/2026-04-29-OpenCode-Hermes-\354\227\260\353\217\231-\352\262\200\355\206\240.md"
?? "06-Wiki-\354\213\234\354\212\244\355\205\234/Wiki/\352\260\234\353\205\220/OpenCode-Hermes-\354\227\260\353\217\231.md"
?? "06-Wiki-\354\213\234\354\212\244\355\205\234/Wiki/\355\202\244\354\233\200-API-\354\235\270\354\246\235-\354\204\244\354\240\225.md"
[1;33m[2026-04-29 15:01:04] [WARN] Dry-run 모드: 계속 진행[0m

[0;34m[2026-04-29 15:01:04] [INFO] === GitHub에서 변경사항 가져오기 ===[0m
https://github.com/comage9/obsidian-vault URL에서
 * branch            main       -> FETCH_HEAD
[0;34m[2026-04-29 15:01:04] [INFO] 로컬:  8eb51025d015b82b2f7f76ef59e59dc9a1e23f5e[0m
[0;34m[2026-04-29 15:01:04] [INFO] 원격:  8eb51025d015b82b2f7f76ef59e59dc9a1e23f5e[0m
[0;32m[2026-04-29 15:01:04] [OK] 동기화 상태 - 변경사항 없음 ✓[0m

[0;34m[2026-04-29 15:01:04] [INFO] 동기화 종료[0m

[0;34m[2026-04-29 16:00:57] [INFO] ==========================================[0m
[0;34m[2026-04-29 16:00:57] [INFO]   GitHub Wiki AI Sync 시작[0m
[0;34m[2026-04-29 16:00:57] [INFO] ==========================================[0m

[1;33m[2026-04-29 16:00:57] [WARN] ⚠️ DRY-RUN 모드: 실제 변경 없음[0m

[0;34m[2026-04-29 16:00:57] [INFO] === 사전 检查 시작 ===[0m
[0;34m[2026-04-29 16:00:57] [INFO] === 로컬 변경사항 检查 ===[0m
[1;33m[2026-04-29 16:00:57] [WARN] 로컬에 저장되지 않은 변경사항 있음[0m
 M "06-Wiki-\354\213\234\354\212\244\355\205\234/Logs/2026-04-28-sync.log"
 M "06-Wiki-\354\213\234\354\212\244\355\205\234/Wiki/2026-04-27-\354\204\270\354\205\230-\354\271\264\355\214\214\354\213\234-\354\234\204\355\202\244-\353\260\251\354\213\235-\354\204\244\354\240\225.md"
 M "06-Wiki-\354\213\234\354\212\244\355\205\234/Wiki/\354\235\270\353\215\261\354\212\244.md"
?? "06-Wiki-\354\213\234\354\212\244\355\205\234/Archived/2026-04/2026-04-28-OpenCode-Hermes-\354\227\260\353\217\231-\352\262\200\355\206\240.md"
?? "06-Wiki-\354\213\234\354\212\244\355\205\234/Logs/2026-04-29-sync.log"
?? "06-Wiki-\354\213\234\354\212\244\355\205\234/Logs/2026-04-29-\354\235\270\354\240\234\354\212\244\355\212\270.log"
?? "06-Wiki-\354\213\234\354\212\244\355\205\234/Wiki/2026-04-29-OpenCode-Hermes-\354\227\260\353\217\231-\352\262\200\355\206\240.md"
?? "06-Wiki-\354\213\234\354\212\244\355\205\234/Wiki/\352\260\234\353\205\220/OpenCode-Hermes-\354\227\260\353\217\231.md"
?? "06-Wiki-\354\213\234\354\212\244\355\205\234/Wiki/\355\202\244\354\233\200-API-\354\235\270\354\246\235-\354\204\244\354\240\225.md"
[1;33m[2026-04-29 16:00:57] [WARN] Dry-run 모드: 계속 진행[0m

[0;34m[2026-04-29 16:00:57] [INFO] === GitHub에서 변경사항 가져오기 ===[0m
https://github.com/comage9/obsidian-vault URL에서
 * branch            main       -> FETCH_HEAD
[0;34m[2026-04-29 16:00:57] [INFO] 로컬:  8eb51025d015b82b2f7f76ef59e59dc9a1e23f5e[0m
[0;34m[2026-04-29 16:00:57] [INFO] 원격:  8eb51025d015b82b2f7f76ef59e59dc9a1e23f5e[0m
[0;32m[2026-04-29 16:00:57] [OK] 동기화 상태 - 변경사항 없음 ✓[0m

[0;34m[2026-04-29 16:00:57] [INFO] 동기화 종료[0m

[0;34m[2026-04-29 17:00:26] [INFO] ==========================================[0m
[0;34m[2026-04-29 17:00:26] [INFO]   GitHub Wiki AI Sync 시작[0m
[0;34m[2026-04-29 17:00:26] [INFO] ==========================================[0m

[1;33m[2026-04-29 17:00:26] [WARN] ⚠️ DRY-RUN 모드: 실제 변경 없음[0m

[0;34m[2026-04-29 17:00:26] [INFO] === 사전 检查 시작 ===[0m
[0;34m[2026-04-29 17:00:26] [INFO] === 로컬 변경사항 检查 ===[0m
[1;33m[2026-04-29 17:00:26] [WARN] 로컬에 저장되지 않은 변경사항 있음[0m
 M "06-Wiki-\354\213\234\354\212\244\355\205\234/Logs/2026-04-28-sync.log"
 M "06-Wiki-\354\213\234\354\212\244\355\205\234/Wiki/2026-04-27-\354\204\270\354\205\230-\354\271\264\355\214\214\354\213\234-\354\234\204\355\202\244-\353\260\251\354\213\235-\354\204\244\354\240\225.md"
 M "06-Wiki-\354\213\234\354\212\244\355\205\234/Wiki/\354\235\270\353\215\261\354\212\244.md"
?? "06-Wiki-\354\213\234\354\212\244\355\205\234/Archived/2026-04/2026-04-28-OpenCode-Hermes-\354\227\260\353\217\231-\352\262\200\355\206\240.md"
?? "06-Wiki-\354\213\234\354\212\244\355\205\234/Logs/2026-04-29-sync.log"
?? "06-Wiki-\354\213\234\354\212\244\355\205\234/Logs/2026-04-29-\354\235\270\354\240\234\354\212\244\355\212\270.log"
?? "06-Wiki-\354\213\234\354\212\244\355\205\234/Wiki/2026-04-29-OpenCode-Hermes-\354\227\260\353\217\231-\352\262\200\355\206\240.md"
?? "06-Wiki-\354\213\234\354\212\244\355\205\234/Wiki/\352\260\234\353\205\220/OpenCode-Hermes-\354\227\260\353\217\231.md"
?? "06-Wiki-\354\213\234\354\212\244\355\205\234/Wiki/\355\202\244\354\233\200-API-\354\235\270\354\246\235-\354\204\244\354\240\225.md"
[1;33m[2026-04-29 17:00:26] [WARN] Dry-run 모드: 계속 진행[0m

[0;34m[2026-04-29 17:00:26] [INFO] === GitHub에서 변경사항 가져오기 ===[0m
https://github.com/comage9/obsidian-vault URL에서
 * branch            main       -> FETCH_HEAD
[0;34m[2026-04-29 17:00:26] [INFO] 로컬:  8eb51025d015b82b2f7f76ef59e59dc9a1e23f5e[0m
[0;34m[2026-04-29 17:00:26] [INFO] 원격:  8eb51025d015b82b2f7f76ef59e59dc9a1e23f5e[0m
[0;32m[2026-04-29 17:00:26] [OK] 동기화 상태 - 변경사항 없음 ✓[0m

[0;34m[2026-04-29 17:00:26] [INFO] 동기화 종료[0m

[0;34m[2026-04-29 18:00:55] [INFO] ==========================================[0m
[0;34m[2026-04-29 18:00:55] [INFO]   GitHub Wiki AI Sync 시작[0m
[0;34m[2026-04-29 18:00:55] [INFO] ==========================================[0m

[1;33m[2026-04-29 18:00:55] [WARN] ⚠️ DRY-RUN 모드: 실제 변경 없음[0m

[0;34m[2026-04-29 18:00:55] [INFO] === 사전 检查 시작 ===[0m
[0;34m[2026-04-29 18:00:55] [INFO] === 로컬 변경사항 检查 ===[0m
[1;33m[2026-04-29 18:00:55] [WARN] 로컬에 저장되지 않은 변경사항 있음[0m
 M "06-Wiki-\354\213\234\354\212\244\355\205\234/Logs/2026-04-28-sync.log"
 M "06-Wiki-\354\213\234\354\212\244\355\205\234/Wiki/2026-04-27-\354\204\270\354\205\230-\354\271\264\355\214\214\354\213\234-\354\234\204\355\202\244-\353\260\251\354\213\235-\354\204\244\354\240\225.md"
 M "06-Wiki-\354\213\234\354\212\244\355\205\234/Wiki/\354\235\270\353\215\261\354\212\244.md"
?? "06-Wiki-\354\213\234\354\212\244\355\205\234/Archived/2026-04/2026-04-28-OpenCode-Hermes-\354\227\260\353\217\231-\352\262\200\355\206\240.md"
?? "06-Wiki-\354\213\234\354\212\244\355\205\234/Logs/2026-04-29-sync.log"
?? "06-Wiki-\354\213\234\354\212\244\355\205\234/Logs/2026-04-29-\354\235\270\354\240\234\354\212\244\355\212\270.log"
?? "06-Wiki-\354\213\234\354\212\244\355\205\234/Wiki/2026-04-29-OpenCode-Hermes-\354\227\260\353\217\231-\352\262\200\355\206\240.md"
?? "06-Wiki-\354\213\234\354\212\244\355\205\234/Wiki/\352\260\234\353\205\220/OpenCode-Hermes-\354\227\260\353\217\231.md"
?? "06-Wiki-\354\213\234\354\212\244\355\205\234/Wiki/\355\202\244\354\233\200-API-\354\235\270\354\246\235-\354\204\244\354\240\225.md"
[1;33m[2026-04-29 18:00:55] [WARN] Dry-run 모드: 계속 진행[0m

[0;34m[2026-04-29 18:00:55] [INFO] === GitHub에서 변경사항 가져오기 ===[0m
https://github.com/comage9/obsidian-vault URL에서
 * branch            main       -> FETCH_HEAD
[0;34m[2026-04-29 18:00:55] [INFO] 로컬:  8eb51025d015b82b2f7f76ef59e59dc9a1e23f5e[0m
[0;34m[2026-04-29 18:00:55] [INFO] 원격:  8eb51025d015b82b2f7f76ef59e59dc9a1e23f5e[0m
[0;32m[2026-04-29 18:00:55] [OK] 동기화 상태 - 변경사항 없음 ✓[0m

[0;34m[2026-04-29 18:00:55] [INFO] 동기화 종료[0m
