
[0;34m[2026-05-02 00:00:47] [INFO] ==========================================[0m
[0;34m[2026-05-02 00:00:47] [INFO]   GitHub Wiki AI Sync 시작[0m
[0;34m[2026-05-02 00:00:47] [INFO] ==========================================[0m

[1;33m[2026-05-02 00:00:47] [WARN] ⚠️ DRY-RUN 모드: 실제 변경 없음[0m

[0;34m[2026-05-02 00:00:47] [INFO] === 사전 检查 시작 ===[0m
[0;34m[2026-05-02 00:00:47] [INFO] === 로컬 변경사항 检查 ===[0m
[1;33m[2026-05-02 00:00:47] [WARN] 로컬에 저장되지 않은 변경사항 있음[0m
 M "06-Wiki-\354\213\234\354\212\244\355\205\234/Logs/2026-04-30-sync.log"
 D "06-Wiki-\354\213\234\354\212\244\355\205\234/Raw/\354\203\235\354\202\260-\352\263\204\355\232\215-\353\251\224\353\252\250-20260430.md"
 M "06-Wiki-\354\213\234\354\212\244\355\205\234/Wiki/2026-04-29-OpenCode-Hermes-\354\227\260\353\217\231-\352\262\200\355\206\240.md"
 M "06-Wiki-\354\213\234\354\212\244\355\205\234/Wiki/\354\235\270\353\215\261\354\212\244.md"
?? "06-Wiki-\354\213\234\354\212\244\355\205\234/Archived/2026-05/"
?? "06-Wiki-\354\213\234\354\212\244\355\205\234/Logs/2026-05-01-lint.log"
?? "06-Wiki-\354\213\234\354\212\244\355\205\234/Logs/2026-05-01-sync.log"
?? "06-Wiki-\354\213\234\354\212\244\355\205\234/Logs/2026-05-01-\354\235\270\354\240\234\354\212\244\355\212\270.log"
?? "06-Wiki-\354\213\234\354\212\244\355\205\234/Logs/2026-05-02-sync.log"
?? "06-Wiki-\354\213\234\354\212\244\355\205\234/Wiki/2026-05-01-\354\203\235\354\202\260-\352\263\204\355\232\215-\353\251\224\353\252\250-20260430.md"
[1;33m[2026-05-02 00:00:47] [WARN] Dry-run 모드: 계속 진행[0m

[0;34m[2026-05-02 00:00:47] [INFO] === GitHub에서 변경사항 가져오기 ===[0m
https://github.com/comage9/obsidian-vault URL에서
 * branch            main       -> FETCH_HEAD
[0;34m[2026-05-02 00:00:47] [INFO] 로컬:  da2c91c106b06629b3d17f899cb7602793a5e13b[0m
[0;34m[2026-05-02 00:00:47] [INFO] 원격:  da2c91c106b06629b3d17f899cb7602793a5e13b[0m
[0;32m[2026-05-02 00:00:47] [OK] 동기화 상태 - 변경사항 없음 ✓[0m

[0;34m[2026-05-02 00:00:47] [INFO] 동기화 종료[0m

[0;34m[2026-05-02 01:00:22] [INFO] ==========================================[0m
[0;34m[2026-05-02 01:00:22] [INFO]   GitHub Wiki AI Sync 시작[0m
[0;34m[2026-05-02 01:00:22] [INFO] ==========================================[0m

[1;33m[2026-05-02 01:00:22] [WARN] ⚠️ DRY-RUN 모드: 실제 변경 없음[0m

[0;34m[2026-05-02 01:00:22] [INFO] === 사전 检查 시작 ===[0m
[0;34m[2026-05-02 01:00:22] [INFO] === 로컬 변경사항 检查 ===[0m
[1;33m[2026-05-02 01:00:22] [WARN] 로컬에 저장되지 않은 변경사항 있음[0m
 M "06-Wiki-\354\213\234\354\212\244\355\205\234/Logs/2026-04-30-sync.log"
 D "06-Wiki-\354\213\234\354\212\244\355\205\234/Raw/\354\203\235\354\202\260-\352\263\204\355\232\215-\353\251\224\353\252\250-20260430.md"
 M "06-Wiki-\354\213\234\354\212\244\355\205\234/Wiki/2026-04-29-OpenCode-Hermes-\354\227\260\353\217\231-\352\262\200\355\206\240.md"
 M "06-Wiki-\354\213\234\354\212\244\355\205\234/Wiki/\354\235\270\353\215\261\354\212\244.md"
?? "06-Wiki-\354\213\234\354\212\244\355\205\234/Archived/2026-05/"
?? "06-Wiki-\354\213\234\354\212\244\355\205\234/Logs/2026-05-01-lint.log"
?? "06-Wiki-\354\213\234\354\212\244\355\205\234/Logs/2026-05-01-sync.log"
?? "06-Wiki-\354\213\234\354\212\244\355\205\234/Logs/2026-05-01-\354\235\270\354\240\234\354\212\244\355\212\270.log"
?? "06-Wiki-\354\213\234\354\212\244\355\205\234/Logs/2026-05-02-sync.log"
?? "06-Wiki-\354\213\234\354\212\244\355\205\234/Wiki/2026-05-01-\354\203\235\354\202\260-\352\263\204\355\232\215-\353\251\224\353\252\250-20260430.md"
[1;33m[2026-05-02 01:00:22] [WARN] Dry-run 모드: 계속 진행[0m

[0;34m[2026-05-02 01:00:22] [INFO] === GitHub에서 변경사항 가져오기 ===[0m
https://github.com/comage9/obsidian-vault URL에서
 * branch            main       -> FETCH_HEAD
[0;34m[2026-05-02 01:00:22] [INFO] 로컬:  da2c91c106b06629b3d17f899cb7602793a5e13b[0m
[0;34m[2026-05-02 01:00:22] [INFO] 원격:  da2c91c106b06629b3d17f899cb7602793a5e13b[0m
[0;32m[2026-05-02 01:00:22] [OK] 동기화 상태 - 변경사항 없음 ✓[0m

[0;34m[2026-05-02 01:00:22] [INFO] 동기화 종료[0m

[0;34m[2026-05-02 02:00:48] [INFO] ==========================================[0m
[0;34m[2026-05-02 02:00:48] [INFO]   GitHub Wiki AI Sync 시작[0m
[0;34m[2026-05-02 02:00:48] [INFO] ==========================================[0m

[1;33m[2026-05-02 02:00:48] [WARN] ⚠️ DRY-RUN 모드: 실제 변경 없음[0m

[0;34m[2026-05-02 02:00:48] [INFO] === 사전 检查 시작 ===[0m
[0;34m[2026-05-02 02:00:48] [INFO] === 로컬 변경사항 检查 ===[0m
[1;33m[2026-05-02 02:00:48] [WARN] 로컬에 저장되지 않은 변경사항 있음[0m
 M "06-Wiki-\354\213\234\354\212\244\355\205\234/Logs/2026-04-30-sync.log"
 D "06-Wiki-\354\213\234\354\212\244\355\205\234/Raw/\354\203\235\354\202\260-\352\263\204\355\232\215-\353\251\224\353\252\250-20260430.md"
 M "06-Wiki-\354\213\234\354\212\244\355\205\234/Wiki/2026-04-29-OpenCode-Hermes-\354\227\260\353\217\231-\352\262\200\355\206\240.md"
 M "06-Wiki-\354\213\234\354\212\244\355\205\234/Wiki/\354\235\270\353\215\261\354\212\244.md"
?? "06-Wiki-\354\213\234\354\212\244\355\205\234/Archived/2026-05/"
?? "06-Wiki-\354\213\234\354\212\244\355\205\234/Logs/2026-05-01-lint.log"
?? "06-Wiki-\354\213\234\354\212\244\355\205\234/Logs/2026-05-01-sync.log"
?? "06-Wiki-\354\213\234\354\212\244\355\205\234/Logs/2026-05-01-\354\235\270\354\240\234\354\212\244\355\212\270.log"
?? "06-Wiki-\354\213\234\354\212\244\355\205\234/Logs/2026-05-02-sync.log"
?? "06-Wiki-\354\213\234\354\212\244\355\205\234/Wiki/2026-05-01-\354\203\235\354\202\260-\352\263\204\355\232\215-\353\251\224\353\252\250-20260430.md"
[1;33m[2026-05-02 02:00:48] [WARN] Dry-run 모드: 계속 진행[0m

[0;34m[2026-05-02 02:00:48] [INFO] === GitHub에서 변경사항 가져오기 ===[0m
https://github.com/comage9/obsidian-vault URL에서
 * branch            main       -> FETCH_HEAD
[0;34m[2026-05-02 02:00:48] [INFO] 로컬:  da2c91c106b06629b3d17f899cb7602793a5e13b[0m
[0;34m[2026-05-02 02:00:48] [INFO] 원격:  da2c91c106b06629b3d17f899cb7602793a5e13b[0m
[0;32m[2026-05-02 02:00:48] [OK] 동기화 상태 - 변경사항 없음 ✓[0m

[0;34m[2026-05-02 02:00:48] [INFO] 동기화 종료[0m
